#
# There is insufficient memory for the Java Runtime Environment to continue.
# Native memory allocation (malloc) failed to allocate 2048 bytes for AllocateHeap
# Possible reasons:
#   The system is out of physical RAM or swap space
#   In 32 bit mode, the process size limit was hit
# Possible solutions:
#   Reduce memory load on the system
#   Increase physical memory or swap space
#   Check if swap backing store is full
#   Use 64 bit Java on a 64 bit OS
#   Decrease Java heap size (-Xmx/-Xms)
#   Decrease number of Java threads
#   Decrease Java thread stack sizes (-Xss)
#   Set larger code cache with -XX:ReservedCodeCacheSize=
# This output file may be truncated or incomplete.
#
#  Out of Memory Error (memory/allocation.inline.hpp:61), pid=12536, tid=0x0000000000003194
#
# JRE version: Java(TM) SE Runtime Environment (8.0_181-b13) (build 1.8.0_181-b13)
# Java VM: Java HotSpot(TM) 64-Bit Server VM (25.181-b13 mixed mode windows-amd64 compressed oops)
# Failed to write core dump. Minidumps are not enabled by default on client versions of Windows
#

---------------  T H R E A D  ---------------

Current thread (0x000000000242c000):  JavaThread "main" [_thread_in_vm, id=12692, stack(0x0000000002660000,0x0000000002760000)]

Stack: [0x0000000002660000,0x0000000002760000]
[error occurred during error reporting (printing stack bounds), id 0xc0000005]

Native frames: (J=compiled Java code, j=interpreted, Vv=VM code, C=native code)

Java frames: (J=compiled Java code, j=interpreted, Vv=VM code)
j  java.lang.ClassLoader.findBootstrapClass(Ljava/lang/String;)Ljava/lang/Class;+0
J 273 C1 java.lang.ClassLoader.loadClass(Ljava/lang/String;Z)Ljava/lang/Class; (122 bytes) @ 0x0000000002a4968c [0x0000000002a48e60+0x82c]
j  java.lang.ClassLoader.loadClass(Ljava/lang/String;)Ljava/lang/Class;+3
j  java.util.ResourceBundle$RBClassLoader.loadClass(Ljava/lang/String;)Ljava/lang/Class;+10
j  java.util.ResourceBundle$Control.newBundle(Ljava/lang/String;Ljava/util/Locale;Ljava/lang/String;Ljava/lang/ClassLoader;Z)Ljava/util/ResourceBundle;+24
j  java.util.ResourceBundle.loadBundle(Ljava/util/ResourceBundle$CacheKey;Ljava/util/List;Ljava/util/ResourceBundle$Control;Z)Ljava/util/ResourceBundle;+54
j  java.util.ResourceBundle.findBundle(Ljava/util/ResourceBundle$CacheKey;Ljava/util/List;Ljava/util/List;ILjava/util/ResourceBundle$Control;Ljava/util/ResourceBundle;)Ljava/util/ResourceBundle;+213
j  java.util.ResourceBundle.getBundleImpl(Ljava/lang/String;Ljava/util/Locale;Ljava/lang/ClassLoader;Ljava/util/ResourceBundle$Control;)Ljava/util/ResourceBundle;+187
j  java.util.ResourceBundle.getBundle(Ljava/lang/String;Ljava/util/Locale;Ljava/util/ResourceBundle$Control;)Ljava/util/ResourceBundle;+9
j  sun.util.resources.LocaleData$1.run()Ljava/util/ResourceBundle;+11
j  sun.util.resources.LocaleData$1.run()Ljava/lang/Object;+1
v  ~StubRoutines::call_stub
j  java.security.AccessController.doPrivileged(Ljava/security/PrivilegedAction;)Ljava/lang/Object;+0
j  sun.util.resources.LocaleData.getBundle(Ljava/lang/String;Ljava/util/Locale;)Ljava/util/ResourceBundle;+9
j  sun.util.resources.LocaleData.getTimeZoneNames(Ljava/util/Locale;)Lsun/util/resources/TimeZoneNamesBundle;+26
j  sun.util.locale.provider.LocaleResources.getTimeZoneNames(Ljava/lang/String;)[Ljava/lang/String;+76
j  sun.util.locale.provider.TimeZoneNameProviderImpl.getDisplayNameArray(Ljava/lang/String;Ljava/util/Locale;)[Ljava/lang/String;+22
j  sun.util.locale.provider.TimeZoneNameProviderImpl.getDisplayName(Ljava/lang/String;ZILjava/util/Locale;)Ljava/lang/String;+4
j  sun.util.locale.provider.TimeZoneNameUtility$TimeZoneNameGetter.getName(Ljava/util/spi/TimeZoneNameProvider;Ljava/util/Locale;Ljava/lang/String;ILjava/lang/String;)Ljava/lang/String;+126
j  sun.util.locale.provider.TimeZoneNameUtility$TimeZoneNameGetter.getObject(Ljava/util/spi/TimeZoneNameProvider;Ljava/util/Locale;Ljava/lang/String;[Ljava/lang/Object;)Ljava/lang/String;+49
j  sun.util.locale.provider.TimeZoneNameUtility$TimeZoneNameGetter.getObject(Ljava/util/spi/LocaleServiceProvider;Ljava/util/Locale;Ljava/lang/String;[Ljava/lang/Object;)Ljava/lang/Object;+9
j  sun.util.locale.provider.LocaleServiceProviderPool.getLocalizedObjectImpl(Lsun/util/locale/provider/LocaleServiceProviderPool$LocalizedObjectGetter;Ljava/util/Locale;ZLjava/lang/String;[Ljava/lang/Object;)Ljava/lang/Object;+40
j  sun.util.locale.provider.LocaleServiceProviderPool.getLocalizedObject(Lsun/util/locale/provider/LocaleServiceProviderPool$LocalizedObjectGetter;Ljava/util/Locale;Ljava/lang/String;[Ljava/lang/Object;)Ljava/lang/Object;+7
j  sun.util.locale.provider.TimeZoneNameUtility.retrieveDisplayNamesImpl(Ljava/lang/String;Ljava/util/Locale;)[Ljava/lang/String;+140
j  sun.util.locale.provider.TimeZoneNameUtility.retrieveDisplayName(Ljava/lang/String;ZILjava/util/Locale;)Ljava/lang/String;+2
j  java.util.TimeZone.getDisplayName(ZILjava/util/Locale;)Ljava/lang/String;+47
j  java.util.Date.toString()Ljava/lang/String;+150
j  java.lang.String.valueOf(Ljava/lang/Object;)Ljava/lang/String;+10
j  java.lang.StringBuilder.append(Ljava/lang/Object;)Ljava/lang/StringBuilder;+2
j  org.springframework.context.support.AbstractApplicationContext.toString()Ljava/lang/String;+30
j  java.lang.String.valueOf(Ljava/lang/Object;)Ljava/lang/String;+10
j  java.lang.StringBuilder.append(Ljava/lang/Object;)Ljava/lang/StringBuilder;+2
j  org.springframework.context.support.AbstractApplicationContext.prepareRefresh()V+53
j  org.springframework.context.support.AbstractApplicationContext.refresh()V+8
j  org.springframework.context.support.ClassPathXmlApplicationContext.<init>([Ljava/lang/String;ZLorg/springframework/context/ApplicationContext;)V+15
j  org.springframework.context.support.ClassPathXmlApplicationContext.<init>([Ljava/lang/String;)V+4
j  day101901J2EE22spring01.Test4.main([Ljava/lang/String;)V+13
v  ~StubRoutines::call_stub

---------------  P R O C E S S  ---------------

Java Threads: ( => current thread )
  0x000000001b3aa000 JavaThread "Service Thread" daemon [_thread_blocked, id=7072, stack(0x000000001c130000,0x000000001c230000)]
  0x000000001b3d4000 JavaThread "C1 CompilerThread2" daemon [_thread_blocked, id=3148, stack(0x000000001ba50000,0x000000001bb50000)]
  0x000000001b3d3000 JavaThread "C2 CompilerThread1" daemon [_thread_blocked, id=1796, stack(0x000000001bfb0000,0x000000001c0b0000)]
  0x000000001b426000 JavaThread "C2 CompilerThread0" daemon [_thread_blocked, id=6500, stack(0x000000001be50000,0x000000001bf50000)]
  0x000000001b0cd800 JavaThread "JDWP Event Helper Thread" daemon [_thread_blocked, id=13136, stack(0x000000001bc90000,0x000000001bd90000)]
  0x000000001b0b7000 JavaThread "Attach Listener" daemon [_thread_blocked, id=12888, stack(0x000000001abc0000,0x000000001acc0000)]
  0x0000000019cb5000 JavaThread "Signal Dispatcher" daemon [_thread_blocked, id=12884, stack(0x000000001b5b0000,0x000000001b6b0000)]
  0x0000000019c9f000 JavaThread "Finalizer" daemon [_thread_blocked, id=12872, stack(0x000000001afa0000,0x000000001b0a0000)]
  0x0000000019c56000 JavaThread "Reference Handler" daemon [_thread_blocked, id=12856, stack(0x000000001ae90000,0x000000001af90000)]
=>0x000000000242c000 JavaThread "main" [_thread_in_vm, id=12692, stack(0x0000000002660000,0x0000000002760000)]

Other Threads:
  0x0000000019c4e800 VMThread [stack: 0x000000001ad60000,0x000000001ae60000] [id=12844]
  0x000000001b41d000 WatcherThread [stack: 0x000000001c280000,0x000000001c380000] [id=12300]

VM state:not at safepoint (normal execution)

VM Mutex/Monitor currently owned by a thread:  ([mutex/lock_event])
[0x00000000024299b0] PackageTable_lock - owner thread: 0x000000000242c000

Heap:
 PSYoungGen      total 57344K, used 15782K [0x0000000780900000, 0x0000000784900000, 0x00000007c0000000)
  eden space 49152K, 32% used [0x0000000780900000,0x0000000781869b68,0x0000000783900000)
  from space 8192K, 0% used [0x0000000784100000,0x0000000784100000,0x0000000784900000)
  to   space 8192K, 0% used [0x0000000783900000,0x0000000783900000,0x0000000784100000)
 ParOldGen       total 131072K, used 0K [0x0000000701a00000, 0x0000000709a00000, 0x0000000780900000)
  object space 131072K, 0% used [0x0000000701a00000,0x0000000701a00000,0x0000000709a00000)
 Metaspace       used 6168K, capacity 6258K, committed 6400K, reserved 1056768K
  class space    used 679K, capacity 721K, committed 768K, reserved 1048576K

Card table byte_map: [0x0000000011c20000,0x0000000012220000] byte_map_base: 0x000000000e413000

Marking Bits: (ParMarkBitMap*) 0x0000000060432d00
 Begin Bits: [0x0000000012d90000, 0x0000000015d28000)
 End Bits:   [0x0000000015d28000, 0x0000000018cc0000)

Polling page: 0x0000000000220000

CodeCache: size=245760Kb used=2169Kb max_used=2169Kb free=243590Kb
 bounds [0x0000000002860000, 0x0000000002ad0000, 0x0000000011860000]
 total_blobs=605 nmethods=315 adapters=211
 compilation: enabled

Compilation events (10 events):
Event: 29.651 Thread 0x000000001b3d4000  319       3       java.io.DataInputStream::readUTF (5 bytes)
Event: 29.651 Thread 0x000000001b3d4000 nmethod 319 0x0000000002a7dc90 code [0x0000000002a7de00, 0x0000000002a7df88]
Event: 29.651 Thread 0x000000001b3d4000  320       3       java.io.DataInputStream::readUnsignedShort (39 bytes)
Event: 29.651 Thread 0x000000001b3d4000 nmethod 320 0x0000000002a7e010 code [0x0000000002a7e1a0, 0x0000000002a7e568]
Event: 30.996 Thread 0x000000001b3d4000  324       3       java.util.AbstractCollection::<init> (5 bytes)
Event: 30.996 Thread 0x000000001b3d4000 nmethod 324 0x0000000002a7e950 code [0x0000000002a7eaa0, 0x0000000002a7ec50]
Event: 36.927 Thread 0x000000001b3d4000  325       3       sun.util.locale.LocaleUtils::isUpper (18 bytes)
Event: 36.927 Thread 0x000000001b3d4000 nmethod 325 0x0000000002a7ed10 code [0x0000000002a7ee60, 0x0000000002a7f030]
Event: 36.928 Thread 0x000000001b3d4000  326       1       sun.util.locale.BaseLocale::getLanguage (5 bytes)
Event: 36.928 Thread 0x000000001b3d4000 nmethod 326 0x0000000002a7f090 code [0x0000000002a7f1e0, 0x0000000002a7f2f0]

GC Heap History (0 events):
No events

Deoptimization events (0 events):
No events

Classes redefined (0 events):
No events

Internal exceptions (6 events):
Event: 0.263 Thread 0x000000000242c000 Exception <a 'java/lang/NoSuchMethodError': Method sun.misc.Unsafe.defineClass(Ljava/lang/String;[BII)Ljava/lang/Class; name or signature does not match> (0x0000000780907cb0) thrown at [C:\re\workspace\8-2-build-windows-amd64-cygwin\jdk8u181\11358\hotspot
Event: 0.263 Thread 0x000000000242c000 Exception <a 'java/lang/NoSuchMethodError': Method sun.misc.Unsafe.prefetchRead(Ljava/lang/Object;J)V name or signature does not match> (0x0000000780907f98) thrown at [C:\re\workspace\8-2-build-windows-amd64-cygwin\jdk8u181\11358\hotspot\src\share\vm\prim
Event: 24.298 Thread 0x000000000242c000 Exception <a 'java/security/PrivilegedActionException'> (0x00000007813dc5d0) thrown at [C:\re\workspace\8-2-build-windows-amd64-cygwin\jdk8u181\11358\hotspot\src\share\vm\prims\jvm.cpp, line 1435]
Event: 24.298 Thread 0x000000000242c000 Exception <a 'java/security/PrivilegedActionException'> (0x00000007813dc7e0) thrown at [C:\re\workspace\8-2-build-windows-amd64-cygwin\jdk8u181\11358\hotspot\src\share\vm\prims\jvm.cpp, line 1435]
Event: 24.299 Thread 0x000000000242c000 Exception <a 'java/security/PrivilegedActionException'> (0x00000007813e0450) thrown at [C:\re\workspace\8-2-build-windows-amd64-cygwin\jdk8u181\11358\hotspot\src\share\vm\prims\jvm.cpp, line 1435]
Event: 24.299 Thread 0x000000000242c000 Exception <a 'java/security/PrivilegedActionException'> (0x00000007813e0660) thrown at [C:\re\workspace\8-2-build-windows-amd64-cygwin\jdk8u181\11358\hotspot\src\share\vm\prims\jvm.cpp, line 1435]

Events (10 events):
Event: 36.928 loading class java/util/Collections$EmptyIterator done
Event: 36.928 loading class sun/util/resources/TimeZoneNames
Event: 36.928 loading class sun/util/resources/TimeZoneNamesBundle
Event: 36.928 loading class sun/util/resources/OpenListResourceBundle
Event: 36.928 loading class sun/util/resources/OpenListResourceBundle done
Event: 36.928 loading class sun/util/resources/TimeZoneNamesBundle done
Event: 36.928 loading class sun/util/resources/TimeZoneNames done
Event: 36.929 loading class java/util/ResourceBundle$BundleReference
Event: 36.929 loading class java/util/ResourceBundle$BundleReference done
Event: 36.929 loading class sun/util/resources/en/TimeZoneNames_en


Dynamic libraries:
0x000000013f8a0000 - 0x000000013f8d7000 	C:\Program Files\Java\jre1.8.0_181\bin\javaw.exe
0x0000000077450000 - 0x00000000775ef000 	C:\Windows\SYSTEM32\ntdll.dll
0x0000000077330000 - 0x000000007744f000 	C:\Windows\system32\kernel32.dll
0x000007fefd2a0000 - 0x000007fefd307000 	C:\Windows\system32\KERNELBASE.dll
0x000007fefee90000 - 0x000007fefef6b000 	C:\Windows\system32\ADVAPI32.dll
0x000007fefd640000 - 0x000007fefd6df000 	C:\Windows\system32\msvcrt.dll
0x000007feff600000 - 0x000007feff61f000 	C:\Windows\SYSTEM32\sechost.dll
0x000007fefdac0000 - 0x000007fefdbec000 	C:\Windows\system32\RPCRT4.dll
0x0000000077230000 - 0x000000007732a000 	C:\Windows\system32\USER32.dll
0x000007fefd970000 - 0x000007fefd9d7000 	C:\Windows\system32\GDI32.dll
0x000007feff1b0000 - 0x000007feff1be000 	C:\Windows\system32\LPK.dll
0x000007feff1c0000 - 0x000007feff28b000 	C:\Windows\system32\USP10.dll
0x000007fefb970000 - 0x000007fefbb65000 	C:\Windows\WinSxS\amd64_microsoft.windows.common-controls_6595b64144ccf1df_6.0.7601.24483_none_e372d88f30fbb845\COMCTL32.dll
0x000007feff620000 - 0x000007feff691000 	C:\Windows\system32\SHLWAPI.dll
0x000007fefdc10000 - 0x000007fefdc3e000 	C:\Windows\system32\IMM32.DLL
0x000007feff2e0000 - 0x000007feff3eb000 	C:\Windows\system32\MSCTF.dll
0x000007fefd1c0000 - 0x000007fefd1f0000 	C:\Windows\system32\nvinitx.dll
0x000007fefd1b0000 - 0x000007fefd1bc000 	C:\Windows\system32\VERSION.dll
0x0000000073c70000 - 0x0000000073c76000 	C:\Program Files\NVIDIA Corporation\CoProcManager\detoured.dll
0x000007fef9d70000 - 0x000007fef9da8000 	C:\Program Files\NVIDIA Corporation\CoProcManager\nvd3d9wrapx.dll
0x000007fefefd0000 - 0x000007feff1a7000 	C:\Windows\system32\SETUPAPI.dll
0x000007fefd570000 - 0x000007fefd5a6000 	C:\Windows\system32\CFGMGR32.dll
0x000007fefd9e0000 - 0x000007fefdabb000 	C:\Windows\system32\OLEAUT32.dll
0x000007fefdc40000 - 0x000007fefde3f000 	C:\Windows\system32\ole32.dll
0x000007fefd5c0000 - 0x000007fefd5da000 	C:\Windows\system32\DEVOBJ.dll
0x000007fef9d30000 - 0x000007fef9d54000 	C:\Program Files\NVIDIA Corporation\CoProcManager\nvdxgiwrapx.dll
0x000000005f6f0000 - 0x000000005f7c2000 	C:\Program Files\Java\jre1.8.0_181\bin\msvcr100.dll
0x000000005fc10000 - 0x00000000604b2000 	C:\Program Files\Java\jre1.8.0_181\bin\server\jvm.dll
0x000007fef3470000 - 0x000007fef3479000 	C:\Windows\system32\WSOCK32.dll
0x000007feff290000 - 0x000007feff2dd000 	C:\Windows\system32\WS2_32.dll
0x000007fefe070000 - 0x000007fefe078000 	C:\Windows\system32\NSI.dll
0x000007fef9210000 - 0x000007fef924b000 	C:\Windows\system32\WINMM.dll
0x0000000077600000 - 0x0000000077607000 	C:\Windows\system32\PSAPI.DLL
0x000000005fb20000 - 0x000000005fb2f000 	C:\Program Files\Java\jre1.8.0_181\bin\verify.dll
0x000000005faf0000 - 0x000000005fb19000 	C:\Program Files\Java\jre1.8.0_181\bin\java.dll
0x000000006c0a0000 - 0x000000006c0d5000 	C:\Program Files\Java\jre1.8.0_181\bin\jdwp.dll
0x000000006c2e0000 - 0x000000006c2e8000 	C:\Program Files\Java\jre1.8.0_181\bin\npt.dll
0x000000006b5f0000 - 0x000000006b613000 	C:\Program Files\Java\jre1.8.0_181\bin\instrument.dll
0x000000005fad0000 - 0x000000005fae6000 	C:\Program Files\Java\jre1.8.0_181\bin\zip.dll
0x000007fefe080000 - 0x000007fefee0b000 	C:\Windows\system32\SHELL32.dll
0x0000000002300000 - 0x000000000230f000 	C:\Windows\system32\profapi.dll
0x000000006c070000 - 0x000000006c079000 	C:\Program Files\Java\jre1.8.0_181\bin\dt_socket.dll
0x000007fefaf90000 - 0x000007fefafa5000 	C:\Windows\system32\NLAapi.dll
0x000007fef90d0000 - 0x000007fef90e5000 	C:\Windows\system32\napinsp.dll
0x000007fef4880000 - 0x000007fef4899000 	C:\Windows\system32\pnrpnsp.dll
0x000007fefc690000 - 0x000007fefc6e5000 	C:\Windows\System32\mswsock.dll
0x000007fefc510000 - 0x000007fefc56b000 	C:\Windows\system32\DNSAPI.dll
0x000007fef4740000 - 0x000007fef474b000 	C:\Windows\System32\winrnr.dll
0x000007fef44e0000 - 0x000007fef44f0000 	C:\Windows\system32\wshbth.dll
0x000007fefac60000 - 0x000007fefac87000 	C:\Windows\system32\IPHLPAPI.DLL
0x000007fefac10000 - 0x000007fefac1b000 	C:\Windows\system32\WINNSI.DLL
0x000007fefaa10000 - 0x000007fefaa63000 	C:\Windows\System32\fwpuclnt.dll
0x000007fef8820000 - 0x000007fef8828000 	C:\Windows\system32\rasadhlp.dll
0x000007fefca90000 - 0x000007fefca97000 	C:\Windows\System32\wshtcpip.dll

VM Arguments:
jvm_args: -agentlib:jdwp=transport=dt_socket,suspend=y,address=localhost:60194 -Djava.util.concurrent.ForkJoinPool.common.parallelism=100 -javaagent:C:\Users\Administrator\Desktop\Java 养成\eclipse\configuration\org.eclipse.osgi\418\0\.cp\lib\javaagent-shaded.jar -Dfile.encoding=UTF-8 
java_command: day101901J2EE22spring01.Test4
java_class_path (initial): C:\Program Files\Java\jre1.8.0_181\lib\resources.jar;C:\Program Files\Java\jre1.8.0_181\lib\rt.jar;C:\Program Files\Java\jre1.8.0_181\lib\jsse.jar;C:\Program Files\Java\jre1.8.0_181\lib\jce.jar;C:\Program Files\Java\jre1.8.0_181\lib\charsets.jar;C:\Program Files\Java\jre1.8.0_181\lib\jfr.jar;C:\Program Files\Java\jre1.8.0_181\lib\ext\access-bridge-64.jar;C:\Program Files\Java\jre1.8.0_181\lib\ext\cldrdata.jar;C:\Program Files\Java\jre1.8.0_181\lib\ext\dnsns.jar;C:\Program Files\Java\jre1.8.0_181\lib\ext\jaccess.jar;C:\Program Files\Java\jre1.8.0_181\lib\ext\jfxrt.jar;C:\Program Files\Java\jre1.8.0_181\lib\ext\localedata.jar;C:\Program Files\Java\jre1.8.0_181\lib\ext\nashorn.jar;C:\Program Files\Java\jre1.8.0_181\lib\ext\sunec.jar;C:\Program Files\Java\jre1.8.0_181\lib\ext\sunjce_provider.jar;C:\Program Files\Java\jre1.8.0_181\lib\ext\sunmscapi.jar;C:\Program Files\Java\jre1.8.0_181\lib\ext\sunpkcs11.jar;C:\Program Files\Java\jre1.8.0_181\lib\ext\zipfs.jar;C:\Users\Administrator\eclipse-workspace\java02TZYweb\build\classes;C:\Users\Administrator\eclipse-workspace\java02TZYweb\WebContent\WEB-INF\lib\commons-logging-1.0.4.jar;C:\Users\Administrator\eclipse-workspace\java02TZYweb\WebContent\WEB-INF\lib\fastjson-1.2.62.jar;C:\Users\Administrator\eclipse-workspace\java02TZYweb\WebContent\WEB-INF\lib\jedis-2.9.0.jar;C:\Users\Administrator\eclipse-workspace\java02TZYweb\WebContent\WEB-INF\lib\jstl-1.2.jar;C:\Users\Administrator\eclipse-workspace\java02TZYweb\WebContent\WEB-INF\lib\mybatis-3.4.6.jar;C:\Users\Administrator\eclipse-workspace\java02TZYweb\WebContent\WEB-INF\lib\mysql-connector-java-5.1.44-bin.jar;C:\Users\Administrator\eclipse-workspace\java02TZYweb\WebContent\WEB-INF\lib\spring-aop-4.3.10.RELEASE.jar;C:\Users\Administrator\eclipse-workspace\java02TZYweb\WebContent\WEB-INF\lib\spring-beans-4.3.10.RELEASE.jar;C:\Users\Administrator\eclipse-workspace\java02TZYweb\WebContent\WEB-INF\lib\spring-context-4.3.10.RELEASE.jar;C:\Users\Admini
Launcher Type: SUN_STANDARD

Environment Variables:
JAVA_HOME=C:\Program Files\Java\jdk1.8.0_181
PATH=C:/Program Files/Java/jre1.8.0_181/bin/server;C:/Program Files/Java/jre1.8.0_181/bin;C:/Program Files/Java/jre1.8.0_181/lib/amd64;C:\Program Files (x86)\Common Files\Oracle\Java\javapath;C:\WINDOWS\SYSTEM32;C:\WINDOWS;C:\WINDOWS\SYSTEM32\WBEM;C:\WINDOWS\SYSTEM32\WINDOWSPOWERSHELL\V1.0\;C:\PROGRAM FILES (X86)\NVIDIA CORPORATION\PHYSX\COMMON;C:\Program Files\Git\cmd;C:\Program Files (x86)\nodejs\;C:\Program Files\Java\jdk1.8.0_181\bin;C:\Program Files (x86)\MySQL\MySQL Server 5.5\bin;C:\Users\Administrator\AppData\Roaming\npm;C:\Users\Administrator\Desktop\Java 养成\eclipse;
USERNAME=Administrator
OS=Windows_NT
PROCESSOR_IDENTIFIER=Intel64 Family 6 Model 60 Stepping 3, GenuineIntel



---------------  S Y S T E M  ---------------

OS: Windows 7 , 64 bit Build 7601 (6.1.7601.24535)

CPU:total 4 (initial active 4) (2 cores per cpu, 2 threads per core) family 6 model 60 stepping 3, cmov, cx8, fxsr, mmx, sse, sse2, sse3, ssse3, sse4.1, sse4.2, popcnt, avx, avx2, aes, clmul, erms, lzcnt, ht, tsc, tscinvbit, bmi1, bmi2

Memory: 4k page, physical 12469304k(5516796k free), swap 49875316k(45528k free)

vm_info: Java HotSpot(TM) 64-Bit Server VM (25.181-b13) for windows-amd64 JRE (1.8.0_181-b13), built on Jul  7 2018 04:01:33 by "java_re" with MS VC++ 10.0 (VS2010)

time: Wed Oct 20 00:36:27 2021
elapsed time: 37 seconds (0d 0h 0m 37s)

