#
# There is insufficient memory for the Java Runtime Environment to continue.
# Native memory allocation (malloc) failed to allocate 34736 bytes for Chunk::new
# Possible reasons:
#   The system is out of physical RAM or swap space
#   In 32 bit mode, the process size limit was hit
# Possible solutions:
#   Reduce memory load on the system
#   Increase physical memory or swap space
#   Check if swap backing store is full
#   Use 64 bit Java on a 64 bit OS
#   Decrease Java heap size (-Xmx/-Xms)
#   Decrease number of Java threads
#   Decrease Java thread stack sizes (-Xss)
#   Set larger code cache with -XX:ReservedCodeCacheSize=
# This output file may be truncated or incomplete.
#
#  Out of Memory Error (allocation.cpp:390), pid=12464, tid=0x0000000000000884
#
# JRE version: Java(TM) SE Runtime Environment (8.0_181-b13) (build 1.8.0_181-b13)
# Java VM: Java HotSpot(TM) 64-Bit Server VM (25.181-b13 mixed mode windows-amd64 compressed oops)
# Failed to write core dump. Minidumps are not enabled by default on client versions of Windows
#

---------------  T H R E A D  ---------------

Current thread (0x000000001b4c5000):  JavaThread "C2 CompilerThread1" daemon [_thread_in_native, id=2180, stack(0x000000001c230000,0x000000001c330000)]

Stack: [0x000000001c230000,0x000000001c330000]
[error occurred during error reporting (printing stack bounds), id 0xc0000005]

Native frames: (J=compiled Java code, j=interpreted, Vv=VM code, C=native code)


Current CompileTask:
C2:  37431  123       4       java.lang.String::equals (81 bytes)


---------------  P R O C E S S  ---------------

Java Threads: ( => current thread )
  0x000000001b4de000 JavaThread "Service Thread" daemon [_thread_blocked, id=12068, stack(0x000000001c530000,0x000000001c630000)]
  0x000000001b4c6000 JavaThread "C1 CompilerThread2" daemon [_thread_blocked, id=11920, stack(0x000000001c430000,0x000000001c530000)]
=>0x000000001b4c5000 JavaThread "C2 CompilerThread1" daemon [_thread_in_native, id=2180, stack(0x000000001c230000,0x000000001c330000)]
  0x000000001b536000 JavaThread "C2 CompilerThread0" daemon [_thread_blocked, id=19332, stack(0x000000001bb80000,0x000000001bc80000)]
  0x000000001b1bb800 JavaThread "JDWP Event Helper Thread" daemon [_thread_blocked, id=12964, stack(0x000000001bfd0000,0x000000001c0d0000)]
  0x000000001b1a4000 JavaThread "Attach Listener" daemon [_thread_blocked, id=12624, stack(0x000000001b6e0000,0x000000001b7e0000)]
  0x000000001b1a3800 JavaThread "Signal Dispatcher" daemon [_thread_blocked, id=12620, stack(0x000000001b5a0000,0x000000001b6a0000)]
  0x0000000019cfd000 JavaThread "Finalizer" daemon [_thread_blocked, id=12604, stack(0x000000001b090000,0x000000001b190000)]
  0x0000000019cb6000 JavaThread "Reference Handler" daemon [_thread_blocked, id=12596, stack(0x000000001ac10000,0x000000001ad10000)]
  0x000000000254c000 JavaThread "main" [_thread_in_native, id=12528, stack(0x0000000002780000,0x0000000002880000)]

Other Threads:
  0x0000000019cae800 VMThread [stack: 0x000000001add0000,0x000000001aed0000] [id=12576]
  0x000000001b473800 WatcherThread [stack: 0x000000001c330000,0x000000001c430000] [id=9944]

VM state:not at safepoint (normal execution)

VM Mutex/Monitor currently owned by a thread: None

Heap:
 PSYoungGen      total 57344K, used 8871K [0x0000000780900000, 0x0000000784900000, 0x00000007c0000000)
  eden space 49152K, 18% used [0x0000000780900000,0x00000007811a9de8,0x0000000783900000)
  from space 8192K, 0% used [0x0000000784100000,0x0000000784100000,0x0000000784900000)
  to   space 8192K, 0% used [0x0000000783900000,0x0000000783900000,0x0000000784100000)
 ParOldGen       total 131072K, used 0K [0x0000000701a00000, 0x0000000709a00000, 0x0000000780900000)
  object space 131072K, 0% used [0x0000000701a00000,0x0000000701a00000,0x0000000709a00000)
 Metaspace       used 4836K, capacity 4930K, committed 5248K, reserved 1056768K
  class space    used 519K, capacity 561K, committed 640K, reserved 1048576K

Card table byte_map: [0x0000000011c40000,0x0000000012240000] byte_map_base: 0x000000000e433000

Marking Bits: (ParMarkBitMap*) 0x0000000060432d00
 Begin Bits: [0x0000000012df0000, 0x0000000015d88000)
 End Bits:   [0x0000000015d88000, 0x0000000018d20000)

Polling page: 0x0000000000320000

CodeCache: size=245760Kb used=1385Kb max_used=1385Kb free=244374Kb
 bounds [0x0000000002880000, 0x0000000002af0000, 0x0000000011880000]
 total_blobs=407 nmethods=123 adapters=205
 compilation: enabled

Compilation events (10 events):
Event: 36.954 Thread 0x000000001b4c6000  117       3       java.util.LinkedHashMap::get (33 bytes)
Event: 36.954 Thread 0x000000001b4c6000 nmethod 117 0x00000000029d6dd0 code [0x00000000029d6f60, 0x00000000029d7468]
Event: 37.119 Thread 0x000000001b4c6000  119       3       org.eclipse.jdt.launching.internal.org.objectweb.asm.ClassReader::readUTF (161 bytes)
Event: 37.119 Thread 0x000000001b4c6000 nmethod 119 0x00000000029d7850 code [0x00000000029d79e0, 0x00000000029d7ea8]
Event: 37.119 Thread 0x000000001b4c6000  118       3       java.util.BitSet::get (69 bytes)
Event: 37.120 Thread 0x000000001b4c6000 nmethod 118 0x00000000029d8310 code [0x00000000029d8520, 0x00000000029d8f08]
Event: 37.339 Thread 0x000000001b4c6000  120       3       java.lang.ref.Finalizer::register (10 bytes)
Event: 37.339 Thread 0x000000001b4c5000  123       4       java.lang.String::equals (81 bytes)
Event: 37.339 Thread 0x000000001b4c6000 nmethod 120 0x00000000029d9410 code [0x00000000029d95a0, 0x00000000029d99e8]
Event: 37.339 Thread 0x000000001b4c6000  124       3       org.eclipse.jdt.launching.internal.org.objectweb.asm.ByteVector::putUTF8 (142 bytes)

GC Heap History (0 events):
No events

Deoptimization events (0 events):
No events

Classes redefined (0 events):
No events

Internal exceptions (2 events):
Event: 0.117 Thread 0x000000000254c000 Exception <a 'java/lang/NoSuchMethodError': Method sun.misc.Unsafe.defineClass(Ljava/lang/String;[BII)Ljava/lang/Class; name or signature does not match> (0x0000000780907cb0) thrown at [C:\re\workspace\8-2-build-windows-amd64-cygwin\jdk8u181\11358\hotspot
Event: 0.117 Thread 0x000000000254c000 Exception <a 'java/lang/NoSuchMethodError': Method sun.misc.Unsafe.prefetchRead(Ljava/lang/Object;J)V name or signature does not match> (0x0000000780907f98) thrown at [C:\re\workspace\8-2-build-windows-amd64-cygwin\jdk8u181\11358\hotspot\src\share\vm\prim

Events (10 events):
Event: 36.746 loading class org/springframework/beans/factory/ListableBeanFactory
Event: 36.746 loading class org/springframework/beans/factory/ListableBeanFactory done
Event: 36.757 Executing VM operation: EnableBiasedLocking
Event: 36.757 Executing VM operation: EnableBiasedLocking done
Event: 36.868 loading class org/springframework/beans/factory/BeanFactory
Event: 36.868 loading class org/springframework/beans/factory/BeanFactory done
Event: 37.118 loading class org/springframework/beans/factory/HierarchicalBeanFactory
Event: 37.118 loading class org/springframework/beans/factory/HierarchicalBeanFactory done
Event: 37.339 loading class org/springframework/context/MessageSource
Event: 37.339 loading class org/springframework/context/MessageSource done


Dynamic libraries:
0x000000013f8a0000 - 0x000000013f8d7000 	C:\Program Files\Java\jre1.8.0_181\bin\javaw.exe
0x0000000077450000 - 0x00000000775ef000 	C:\Windows\SYSTEM32\ntdll.dll
0x0000000077330000 - 0x000000007744f000 	C:\Windows\system32\kernel32.dll
0x000007fefd2a0000 - 0x000007fefd307000 	C:\Windows\system32\KERNELBASE.dll
0x000007fefee90000 - 0x000007fefef6b000 	C:\Windows\system32\ADVAPI32.dll
0x000007fefd640000 - 0x000007fefd6df000 	C:\Windows\system32\msvcrt.dll
0x000007feff600000 - 0x000007feff61f000 	C:\Windows\SYSTEM32\sechost.dll
0x000007fefdac0000 - 0x000007fefdbec000 	C:\Windows\system32\RPCRT4.dll
0x0000000077230000 - 0x000000007732a000 	C:\Windows\system32\USER32.dll
0x000007fefd970000 - 0x000007fefd9d7000 	C:\Windows\system32\GDI32.dll
0x000007feff1b0000 - 0x000007feff1be000 	C:\Windows\system32\LPK.dll
0x000007feff1c0000 - 0x000007feff28b000 	C:\Windows\system32\USP10.dll
0x000007fefb970000 - 0x000007fefbb65000 	C:\Windows\WinSxS\amd64_microsoft.windows.common-controls_6595b64144ccf1df_6.0.7601.24483_none_e372d88f30fbb845\COMCTL32.dll
0x000007feff620000 - 0x000007feff691000 	C:\Windows\system32\SHLWAPI.dll
0x000007fefdc10000 - 0x000007fefdc3e000 	C:\Windows\system32\IMM32.DLL
0x000007feff2e0000 - 0x000007feff3eb000 	C:\Windows\system32\MSCTF.dll
0x000007fefd1c0000 - 0x000007fefd1f0000 	C:\Windows\system32\nvinitx.dll
0x000007fefd1b0000 - 0x000007fefd1bc000 	C:\Windows\system32\VERSION.dll
0x0000000073c70000 - 0x0000000073c76000 	C:\Program Files\NVIDIA Corporation\CoProcManager\detoured.dll
0x000007fef9d70000 - 0x000007fef9da8000 	C:\Program Files\NVIDIA Corporation\CoProcManager\nvd3d9wrapx.dll
0x000007fefefd0000 - 0x000007feff1a7000 	C:\Windows\system32\SETUPAPI.dll
0x000007fefd570000 - 0x000007fefd5a6000 	C:\Windows\system32\CFGMGR32.dll
0x000007fefd9e0000 - 0x000007fefdabb000 	C:\Windows\system32\OLEAUT32.dll
0x000007fefdc40000 - 0x000007fefde3f000 	C:\Windows\system32\ole32.dll
0x000007fefd5c0000 - 0x000007fefd5da000 	C:\Windows\system32\DEVOBJ.dll
0x000007fef9d30000 - 0x000007fef9d54000 	C:\Program Files\NVIDIA Corporation\CoProcManager\nvdxgiwrapx.dll
0x000000005f6f0000 - 0x000000005f7c2000 	C:\Program Files\Java\jre1.8.0_181\bin\msvcr100.dll
0x000000005fc10000 - 0x00000000604b2000 	C:\Program Files\Java\jre1.8.0_181\bin\server\jvm.dll
0x000007fef3470000 - 0x000007fef3479000 	C:\Windows\system32\WSOCK32.dll
0x000007feff290000 - 0x000007feff2dd000 	C:\Windows\system32\WS2_32.dll
0x000007fefe070000 - 0x000007fefe078000 	C:\Windows\system32\NSI.dll
0x000007fef9210000 - 0x000007fef924b000 	C:\Windows\system32\WINMM.dll
0x0000000077600000 - 0x0000000077607000 	C:\Windows\system32\PSAPI.DLL
0x000000005fb20000 - 0x000000005fb2f000 	C:\Program Files\Java\jre1.8.0_181\bin\verify.dll
0x000000005faf0000 - 0x000000005fb19000 	C:\Program Files\Java\jre1.8.0_181\bin\java.dll
0x000000006c0a0000 - 0x000000006c0d5000 	C:\Program Files\Java\jre1.8.0_181\bin\jdwp.dll
0x000000006c2e0000 - 0x000000006c2e8000 	C:\Program Files\Java\jre1.8.0_181\bin\npt.dll
0x000000006b5f0000 - 0x000000006b613000 	C:\Program Files\Java\jre1.8.0_181\bin\instrument.dll
0x000000005fad0000 - 0x000000005fae6000 	C:\Program Files\Java\jre1.8.0_181\bin\zip.dll
0x000007fefe080000 - 0x000007fefee0b000 	C:\Windows\system32\SHELL32.dll
0x0000000002300000 - 0x000000000230f000 	C:\Windows\system32\profapi.dll
0x000000006c070000 - 0x000000006c079000 	C:\Program Files\Java\jre1.8.0_181\bin\dt_socket.dll
0x000007fefaf90000 - 0x000007fefafa5000 	C:\Windows\system32\NLAapi.dll
0x000007fef90d0000 - 0x000007fef90e5000 	C:\Windows\system32\napinsp.dll
0x000007fef4880000 - 0x000007fef4899000 	C:\Windows\system32\pnrpnsp.dll
0x000007fefc690000 - 0x000007fefc6e5000 	C:\Windows\System32\mswsock.dll
0x000007fefc510000 - 0x000007fefc56b000 	C:\Windows\system32\DNSAPI.dll
0x000007fef4740000 - 0x000007fef474b000 	C:\Windows\System32\winrnr.dll
0x000007fef44e0000 - 0x000007fef44f0000 	C:\Windows\system32\wshbth.dll
0x000007fefac60000 - 0x000007fefac87000 	C:\Windows\system32\IPHLPAPI.DLL
0x000007fefac10000 - 0x000007fefac1b000 	C:\Windows\system32\WINNSI.DLL
0x000007fefaa10000 - 0x000007fefaa63000 	C:\Windows\System32\fwpuclnt.dll
0x000007fef8820000 - 0x000007fef8828000 	C:\Windows\system32\rasadhlp.dll
0x000007fefca90000 - 0x000007fefca97000 	C:\Windows\System32\wshtcpip.dll

VM Arguments:
jvm_args: -agentlib:jdwp=transport=dt_socket,suspend=y,address=localhost:60195 -Djava.util.concurrent.ForkJoinPool.common.parallelism=100 -javaagent:C:\Users\Administrator\Desktop\Java 养成\eclipse\configuration\org.eclipse.osgi\418\0\.cp\lib\javaagent-shaded.jar -Dfile.encoding=UTF-8 
java_command: day101901J2EE22spring01.Test4
java_class_path (initial): C:\Program Files\Java\jre1.8.0_181\lib\resources.jar;C:\Program Files\Java\jre1.8.0_181\lib\rt.jar;C:\Program Files\Java\jre1.8.0_181\lib\jsse.jar;C:\Program Files\Java\jre1.8.0_181\lib\jce.jar;C:\Program Files\Java\jre1.8.0_181\lib\charsets.jar;C:\Program Files\Java\jre1.8.0_181\lib\jfr.jar;C:\Program Files\Java\jre1.8.0_181\lib\ext\access-bridge-64.jar;C:\Program Files\Java\jre1.8.0_181\lib\ext\cldrdata.jar;C:\Program Files\Java\jre1.8.0_181\lib\ext\dnsns.jar;C:\Program Files\Java\jre1.8.0_181\lib\ext\jaccess.jar;C:\Program Files\Java\jre1.8.0_181\lib\ext\jfxrt.jar;C:\Program Files\Java\jre1.8.0_181\lib\ext\localedata.jar;C:\Program Files\Java\jre1.8.0_181\lib\ext\nashorn.jar;C:\Program Files\Java\jre1.8.0_181\lib\ext\sunec.jar;C:\Program Files\Java\jre1.8.0_181\lib\ext\sunjce_provider.jar;C:\Program Files\Java\jre1.8.0_181\lib\ext\sunmscapi.jar;C:\Program Files\Java\jre1.8.0_181\lib\ext\sunpkcs11.jar;C:\Program Files\Java\jre1.8.0_181\lib\ext\zipfs.jar;C:\Users\Administrator\eclipse-workspace\java02TZYweb\build\classes;C:\Users\Administrator\eclipse-workspace\java02TZYweb\WebContent\WEB-INF\lib\commons-logging-1.0.4.jar;C:\Users\Administrator\eclipse-workspace\java02TZYweb\WebContent\WEB-INF\lib\fastjson-1.2.62.jar;C:\Users\Administrator\eclipse-workspace\java02TZYweb\WebContent\WEB-INF\lib\jedis-2.9.0.jar;C:\Users\Administrator\eclipse-workspace\java02TZYweb\WebContent\WEB-INF\lib\jstl-1.2.jar;C:\Users\Administrator\eclipse-workspace\java02TZYweb\WebContent\WEB-INF\lib\mybatis-3.4.6.jar;C:\Users\Administrator\eclipse-workspace\java02TZYweb\WebContent\WEB-INF\lib\mysql-connector-java-5.1.44-bin.jar;C:\Users\Administrator\eclipse-workspace\java02TZYweb\WebContent\WEB-INF\lib\spring-aop-4.3.10.RELEASE.jar;C:\Users\Administrator\eclipse-workspace\java02TZYweb\WebContent\WEB-INF\lib\spring-beans-4.3.10.RELEASE.jar;C:\Users\Administrator\eclipse-workspace\java02TZYweb\WebContent\WEB-INF\lib\spring-context-4.3.10.RELEASE.jar;C:\Users\Admini
Launcher Type: SUN_STANDARD

Environment Variables:
JAVA_HOME=C:\Program Files\Java\jdk1.8.0_181
PATH=C:/Program Files/Java/jre1.8.0_181/bin/server;C:/Program Files/Java/jre1.8.0_181/bin;C:/Program Files/Java/jre1.8.0_181/lib/amd64;C:\Program Files (x86)\Common Files\Oracle\Java\javapath;C:\WINDOWS\SYSTEM32;C:\WINDOWS;C:\WINDOWS\SYSTEM32\WBEM;C:\WINDOWS\SYSTEM32\WINDOWSPOWERSHELL\V1.0\;C:\PROGRAM FILES (X86)\NVIDIA CORPORATION\PHYSX\COMMON;C:\Program Files\Git\cmd;C:\Program Files (x86)\nodejs\;C:\Program Files\Java\jdk1.8.0_181\bin;C:\Program Files (x86)\MySQL\MySQL Server 5.5\bin;C:\Users\Administrator\AppData\Roaming\npm;C:\Users\Administrator\Desktop\Java 养成\eclipse;
USERNAME=Administrator
OS=Windows_NT
PROCESSOR_IDENTIFIER=Intel64 Family 6 Model 60 Stepping 3, GenuineIntel



---------------  S Y S T E M  ---------------

OS: Windows 7 , 64 bit Build 7601 (6.1.7601.24535)

CPU:total 4 (initial active 4) (2 cores per cpu, 2 threads per core) family 6 model 60 stepping 3, cmov, cx8, fxsr, mmx, sse, sse2, sse3, ssse3, sse4.1, sse4.2, popcnt, avx, avx2, aes, clmul, erms, lzcnt, ht, tsc, tscinvbit, bmi1, bmi2

Memory: 4k page, physical 12469304k(5460976k free), swap 49875316k(5216k free)

vm_info: Java HotSpot(TM) 64-Bit Server VM (25.181-b13) for windows-amd64 JRE (1.8.0_181-b13), built on Jul  7 2018 04:01:33 by "java_re" with MS VC++ 10.0 (VS2010)

time: Wed Oct 20 00:36:26 2021
elapsed time: 37 seconds (0d 0h 0m 37s)

