#
# There is insufficient memory for the Java Runtime Environment to continue.
# Native memory allocation (malloc) failed to allocate 32744 bytes for ChunkPool::allocate
# Possible reasons:
#   The system is out of physical RAM or swap space
#   In 32 bit mode, the process size limit was hit
# Possible solutions:
#   Reduce memory load on the system
#   Increase physical memory or swap space
#   Check if swap backing store is full
#   Use 64 bit Java on a 64 bit OS
#   Decrease Java heap size (-Xmx/-Xms)
#   Decrease number of Java threads
#   Decrease Java thread stack sizes (-Xss)
#   Set larger code cache with -XX:ReservedCodeCacheSize=
# This output file may be truncated or incomplete.
#
#  Out of Memory Error (allocation.cpp:273), pid=8284, tid=0x000000000000099c
#
# JRE version: Java(TM) SE Runtime Environment (8.0_181-b13) (build 1.8.0_181-b13)
# Java VM: Java HotSpot(TM) 64-Bit Server VM (25.181-b13 mixed mode windows-amd64 compressed oops)
# Failed to write core dump. Minidumps are not enabled by default on client versions of Windows
#

---------------  T H R E A D  ---------------

Current thread (0x000000001b592000):  JavaThread "C2 CompilerThread1" daemon [_thread_in_native, id=2460, stack(0x000000001b000000,0x000000001b100000)]

Stack: [0x000000001b000000,0x000000001b100000]
[error occurred during error reporting (printing stack bounds), id 0xc0000005]

Native frames: (J=compiled Java code, j=interpreted, Vv=VM code, C=native code)


Current CompileTask:
C2:  41565  357 %     4       org.eclipse.jdt.launching.internal.org.objectweb.asm.ClassReader::readCode @ 71 (5071 bytes)


---------------  P R O C E S S  ---------------

Java Threads: ( => current thread )
  0x000000001b4c6000 JavaThread "Service Thread" daemon [_thread_blocked, id=3312, stack(0x000000001b9e0000,0x000000001bae0000)]
  0x000000001b593000 JavaThread "C1 CompilerThread2" daemon [_thread_in_native, id=2552, stack(0x000000001c040000,0x000000001c140000)]
=>0x000000001b592000 JavaThread "C2 CompilerThread1" daemon [_thread_in_native, id=2460, stack(0x000000001b000000,0x000000001b100000)]
  0x000000001b589000 JavaThread "C2 CompilerThread0" daemon [_thread_in_native, id=2548, stack(0x000000001bc40000,0x000000001bd40000)]
  0x000000001b22b000 JavaThread "JDWP Event Helper Thread" daemon [_thread_blocked, id=9196, stack(0x000000001be10000,0x000000001bf10000)]
  0x000000001b216000 JavaThread "Attach Listener" daemon [_thread_blocked, id=8928, stack(0x000000001b8a0000,0x000000001b9a0000)]
  0x000000001b213800 JavaThread "Signal Dispatcher" daemon [_thread_blocked, id=8924, stack(0x000000001b6a0000,0x000000001b7a0000)]
  0x0000000019d27800 JavaThread "Finalizer" daemon [_thread_blocked, id=8788, stack(0x000000001b100000,0x000000001b200000)]
  0x0000000019ce6000 JavaThread "Reference Handler" daemon [_thread_blocked, id=8784, stack(0x000000001af00000,0x000000001b000000)]
  0x00000000023ec000 JavaThread "main" [_thread_in_native, id=8352, stack(0x0000000002540000,0x0000000002640000)]

Other Threads:
  0x0000000019cde800 VMThread [stack: 0x000000001ac50000,0x000000001ad50000] [id=8700]
  0x000000001b580000 WatcherThread [stack: 0x000000001c210000,0x000000001c310000] [id=2284]

VM state:not at safepoint (normal execution)

VM Mutex/Monitor currently owned by a thread: None

Heap:
 PSYoungGen      total 57344K, used 17765K [0x0000000780900000, 0x0000000784900000, 0x00000007c0000000)
  eden space 49152K, 36% used [0x0000000780900000,0x0000000781a59798,0x0000000783900000)
  from space 8192K, 0% used [0x0000000784100000,0x0000000784100000,0x0000000784900000)
  to   space 8192K, 0% used [0x0000000783900000,0x0000000783900000,0x0000000784100000)
 ParOldGen       total 131072K, used 0K [0x0000000701a00000, 0x0000000709a00000, 0x0000000780900000)
  object space 131072K, 0% used [0x0000000701a00000,0x0000000701a00000,0x0000000709a00000)
 Metaspace       used 6654K, capacity 6814K, committed 6912K, reserved 1056768K
  class space    used 716K, capacity 757K, committed 768K, reserved 1048576K

Card table byte_map: [0x0000000011bf0000,0x00000000121f0000] byte_map_base: 0x000000000e3e3000

Marking Bits: (ParMarkBitMap*) 0x0000000060432d00
 Begin Bits: [0x0000000012e20000, 0x0000000015db8000)
 End Bits:   [0x0000000015db8000, 0x0000000018d50000)

Polling page: 0x0000000000220000

CodeCache: size=245760Kb used=2329Kb max_used=2341Kb free=243430Kb
 bounds [0x0000000002830000, 0x0000000002aa0000, 0x0000000011830000]
 total_blobs=654 nmethods=357 adapters=218
 compilation: enabled

Compilation events (10 events):
Event: 40.732 Thread 0x000000001b593000 nmethod 354 0x0000000002a74250 code [0x0000000002a744e0, 0x0000000002a75628]
Event: 40.733 Thread 0x000000001b593000  355       3       org.eclipse.jdt.launching.internal.org.objectweb.asm.MethodWriter::visitIntInsn (113 bytes)
Event: 40.733 Thread 0x000000001b593000 nmethod 355 0x0000000002a76410 code [0x0000000002a765a0, 0x0000000002a76b48]
Event: 40.734 Thread 0x000000001b589000  356       4       org.eclipse.jdt.launching.internal.org.objectweb.asm.ByteVector::put12 (64 bytes)
Event: 40.734 Thread 0x000000001b592000  357 %     4       org.eclipse.jdt.launching.internal.org.objectweb.asm.ClassReader::readCode @ 71 (5071 bytes)
Event: 40.736 Thread 0x000000001b593000  360       3       org.eclipse.jdt.launching.internal.org.objectweb.asm.Handler::putExceptionTable (63 bytes)
Event: 40.737 Thread 0x000000001b593000 nmethod 360 0x0000000002a76cd0 code [0x0000000002a76ea0, 0x0000000002a77328]
Event: 40.737 Thread 0x000000001b589000 nmethod 356 0x0000000002a7a650 code [0x0000000002a7a7a0, 0x0000000002a7ab18]
Event: 40.737 Thread 0x000000001b589000  358       4       org.eclipse.jdt.launching.internal.org.objectweb.asm.ClassReader::readUTF (161 bytes)
Event: 40.738 Thread 0x000000001b593000  361       3       java.lang.String::regionMatches (149 bytes)

GC Heap History (0 events):
No events

Deoptimization events (3 events):
Event: 36.131 Thread 0x00000000023ec000 Uncommon trap: reason=unstable_if action=reinterpret pc=0x00000000029a6530 method=org.eclipse.jdt.launching.internal.org.objectweb.asm.ClassReader.readUTF(II[C)Ljava/lang/String; @ 41
Event: 36.131 Thread 0x00000000023ec000 Uncommon trap: reason=unstable_if action=reinterpret pc=0x00000000029ec12c method=org.eclipse.jdt.launching.internal.org.objectweb.asm.ByteVector.putUTF8(Ljava/lang/String;)Lorg/eclipse/jdt/launching/internal/org/objectweb/asm/ByteVector; @ 98
Event: 36.131 Thread 0x00000000023ec000 Uncommon trap: reason=unstable_if action=reinterpret pc=0x00000000029a7434 method=org.eclipse.jdt.launching.internal.org.objectweb.asm.ByteVector.putUTF8(Ljava/lang/String;)Lorg/eclipse/jdt/launching/internal/org/objectweb/asm/ByteVector; @ 98

Classes redefined (0 events):
No events

Internal exceptions (7 events):
Event: 0.285 Thread 0x00000000023ec000 Exception <a 'java/lang/NoSuchMethodError': Method sun.misc.Unsafe.defineClass(Ljava/lang/String;[BII)Ljava/lang/Class; name or signature does not match> (0x0000000780907cb0) thrown at [C:\re\workspace\8-2-build-windows-amd64-cygwin\jdk8u181\11358\hotspot
Event: 0.285 Thread 0x00000000023ec000 Exception <a 'java/lang/NoSuchMethodError': Method sun.misc.Unsafe.prefetchRead(Ljava/lang/Object;J)V name or signature does not match> (0x0000000780907f98) thrown at [C:\re\workspace\8-2-build-windows-amd64-cygwin\jdk8u181\11358\hotspot\src\share\vm\prim
Event: 27.256 Thread 0x00000000023ec000 Exception <a 'java/security/PrivilegedActionException'> (0x00000007813dad50) thrown at [C:\re\workspace\8-2-build-windows-amd64-cygwin\jdk8u181\11358\hotspot\src\share\vm\prims\jvm.cpp, line 1435]
Event: 27.257 Thread 0x00000000023ec000 Exception <a 'java/security/PrivilegedActionException'> (0x00000007813daf60) thrown at [C:\re\workspace\8-2-build-windows-amd64-cygwin\jdk8u181\11358\hotspot\src\share\vm\prims\jvm.cpp, line 1435]
Event: 27.258 Thread 0x00000000023ec000 Exception <a 'java/security/PrivilegedActionException'> (0x00000007813debd0) thrown at [C:\re\workspace\8-2-build-windows-amd64-cygwin\jdk8u181\11358\hotspot\src\share\vm\prims\jvm.cpp, line 1435]
Event: 27.258 Thread 0x00000000023ec000 Exception <a 'java/security/PrivilegedActionException'> (0x00000007813dede0) thrown at [C:\re\workspace\8-2-build-windows-amd64-cygwin\jdk8u181\11358\hotspot\src\share\vm\prims\jvm.cpp, line 1435]
Event: 38.685 Thread 0x00000000023ec000 Exception <a 'java/io/IOException'> (0x0000000781858490) thrown at [C:\re\workspace\8-2-build-windows-amd64-cygwin\jdk8u181\11358\hotspot\src\share\vm\prims\jni.cpp, line 709]

Events (10 events):
Event: 38.686 Thread 0x00000000023ec000 DEOPT PACKING pc=0x0000000002a276c4 sp=0x000000000263df10
Event: 38.686 Thread 0x00000000023ec000 DEOPT UNPACKING pc=0x0000000002877890 sp=0x000000000263dd30 mode 1
Event: 38.686 Thread 0x00000000023ec000 DEOPT PACKING pc=0x0000000002a2745c sp=0x000000000263e0a0
Event: 38.686 Thread 0x00000000023ec000 DEOPT UNPACKING pc=0x0000000002877890 sp=0x000000000263ded8 mode 1
Event: 40.738 loading class org/springframework/beans/factory/support/AbstractAutowireCapableBeanFactory
Event: 40.738 loading class org/springframework/beans/factory/support/AbstractAutowireCapableBeanFactory done
Event: 40.738 Thread 0x00000000023ec000 DEOPT PACKING pc=0x0000000002a276c4 sp=0x000000000263ba30
Event: 40.738 Thread 0x00000000023ec000 DEOPT UNPACKING pc=0x0000000002877890 sp=0x000000000263b850 mode 1
Event: 40.738 Thread 0x00000000023ec000 DEOPT PACKING pc=0x0000000002a2745c sp=0x000000000263bbc0
Event: 40.738 Thread 0x00000000023ec000 DEOPT UNPACKING pc=0x0000000002877890 sp=0x000000000263b9f8 mode 1


Dynamic libraries:
0x000000013f8a0000 - 0x000000013f8d7000 	C:\Windows\system32\SHLWAPI.dll
0x0000000077450000 - 0x00000000775ef000 	C:\Windows\system32\IMM32.DLL
0x0000000077330000 - 0x000000007744f000 	C:\Windows\system32\MSCTF.dll
0x000007fefd2a0000 - 0x000007fefd307000 	C:\Windows\system32\nvinitx.dll
0x000007fefee90000 - 0x000007fefef6b000 	C:\Windows\system32\VERSION.dll
0x000007fefd640000 - 0x000007fefd6df000 	C:\Program Files\NVIDIA Corporation\CoProcManager\detoured.dll
0x000007feff600000 - 0x000007feff61f000 	C:\Program Files\NVIDIA Corporation\CoProcManager\nvd3d9wrapx.dll
0x000007fefdac0000 - 0x000007fefdbec000 	C:\Windows\system32\RPCRT4.dll
0x0000000077230000 - 0x000000007732a000 	C:\Windows\system32\USER32.dll
0x000007fefd970000 - 0x000007fefd9d7000 	C:\Windows\system32\GDI32.dll
0x000007feff1b0000 - 0x000007feff1be000 	C:\Windows\system32\LPK.dll
0x000007feff1c0000 - 0x000007feff28b000 	C:\Windows\system32\USP10.dll
0x000007fefb970000 - 0x000007fefbb65000 	C:\Windows\WinSxS\amd64_microsoft.windows.common-controls_6595b64144ccf1df_6.0.7601.24483_none_e372d88f30fbb845\COMCTL32.dll
0x000007feff620000 - 0x000007feff691000 	C:\Windows\system32\SHLWAPI.dll
0x000007fefdc10000 - 0x000007fefdc3e000 	C:\Program Files\Java\jre1.8.0_181\bin\msvcr100.dll
0x000007feff2e0000 - 0x000007feff3eb000 	C:\Program Files\Java\jre1.8.0_181\bin\server\jvm.dll
0x000007fefd1c0000 - 0x000007fefd1f0000 	C:\Windows\system32\WSOCK32.dll
0x000007fefd1b0000 - 0x000007fefd1bc000 	C:\Windows\system32\WS2_32.dll
0x0000000073c70000 - 0x0000000073c76000 	C:\Program Files\NVIDIA Corporation\CoProcManager\detoured.dll
0x000007fef9d70000 - 0x000007fef9da8000 	C:\Program Files\NVIDIA Corporation\CoProcManager\nvd3d9wrapx.dll
0x000007fefefd0000 - 0x000007feff1a7000 	C:\Windows\system32\PSAPI.DLL
0x000007fefd570000 - 0x000007fefd5a6000 	C:\Program Files\Java\jre1.8.0_181\bin\verify.dll
0x000007fefd9e0000 - 0x000007fefdabb000 	C:\Program Files\Java\jre1.8.0_181\bin\java.dll
0x000007fefdc40000 - 0x000007fefde3f000 	C:\Program Files\Java\jre1.8.0_181\bin\jdwp.dll
0x000007fefd5c0000 - 0x000007fefd5da000 	C:\Program Files\Java\jre1.8.0_181\bin\npt.dll
0x000007fef9d30000 - 0x000007fef9d54000 	C:\Program Files\Java\jre1.8.0_181\bin\instrument.dll
0x000000005f6f0000 - 0x000000005f7c2000 	C:\Program Files\Java\jre1.8.0_181\bin\zip.dll
0x000000005fc10000 - 0x00000000604b2000 	C:\Program Files\Java\jre1.8.0_181\bin\server\jvm.dll
0x000007fef3470000 - 0x000007fef3479000 	C:\Windows\system32\WSOCK32.dll
0x000007feff290000 - 0x000007feff2dd000 	C:\Windows\system32\msvcrt.dll
0x000007fefe070000 - 0x000007fefe078000 	C:\Windows\system32\LPK.dll
0x000007fef9210000 - 0x000007fef924b000 	C:\Windows\system32\SHLWAPI.dll
0x0000000077600000 - 0x0000000077607000 	C:\Windows\system32\MSCTF.dll
0x000000005fb20000 - 0x000000005fb2f000 	C:\Program Files\NVIDIA Corporation\CoProcManager\detoured.dll
0x000000005faf0000 - 0x000000005fb19000 	C:\Windows\system32\SETUPAPI.dll
0x000000006c0a0000 - 0x000000006c0d5000 	C:\Windows\system32\OLEAUT32.dll
0x000000006c2e0000 - 0x000000006c2e8000 	C:\Windows\system32\DEVOBJ.dll
0x000000006b5f0000 - 0x000000006b613000 	C:\Program Files\Java\jre1.8.0_181\bin\msvcr100.dll
0x000000005fad0000 - 0x000000005fae6000 	C:\Program Files\Java\jre1.8.0_181\bin\zip.dll
0x000007fefe080000 - 0x000007fefee0b000 	C:\Windows\system32\WS2_32.dll
0x00000000002b0000 - 0x00000000002bf000 	C:\Windows\system32\WINMM.dll
0x000000006c070000 - 0x000000006c079000 	C:\Program Files\Java\jre1.8.0_181\bin\dt_socket.dll
0x000007fefaf90000 - 0x000007fefafa5000 	C:\Program Files\Java\jre1.8.0_181\bin\java.dll
0x000007fef90d0000 - 0x000007fef90e5000 	C:\Windows\system32\napinsp.dll
0x000007fef4880000 - 0x000007fef4899000 	C:\Program Files\Java\jre1.8.0_181\bin\instrument.dll
0x000007fefc690000 - 0x000007fefc6e5000 	C:\Windows\System32\mswsock.dll
0x000007fefc510000 - 0x000007fefc56b000 	C:\Windows\system32\DNSAPI.dll
0x000007fef4740000 - 0x000007fef474b000 	C:\Windows\system32\RPCRT4.dll
0x000007fef44e0000 - 0x000007fef44f0000 	C:\Windows\system32\USP10.dll
0x000007fefac60000 - 0x000007fefac87000 	C:\Windows\system32\MSCTF.dll
0x000007fefac10000 - 0x000007fefac1b000 	C:\Program Files\NVIDIA Corporation\CoProcManager\detoured.dll
0x000007fefaa10000 - 0x000007fefaa63000 	C:\Windows\system32\CFGMGR32.dll
0x000007fef8820000 - 0x000007fef8828000 	C:\Windows\system32\DEVOBJ.dll
0x000007fefca90000 - 0x000007fefca97000 	C:\Program Files\Java\jre1.8.0_181\bin\msvcr100.dll

VM Arguments:
jvm_args: -agentlib:jdwp=transport=dt_socket,suspend=y,address=localhost:60095 -Djava.util.concurrent.ForkJoinPool.common.parallelism=100 -javaagent:C:\Users\Administrator\Desktop\Java 养成\eclipse\configuration\org.eclipse.osgi\418\0\.cp\lib\javaagent-shaded.jar -Dfile.encoding=UTF-8 
java_command: day101901J2EE22spring01.Test4
java_class_path (initial): C:\Program Files\Java\jre1.8.0_181\lib\resources.jar;C:\Program Files\Java\jre1.8.0_181\lib\rt.jar;C:\Program Files\Java\jre1.8.0_181\lib\jsse.jar;C:\Program Files\Java\jre1.8.0_181\lib\jce.jar;C:\Program Files\Java\jre1.8.0_181\lib\charsets.jar;C:\Program Files\Java\jre1.8.0_181\lib\jfr.jar;C:\Program Files\Java\jre1.8.0_181\lib\ext\access-bridge-64.jar;C:\Program Files\Java\jre1.8.0_181\lib\ext\cldrdata.jar;C:\Program Files\Java\jre1.8.0_181\lib\ext\dnsns.jar;C:\Program Files\Java\jre1.8.0_181\lib\ext\jaccess.jar;C:\Program Files\Java\jre1.8.0_181\lib\ext\jfxrt.jar;C:\Program Files\Java\jre1.8.0_181\lib\ext\localedata.jar;C:\Program Files\Java\jre1.8.0_181\lib\ext\nashorn.jar;C:\Program Files\Java\jre1.8.0_181\lib\ext\sunec.jar;C:\Program Files\Java\jre1.8.0_181\lib\ext\sunjce_provider.jar;C:\Program Files\Java\jre1.8.0_181\lib\ext\sunmscapi.jar;C:\Program Files\Java\jre1.8.0_181\lib\ext\sunpkcs11.jar;C:\Program Files\Java\jre1.8.0_181\lib\ext\zipfs.jar;C:\Users\Administrator\eclipse-workspace\java02TZYweb\build\classes;C:\Users\Administrator\eclipse-workspace\java02TZYweb\WebContent\WEB-INF\lib\commons-logging-1.0.4.jar;C:\Users\Administrator\eclipse-workspace\java02TZYweb\WebContent\WEB-INF\lib\fastjson-1.2.62.jar;C:\Users\Administrator\eclipse-workspace\java02TZYweb\WebContent\WEB-INF\lib\jedis-2.9.0.jar;C:\Users\Administrator\eclipse-workspace\java02TZYweb\WebContent\WEB-INF\lib\jstl-1.2.jar;C:\Users\Administrator\eclipse-workspace\java02TZYweb\WebContent\WEB-INF\lib\mybatis-3.4.6.jar;C:\Users\Administrator\eclipse-workspace\java02TZYweb\WebContent\WEB-INF\lib\mysql-connector-java-5.1.44-bin.jar;C:\Users\Administrator\eclipse-workspace\java02TZYweb\WebContent\WEB-INF\lib\spring-aop-4.3.10.RELEASE.jar;C:\Users\Administrator\eclipse-workspace\java02TZYweb\WebContent\WEB-INF\lib\spring-beans-4.3.10.RELEASE.jar;C:\Users\Administrator\eclipse-workspace\java02TZYweb\WebContent\WEB-INF\lib\spring-context-4.3.10.RELEASE.jar;C:\Users\Admini
Launcher Type: SUN_STANDARD

Environment Variables:
JAVA_HOME=C:\Program Files\Java\jdk1.8.0_181
PATH=C:/Program Files/Java/jre1.8.0_181/bin/server;C:/Program Files/Java/jre1.8.0_181/bin;C:/Program Files/Java/jre1.8.0_181/lib/amd64;C:\Program Files (x86)\Common Files\Oracle\Java\javapath;C:\WINDOWS\SYSTEM32;C:\WINDOWS;C:\WINDOWS\SYSTEM32\WBEM;C:\WINDOWS\SYSTEM32\WINDOWSPOWERSHELL\V1.0\;C:\PROGRAM FILES (X86)\NVIDIA CORPORATION\PHYSX\COMMON;C:\Program Files\Git\cmd;C:\Program Files (x86)\nodejs\;C:\Program Files\Java\jdk1.8.0_181\bin;C:\Program Files (x86)\MySQL\MySQL Server 5.5\bin;C:\Users\Administrator\AppData\Roaming\npm;C:\Users\Administrator\Desktop\Java 养成\eclipse;
USERNAME=Administrator
OS=Windows_NT
PROCESSOR_IDENTIFIER=Intel64 Family 6 Model 60 Stepping 3, GenuineIntel



---------------  S Y S T E M  ---------------

OS: Windows 7 , 64 bit Build 7601 (6.1.7601.24535)

CPU:total 4 (initial active 4) (2 cores per cpu, 2 threads per core) family 6 model 60 stepping 3, cmov, cx8, fxsr, mmx, sse, sse2, sse3, ssse3, sse4.1, sse4.2, popcnt, avx, avx2, aes, clmul, erms, lzcnt, ht, tsc, tscinvbit, bmi1, bmi2

Memory: 4k page, physical 12469304k(5467256k free), swap 49875316k(5744k free)

vm_info: Java HotSpot(TM) 64-Bit Server VM (25.181-b13) for windows-amd64 JRE (1.8.0_181-b13), built on Jul  7 2018 04:01:33 by "java_re" with MS VC++ 10.0 (VS2010)

time: Wed Oct 20 00:36:26 2021
elapsed time: 41 seconds (0d 0h 0m 41s)

