#
# There is insufficient memory for the Java Runtime Environment to continue.
# Native memory allocation (malloc) failed to allocate 84832 bytes for Chunk::new
# Possible reasons:
#   The system is out of physical RAM or swap space
#   In 32 bit mode, the process size limit was hit
# Possible solutions:
#   Reduce memory load on the system
#   Increase physical memory or swap space
#   Check if swap backing store is full
#   Use 64 bit Java on a 64 bit OS
#   Decrease Java heap size (-Xmx/-Xms)
#   Decrease number of Java threads
#   Decrease Java thread stack sizes (-Xss)
#   Set larger code cache with -XX:ReservedCodeCacheSize=
# This output file may be truncated or incomplete.
#
#  Out of Memory Error (allocation.cpp:390), pid=1336, tid=0x0000000000004be0
#
# JRE version: Java(TM) SE Runtime Environment (8.0_181-b13) (build 1.8.0_181-b13)
# Java VM: Java HotSpot(TM) 64-Bit Server VM (25.181-b13 mixed mode windows-amd64 compressed oops)
# Failed to write core dump. Minidumps are not enabled by default on client versions of Windows
#

---------------  T H R E A D  ---------------

Current thread (0x000000001b591000):  JavaThread "C2 CompilerThread1" daemon [_thread_in_native, id=19424, stack(0x000000001c0d0000,0x000000001c1d0000)]

Stack: [0x000000001c0d0000,0x000000001c1d0000]
[error occurred during error reporting (printing stack bounds), id 0xc0000005]

Native frames: (J=compiled Java code, j=interpreted, Vv=VM code, C=native code)


Current CompileTask:
C2:  45162  371 %     4       org.eclipse.jdt.launching.internal.org.objectweb.asm.ClassReader::readCode @ 1412 (5071 bytes)


---------------  P R O C E S S  ---------------

Java Threads: ( => current thread )
  0x000000001b535800 JavaThread "Service Thread" daemon [_thread_blocked, id=18972, stack(0x000000001bc40000,0x000000001bd40000)]
  0x000000001b592000 JavaThread "C1 CompilerThread2" daemon [_thread_blocked, id=19416, stack(0x000000001c2c0000,0x000000001c3c0000)]
=>0x000000001b591000 JavaThread "C2 CompilerThread1" daemon [_thread_in_native, id=19424, stack(0x000000001c0d0000,0x000000001c1d0000)]
  0x000000001b586800 JavaThread "C2 CompilerThread0" daemon [_thread_blocked, id=19404, stack(0x000000001bee0000,0x000000001bfe0000)]
  0x000000001b22e800 JavaThread "JDWP Event Helper Thread" daemon [_thread_blocked, id=3272, stack(0x0000000012990000,0x0000000012a90000)]
  0x000000001b21d000 JavaThread "Attach Listener" daemon [_thread_blocked, id=5948, stack(0x000000001b830000,0x000000001b930000)]
  0x000000001b21a800 JavaThread "Signal Dispatcher" daemon [_thread_blocked, id=5216, stack(0x000000001b6a0000,0x000000001b7a0000)]
  0x0000000019e2c800 JavaThread "Finalizer" daemon [_thread_blocked, id=5932, stack(0x000000001b100000,0x000000001b200000)]
  0x0000000019de7800 JavaThread "Reference Handler" daemon [_thread_blocked, id=6132, stack(0x000000001afb0000,0x000000001b0b0000)]
  0x000000000239c000 JavaThread "main" [_thread_in_native, id=7064, stack(0x0000000002520000,0x0000000002620000)]

Other Threads:
  0x0000000019de0000 VMThread [stack: 0x000000001ad20000,0x000000001ae20000] [id=5816]
  0x000000001b4a6800 WatcherThread [stack: 0x000000001c540000,0x000000001c640000] [id=836]

VM state:not at safepoint (normal execution)

VM Mutex/Monitor currently owned by a thread: None

Heap:
 PSYoungGen      total 57344K, used 18778K [0x0000000780900000, 0x0000000784900000, 0x00000007c0000000)
  eden space 49152K, 38% used [0x0000000780900000,0x0000000781b56868,0x0000000783900000)
  from space 8192K, 0% used [0x0000000784100000,0x0000000784100000,0x0000000784900000)
  to   space 8192K, 0% used [0x0000000783900000,0x0000000783900000,0x0000000784100000)
 ParOldGen       total 131072K, used 0K [0x0000000701a00000, 0x0000000709a00000, 0x0000000780900000)
  object space 131072K, 0% used [0x0000000701a00000,0x0000000701a00000,0x0000000709a00000)
 Metaspace       used 6682K, capacity 6814K, committed 6912K, reserved 1056768K
  class space    used 728K, capacity 757K, committed 768K, reserved 1048576K

Card table byte_map: [0x0000000011ce0000,0x00000000122e0000] byte_map_base: 0x000000000e4d3000

Marking Bits: (ParMarkBitMap*) 0x0000000060432d00
 Begin Bits: [0x0000000012f20000, 0x0000000015eb8000)
 End Bits:   [0x0000000015eb8000, 0x0000000018e50000)

Polling page: 0x0000000000220000

CodeCache: size=245760Kb used=2340Kb max_used=2349Kb free=243419Kb
 bounds [0x0000000002920000, 0x0000000002b90000, 0x0000000011920000]
 total_blobs=672 nmethods=375 adapters=218
 compilation: enabled

Compilation events (10 events):
Event: 43.186 Thread 0x000000001b592000 nmethod 376 0x0000000002b61310 code [0x0000000002b614a0, 0x0000000002b61b18]
Event: 43.186 Thread 0x000000001b592000  377  s    3       sun.misc.PerfCounter::get (9 bytes)
Event: 43.186 Thread 0x000000001b592000 nmethod 377 0x0000000002b60d10 code [0x0000000002b60e80, 0x0000000002b61228]
Event: 43.186 Thread 0x000000001b586800 nmethod 367 0x0000000002b65a10 code [0x0000000002b65ba0, 0x0000000002b669d8]
Event: 43.186 Thread 0x000000001b586800  374       4       org.eclipse.jdt.launching.internal.org.objectweb.asm.SymbolTable::addConstantUtf8 (98 bytes)
Event: 43.197 Thread 0x000000001b591000 nmethod 369 0x0000000002b67190 code [0x0000000002b67320, 0x0000000002b67fb8]
Event: 43.197 Thread 0x000000001b591000  371 %     4       org.eclipse.jdt.launching.internal.org.objectweb.asm.ClassReader::readCode @ 1412 (5071 bytes)
Event: 43.611 Thread 0x000000001b586800 nmethod 374 0x0000000002b635d0 code [0x0000000002b637a0, 0x0000000002b64c28]
Event: 43.611 Thread 0x000000001b586800  366       4       org.eclipse.jdt.launching.internal.org.objectweb.asm.ByteVector::put12 (64 bytes)
Event: 43.614 Thread 0x000000001b586800 nmethod 366 0x0000000002b69710 code [0x0000000002b69860, 0x0000000002b69bd8]

GC Heap History (0 events):
No events

Deoptimization events (4 events):
Event: 40.104 Thread 0x000000000239c000 Uncommon trap: reason=unstable_if action=reinterpret pc=0x0000000002a9b908 method=org.eclipse.jdt.launching.internal.org.objectweb.asm.ClassReader.readUTF(II[C)Ljava/lang/String; @ 41
Event: 40.104 Thread 0x000000000239c000 Uncommon trap: reason=unstable_if action=reinterpret pc=0x0000000002ae076c method=org.eclipse.jdt.launching.internal.org.objectweb.asm.ByteVector.putUTF8(Ljava/lang/String;)Lorg/eclipse/jdt/launching/internal/org/objectweb/asm/ByteVector; @ 98
Event: 40.104 Thread 0x000000000239c000 Uncommon trap: reason=unstable_if action=reinterpret pc=0x0000000002aa08b0 method=org.eclipse.jdt.launching.internal.org.objectweb.asm.ClassReader.readUTF(II[C)Ljava/lang/String; @ 41
Event: 40.104 Thread 0x000000000239c000 Uncommon trap: reason=unstable_if action=reinterpret pc=0x0000000002a9a2b4 method=org.eclipse.jdt.launching.internal.org.objectweb.asm.ByteVector.putUTF8(Ljava/lang/String;)Lorg/eclipse/jdt/launching/internal/org/objectweb/asm/ByteVector; @ 98

Classes redefined (0 events):
No events

Internal exceptions (7 events):
Event: 0.143 Thread 0x000000000239c000 Exception <a 'java/lang/NoSuchMethodError': Method sun.misc.Unsafe.defineClass(Ljava/lang/String;[BII)Ljava/lang/Class; name or signature does not match> (0x0000000780907cb0) thrown at [C:\re\workspace\8-2-build-windows-amd64-cygwin\jdk8u181\11358\hotspot
Event: 0.143 Thread 0x000000000239c000 Exception <a 'java/lang/NoSuchMethodError': Method sun.misc.Unsafe.prefetchRead(Ljava/lang/Object;J)V name or signature does not match> (0x0000000780907f98) thrown at [C:\re\workspace\8-2-build-windows-amd64-cygwin\jdk8u181\11358\hotspot\src\share\vm\prim
Event: 28.731 Thread 0x000000000239c000 Exception <a 'java/security/PrivilegedActionException'> (0x00000007813dc648) thrown at [C:\re\workspace\8-2-build-windows-amd64-cygwin\jdk8u181\11358\hotspot\src\share\vm\prims\jvm.cpp, line 1435]
Event: 28.731 Thread 0x000000000239c000 Exception <a 'java/security/PrivilegedActionException'> (0x00000007813dc858) thrown at [C:\re\workspace\8-2-build-windows-amd64-cygwin\jdk8u181\11358\hotspot\src\share\vm\prims\jvm.cpp, line 1435]
Event: 28.732 Thread 0x000000000239c000 Exception <a 'java/security/PrivilegedActionException'> (0x00000007813e04c8) thrown at [C:\re\workspace\8-2-build-windows-amd64-cygwin\jdk8u181\11358\hotspot\src\share\vm\prims\jvm.cpp, line 1435]
Event: 28.732 Thread 0x000000000239c000 Exception <a 'java/security/PrivilegedActionException'> (0x00000007813e06d8) thrown at [C:\re\workspace\8-2-build-windows-amd64-cygwin\jdk8u181\11358\hotspot\src\share\vm\prims\jvm.cpp, line 1435]
Event: 43.158 Thread 0x000000000239c000 Exception <a 'java/io/IOException'> (0x000000078185f1d0) thrown at [C:\re\workspace\8-2-build-windows-amd64-cygwin\jdk8u181\11358\hotspot\src\share\vm\prims\jni.cpp, line 709]

Events (10 events):
Event: 43.184 Thread 0x000000000239c000 DEOPT PACKING pc=0x0000000002b0ebe4 sp=0x0000000002612640
Event: 43.184 Thread 0x000000000239c000 DEOPT UNPACKING pc=0x0000000002967890 sp=0x0000000002612460 mode 1
Event: 43.184 Thread 0x000000000239c000 DEOPT PACKING pc=0x0000000002b0e97c sp=0x00000000026127d0
Event: 43.184 Thread 0x000000000239c000 DEOPT UNPACKING pc=0x0000000002967890 sp=0x0000000002612608 mode 1
Event: 43.187 loading class org/springframework/beans/factory/BeanCreationException
Event: 43.187 loading class org/springframework/beans/factory/BeanCreationException done
Event: 43.187 Thread 0x000000000239c000 DEOPT PACKING pc=0x0000000002b0ebe4 sp=0x000000000261cc70
Event: 43.187 Thread 0x000000000239c000 DEOPT UNPACKING pc=0x0000000002967890 sp=0x000000000261ca90 mode 1
Event: 43.187 Thread 0x000000000239c000 DEOPT PACKING pc=0x0000000002b0e97c sp=0x000000000261ce00
Event: 43.187 Thread 0x000000000239c000 DEOPT UNPACKING pc=0x0000000002967890 sp=0x000000000261cc38 mode 1


Dynamic libraries:
0x000000013f8a0000 - 0x000000013f8d7000 	C:\Program Files\Java\jre1.8.0_181\bin\javaw.exe
0x0000000077450000 - 0x00000000775ef000 	C:\Windows\SYSTEM32\ntdll.dll
0x0000000077330000 - 0x000000007744f000 	C:\Windows\system32\kernel32.dll
0x000007fefd2a0000 - 0x000007fefd307000 	C:\Windows\system32\KERNELBASE.dll
0x000007fefee90000 - 0x000007fefef6b000 	C:\Windows\system32\ADVAPI32.dll
0x000007fefd640000 - 0x000007fefd6df000 	C:\Windows\system32\msvcrt.dll
0x000007feff600000 - 0x000007feff61f000 	C:\Windows\SYSTEM32\sechost.dll
0x000007fefdac0000 - 0x000007fefdbec000 	C:\Windows\system32\RPCRT4.dll
0x0000000077230000 - 0x000000007732a000 	C:\Windows\system32\USER32.dll
0x000007fefd970000 - 0x000007fefd9d7000 	C:\Windows\system32\GDI32.dll
0x000007feff1b0000 - 0x000007feff1be000 	C:\Windows\system32\LPK.dll
0x000007feff1c0000 - 0x000007feff28b000 	C:\Windows\system32\USP10.dll
0x000007fefb970000 - 0x000007fefbb65000 	C:\Windows\WinSxS\amd64_microsoft.windows.common-controls_6595b64144ccf1df_6.0.7601.24483_none_e372d88f30fbb845\COMCTL32.dll
0x000007feff620000 - 0x000007feff691000 	C:\Windows\system32\SHLWAPI.dll
0x000007fefdc10000 - 0x000007fefdc3e000 	C:\Windows\system32\IMM32.DLL
0x000007feff2e0000 - 0x000007feff3eb000 	C:\Windows\system32\MSCTF.dll
0x000007fefd1c0000 - 0x000007fefd1f0000 	C:\Windows\system32\nvinitx.dll
0x000007fefd1b0000 - 0x000007fefd1bc000 	C:\Windows\system32\VERSION.dll
0x0000000073c70000 - 0x0000000073c76000 	C:\Program Files\NVIDIA Corporation\CoProcManager\detoured.dll
0x000007fef9d70000 - 0x000007fef9da8000 	C:\Program Files\NVIDIA Corporation\CoProcManager\nvd3d9wrapx.dll
0x000007fefefd0000 - 0x000007feff1a7000 	C:\Windows\system32\SETUPAPI.dll
0x000007fefd570000 - 0x000007fefd5a6000 	C:\Windows\system32\CFGMGR32.dll
0x000007fefd9e0000 - 0x000007fefdabb000 	C:\Windows\system32\OLEAUT32.dll
0x000007fefdc40000 - 0x000007fefde3f000 	C:\Windows\system32\ole32.dll
0x000007fefd5c0000 - 0x000007fefd5da000 	C:\Windows\system32\DEVOBJ.dll
0x000007fef9d30000 - 0x000007fef9d54000 	C:\Program Files\NVIDIA Corporation\CoProcManager\nvdxgiwrapx.dll
0x000000005f6f0000 - 0x000000005f7c2000 	C:\Program Files\Java\jre1.8.0_181\bin\msvcr100.dll
0x000000005fc10000 - 0x00000000604b2000 	C:\Program Files\Java\jre1.8.0_181\bin\server\jvm.dll
0x000007fef3470000 - 0x000007fef3479000 	C:\Windows\system32\WSOCK32.dll
0x000007feff290000 - 0x000007feff2dd000 	C:\Windows\system32\WS2_32.dll
0x000007fefe070000 - 0x000007fefe078000 	C:\Windows\system32\NSI.dll
0x000007fef9210000 - 0x000007fef924b000 	C:\Windows\system32\WINMM.dll
0x0000000077600000 - 0x0000000077607000 	C:\Windows\system32\PSAPI.DLL
0x000000005fb20000 - 0x000000005fb2f000 	C:\Program Files\Java\jre1.8.0_181\bin\verify.dll
0x000000005faf0000 - 0x000000005fb19000 	C:\Program Files\Java\jre1.8.0_181\bin\java.dll
0x000000006c0a0000 - 0x000000006c0d5000 	C:\Program Files\Java\jre1.8.0_181\bin\jdwp.dll
0x000000006c2e0000 - 0x000000006c2e8000 	C:\Program Files\Java\jre1.8.0_181\bin\npt.dll
0x000000006b5f0000 - 0x000000006b613000 	C:\Program Files\Java\jre1.8.0_181\bin\instrument.dll
0x000000005fad0000 - 0x000000005fae6000 	C:\Program Files\Java\jre1.8.0_181\bin\zip.dll
0x000007fefe080000 - 0x000007fefee0b000 	C:\Windows\system32\SHELL32.dll
0x00000000002a0000 - 0x00000000002af000 	C:\Windows\system32\profapi.dll
0x000000006c070000 - 0x000000006c079000 	C:\Program Files\Java\jre1.8.0_181\bin\dt_socket.dll
0x000007fefaf90000 - 0x000007fefafa5000 	C:\Windows\system32\NLAapi.dll
0x000007fef90d0000 - 0x000007fef90e5000 	C:\Windows\system32\napinsp.dll
0x000007fef4880000 - 0x000007fef4899000 	C:\Windows\system32\pnrpnsp.dll
0x000007fefc690000 - 0x000007fefc6e5000 	C:\Windows\System32\mswsock.dll
0x000007fefc510000 - 0x000007fefc56b000 	C:\Windows\system32\DNSAPI.dll
0x000007fef4740000 - 0x000007fef474b000 	C:\Windows\System32\winrnr.dll
0x000007fef44e0000 - 0x000007fef44f0000 	C:\Windows\system32\wshbth.dll
0x000007fefac60000 - 0x000007fefac87000 	C:\Windows\system32\IPHLPAPI.DLL
0x000007fefac10000 - 0x000007fefac1b000 	C:\Windows\system32\WINNSI.DLL
0x000007fefaa10000 - 0x000007fefaa63000 	C:\Windows\System32\fwpuclnt.dll
0x000007fef8820000 - 0x000007fef8828000 	C:\Windows\system32\rasadhlp.dll
0x000007fefca90000 - 0x000007fefca97000 	C:\Windows\System32\wshtcpip.dll

VM Arguments:
jvm_args: -agentlib:jdwp=transport=dt_socket,suspend=y,address=localhost:60061 -Djava.util.concurrent.ForkJoinPool.common.parallelism=100 -javaagent:C:\Users\Administrator\Desktop\Java 养成\eclipse\configuration\org.eclipse.osgi\418\0\.cp\lib\javaagent-shaded.jar -Dfile.encoding=UTF-8 
java_command: day101901J2EE22spring01.Test4
java_class_path (initial): C:\Program Files\Java\jre1.8.0_181\lib\resources.jar;C:\Program Files\Java\jre1.8.0_181\lib\rt.jar;C:\Program Files\Java\jre1.8.0_181\lib\jsse.jar;C:\Program Files\Java\jre1.8.0_181\lib\jce.jar;C:\Program Files\Java\jre1.8.0_181\lib\charsets.jar;C:\Program Files\Java\jre1.8.0_181\lib\jfr.jar;C:\Program Files\Java\jre1.8.0_181\lib\ext\access-bridge-64.jar;C:\Program Files\Java\jre1.8.0_181\lib\ext\cldrdata.jar;C:\Program Files\Java\jre1.8.0_181\lib\ext\dnsns.jar;C:\Program Files\Java\jre1.8.0_181\lib\ext\jaccess.jar;C:\Program Files\Java\jre1.8.0_181\lib\ext\jfxrt.jar;C:\Program Files\Java\jre1.8.0_181\lib\ext\localedata.jar;C:\Program Files\Java\jre1.8.0_181\lib\ext\nashorn.jar;C:\Program Files\Java\jre1.8.0_181\lib\ext\sunec.jar;C:\Program Files\Java\jre1.8.0_181\lib\ext\sunjce_provider.jar;C:\Program Files\Java\jre1.8.0_181\lib\ext\sunmscapi.jar;C:\Program Files\Java\jre1.8.0_181\lib\ext\sunpkcs11.jar;C:\Program Files\Java\jre1.8.0_181\lib\ext\zipfs.jar;C:\Users\Administrator\eclipse-workspace\java02TZYweb\build\classes;C:\Users\Administrator\eclipse-workspace\java02TZYweb\WebContent\WEB-INF\lib\commons-logging-1.0.4.jar;C:\Users\Administrator\eclipse-workspace\java02TZYweb\WebContent\WEB-INF\lib\fastjson-1.2.62.jar;C:\Users\Administrator\eclipse-workspace\java02TZYweb\WebContent\WEB-INF\lib\jedis-2.9.0.jar;C:\Users\Administrator\eclipse-workspace\java02TZYweb\WebContent\WEB-INF\lib\jstl-1.2.jar;C:\Users\Administrator\eclipse-workspace\java02TZYweb\WebContent\WEB-INF\lib\mybatis-3.4.6.jar;C:\Users\Administrator\eclipse-workspace\java02TZYweb\WebContent\WEB-INF\lib\mysql-connector-java-5.1.44-bin.jar;C:\Users\Administrator\eclipse-workspace\java02TZYweb\WebContent\WEB-INF\lib\spring-aop-4.3.10.RELEASE.jar;C:\Users\Administrator\eclipse-workspace\java02TZYweb\WebContent\WEB-INF\lib\spring-beans-4.3.10.RELEASE.jar;C:\Users\Administrator\eclipse-workspace\java02TZYweb\WebContent\WEB-INF\lib\spring-context-4.3.10.RELEASE.jar;C:\Users\Admini
Launcher Type: SUN_STANDARD

Environment Variables:
JAVA_HOME=C:\Program Files\Java\jdk1.8.0_181
PATH=C:/Program Files/Java/jre1.8.0_181/bin/server;C:/Program Files/Java/jre1.8.0_181/bin;C:/Program Files/Java/jre1.8.0_181/lib/amd64;C:\Program Files (x86)\Common Files\Oracle\Java\javapath;C:\WINDOWS\SYSTEM32;C:\WINDOWS;C:\WINDOWS\SYSTEM32\WBEM;C:\WINDOWS\SYSTEM32\WINDOWSPOWERSHELL\V1.0\;C:\PROGRAM FILES (X86)\NVIDIA CORPORATION\PHYSX\COMMON;C:\Program Files\Git\cmd;C:\Program Files (x86)\nodejs\;C:\Program Files\Java\jdk1.8.0_181\bin;C:\Program Files (x86)\MySQL\MySQL Server 5.5\bin;C:\Users\Administrator\AppData\Roaming\npm;C:\Users\Administrator\Desktop\Java 养成\eclipse;
USERNAME=Administrator
OS=Windows_NT
PROCESSOR_IDENTIFIER=Intel64 Family 6 Model 60 Stepping 3, GenuineIntel



---------------  S Y S T E M  ---------------

OS: Windows 7 , 64 bit Build 7601 (6.1.7601.24535)

CPU:total 4 (initial active 4) (2 cores per cpu, 2 threads per core) family 6 model 60 stepping 3, cmov, cx8, fxsr, mmx, sse, sse2, sse3, ssse3, sse4.1, sse4.2, popcnt, avx, avx2, aes, clmul, erms, lzcnt, ht, tsc, tscinvbit, bmi1, bmi2

Memory: 4k page, physical 12469304k(5469976k free), swap 49875316k(6156k free)

vm_info: Java HotSpot(TM) 64-Bit Server VM (25.181-b13) for windows-amd64 JRE (1.8.0_181-b13), built on Jul  7 2018 04:01:33 by "java_re" with MS VC++ 10.0 (VS2010)

time: Wed Oct 20 00:36:26 2021
elapsed time: 45 seconds (0d 0h 0m 45s)

