JvmtiExport can_access_local_variables 1
JvmtiExport can_hotswap_or_post_breakpoint 1
JvmtiExport can_post_on_exceptions 1
# 284 ciObject found
ciMethod java/lang/Object <init> ()V 4097 1 38024 0 96
ciMethod java/lang/String <init> ([CII)V 4097 1 5813 0 -1
ciMethod java/lang/String length ()I 4097 1 40237 0 96
ciMethod java/lang/String charAt (I)C 4097 1 232242 0 192
ciMethod java/lang/String equals (Ljava/lang/Object;)Z 2529 32769 3446 0 -1
ciMethod java/lang/String hashCode ()I 2849 32769 3562 0 352
ciMethod java/lang/System arraycopy (Ljava/lang/Object;ILjava/lang/Object;II)V 97281 1 12160 0 -1
ciMethod java/lang/Float valueOf (F)Ljava/lang/Float; 0 0 1 0 -1
ciMethod java/lang/Float intBitsToFloat (I)F 0 0 1 0 -1
ciMethod java/lang/Double valueOf (D)Ljava/lang/Double; 0 0 1 0 -1
ciMethod java/lang/Double longBitsToDouble (J)D 41 1 5 0 -1
ciMethod java/lang/Integer valueOf (I)Ljava/lang/Integer; 425 1 71 0 -1
ciMethod java/lang/Long valueOf (J)Ljava/lang/Long; 17 1 2 0 -1
ciMethod java/lang/Math max (II)I 4097 1 7135 0 -1
ciMethodData java/lang/String charAt (I)C 2 232242 orig 264 88 115 31 96 0 0 0 0 136 60 250 24 0 0 0 0 120 1 0 0 32 0 0 0 0 0 0 0 0 0 0 0 0 0 0 0 0 0 0 0 0 0 0 0 0 0 0 0 0 0 0 0 0 0 0 0 0 0 0 0 0 0 0 0 0 0 0 0 0 0 0 0 0 0 0 0 0 0 0 0 77 68 79 32 101 120 116 114 97 32 100 97 116 97 32 108 111 99 107 0 0 0 0 0 0 0 0 0 0 0 0 0 0 0 0 0 0 0 0 0 0 0 0 0 0 0 0 0 0 0 0 0 0 0 0 0 0 0 0 0 0 0 0 0 0 0 0 0 0 0 0 0 0 0 0 0 0 0 0 0 0 0 0 0 0 0 0 0 0 0 0 0 0 0 0 0 0 0 0 0 0 0 0 0 0 0 0 0 0 0 0 0 0 0 0 0 0 0 0 0 0 0 0 0 0 0 0 0 0 0 0 0 0 0 0 0 0 2 0 0 145 73 28 0 1 0 0 0 0 0 0 0 0 0 0 0 2 0 0 0 0 0 0 0 0 0 0 0 80 0 0 0 255 255 255 255 7 0 1 0 0 0 0 0 data 10 0x10007 0x0 0x40 0x38932 0xa0007 0x38932 0x30 0x0 0x120002 0x0 oops 0
ciMethodData java/lang/String length ()I 2 40237 orig 264 88 115 31 96 0 0 0 0 72 59 250 24 0 0 0 0 32 1 0 0 0 0 0 0 0 0 0 0 0 0 0 0 0 0 0 0 0 0 0 0 0 0 0 0 0 0 0 0 0 0 0 0 0 0 0 0 0 0 0 0 0 0 0 0 0 0 0 0 0 0 0 0 0 0 0 0 0 0 0 0 77 68 79 32 101 120 116 114 97 32 100 97 116 97 32 108 111 99 107 0 0 0 0 0 0 0 0 0 0 0 0 0 0 0 0 0 0 0 0 0 0 0 0 0 0 0 0 0 0 0 0 0 0 0 0 0 0 0 0 0 0 0 0 0 0 0 0 0 0 0 0 0 0 0 0 0 0 0 0 0 0 0 0 0 0 0 0 0 0 0 0 0 0 0 0 0 0 0 0 0 0 0 0 0 0 0 0 0 0 0 0 0 0 0 0 0 0 0 0 0 0 0 0 0 0 0 0 0 0 0 0 0 0 0 0 0 0 2 0 0 105 217 4 0 1 0 0 0 0 0 0 0 0 0 0 0 2 0 0 0 0 0 0 0 0 0 0 0 0 0 0 0 255 255 255 255 0 0 0 0 0 0 0 0 data 0 oops 0
ciMethodData java/lang/Object <init> ()V 2 38024 orig 264 88 115 31 96 0 0 0 0 104 4 250 24 0 0 0 0 32 1 0 0 0 0 0 0 0 0 0 0 0 0 0 0 0 0 0 0 0 0 0 0 0 0 0 0 0 0 0 0 0 0 0 0 0 0 0 0 0 0 0 0 0 0 0 0 0 0 0 0 0 0 0 0 0 0 0 0 0 0 0 0 77 68 79 32 101 120 116 114 97 32 100 97 116 97 32 108 111 99 107 0 0 0 0 0 0 0 0 0 0 0 0 0 0 0 0 0 0 0 0 0 0 0 0 0 0 0 0 0 0 0 0 0 0 0 0 0 0 0 0 0 0 0 0 0 0 0 0 0 0 0 0 0 0 0 0 0 0 0 0 0 0 0 0 0 0 0 0 0 0 0 0 0 0 0 0 0 0 0 0 0 0 0 0 0 0 0 0 0 0 0 0 0 0 0 0 0 0 0 0 0 0 0 0 0 0 0 0 0 0 0 0 0 0 0 0 0 0 2 0 0 65 148 4 0 1 0 0 0 0 0 0 0 0 0 0 0 2 0 0 0 0 0 0 0 0 0 0 0 0 0 0 0 255 255 255 255 0 0 0 0 0 0 0 0 data 0 oops 0
ciMethodData java/lang/String hashCode ()I 2 62592 orig 264 88 115 31 96 0 0 0 0 192 77 250 24 0 0 0 0 152 1 0 0 32 0 0 0 0 0 0 0 0 0 0 0 0 0 0 0 0 0 0 0 0 0 0 0 0 0 0 0 0 0 0 0 0 0 0 0 0 0 0 0 0 0 0 0 0 0 0 0 0 0 0 0 0 0 0 0 0 0 0 0 77 68 79 32 101 120 116 114 97 32 100 97 116 97 32 108 111 99 107 0 0 0 0 0 0 0 0 0 0 0 0 0 0 0 0 0 0 0 0 0 0 0 0 0 0 0 0 0 0 0 0 0 0 0 0 0 0 0 0 0 0 0 0 0 0 0 0 0 0 0 0 0 0 0 0 0 0 0 0 0 0 0 0 0 0 0 0 0 0 0 0 0 0 0 0 0 0 0 0 0 0 0 0 0 0 0 0 0 0 0 0 0 0 0 0 0 0 0 0 0 0 0 0 0 0 0 0 0 0 0 0 0 0 0 0 0 0 16 0 0 49 100 0 0 1 36 7 0 0 0 0 0 0 0 0 0 2 0 0 0 0 0 0 0 0 0 0 0 120 0 0 0 255 255 255 255 7 0 6 0 0 0 0 0 data 15 0x60007 0x6e7 0x78 0x59f 0xe0007 0x2 0x58 0x59d 0x1e0007 0x59c 0x38 0xe450 0x2d0003 0xe450 0xffffffffffffffe0 oops 0
ciMethod org/eclipse/jdt/launching/internal/org/objectweb/asm/ClassReader readCode (Lorg/eclipse/jdt/launching/internal/org/objectweb/asm/MethodVisitor;Lorg/eclipse/jdt/launching/internal/org/objectweb/asm/Context;I)V 1649 73729 870 0 -1
ciMethod org/eclipse/jdt/launching/internal/org/objectweb/asm/ClassReader readLabel (I[Lorg/eclipse/jdt/launching/internal/org/objectweb/asm/Label;)Lorg/eclipse/jdt/launching/internal/org/objectweb/asm/Label; 4097 1 9397 0 0
ciMethod org/eclipse/jdt/launching/internal/org/objectweb/asm/ClassReader createLabel (I[Lorg/eclipse/jdt/launching/internal/org/objectweb/asm/Label;)Lorg/eclipse/jdt/launching/internal/org/objectweb/asm/Label; 4097 1 4359 0 0
ciMethod org/eclipse/jdt/launching/internal/org/objectweb/asm/ClassReader createDebugLabel (I[Lorg/eclipse/jdt/launching/internal/org/objectweb/asm/Label;)V 4097 1 10335 0 0
ciMethod org/eclipse/jdt/launching/internal/org/objectweb/asm/ClassReader readTypeAnnotations (Lorg/eclipse/jdt/launching/internal/org/objectweb/asm/MethodVisitor;Lorg/eclipse/jdt/launching/internal/org/objectweb/asm/Context;IZ)[I 0 0 1 0 -1
ciMethod org/eclipse/jdt/launching/internal/org/objectweb/asm/ClassReader getTypeAnnotationBytecodeOffset ([II)I 3857 1 1740 0 0
ciMethod org/eclipse/jdt/launching/internal/org/objectweb/asm/ClassReader readTypeAnnotationTarget (Lorg/eclipse/jdt/launching/internal/org/objectweb/asm/Context;I)I 0 0 1 0 -1
ciMethod org/eclipse/jdt/launching/internal/org/objectweb/asm/ClassReader readElementValues (Lorg/eclipse/jdt/launching/internal/org/objectweb/asm/AnnotationVisitor;IZ[C)I 33 1 20 0 -1
ciMethod org/eclipse/jdt/launching/internal/org/objectweb/asm/ClassReader computeImplicitFrame (Lorg/eclipse/jdt/launching/internal/org/objectweb/asm/Context;)V 0 0 1 0 -1
ciMethod org/eclipse/jdt/launching/internal/org/objectweb/asm/ClassReader readStackMapFrame (IZZLorg/eclipse/jdt/launching/internal/org/objectweb/asm/Context;)I 2153 1353 1691 0 -1
ciMethod org/eclipse/jdt/launching/internal/org/objectweb/asm/ClassReader readVerificationTypeInfo (I[Ljava/lang/Object;I[C[Lorg/eclipse/jdt/launching/internal/org/objectweb/asm/Label;)I 4097 1 2158 0 -1
ciMethod org/eclipse/jdt/launching/internal/org/objectweb/asm/ClassReader readAttribute ([Lorg/eclipse/jdt/launching/internal/org/objectweb/asm/Attribute;Ljava/lang/String;II[CI[Lorg/eclipse/jdt/launching/internal/org/objectweb/asm/Label;)Lorg/eclipse/jdt/launching/internal/org/objectweb/asm/Attribute; 0 0 1 0 -1
ciMethod org/eclipse/jdt/launching/internal/org/objectweb/asm/ClassReader readByte (I)I 0 0 1 0 -1
ciMethod org/eclipse/jdt/launching/internal/org/objectweb/asm/ClassReader readUnsignedShort (I)I 4097 1 73688 0 224
ciMethod org/eclipse/jdt/launching/internal/org/objectweb/asm/ClassReader readShort (I)S 4097 1 4380 0 0
ciMethod org/eclipse/jdt/launching/internal/org/objectweb/asm/ClassReader readInt (I)I 4097 1 1987 0 224
ciMethod org/eclipse/jdt/launching/internal/org/objectweb/asm/ClassReader readLong (I)J 17 1 2 0 -1
ciMethod org/eclipse/jdt/launching/internal/org/objectweb/asm/ClassReader readUTF8 (I[C)Ljava/lang/String; 2681 1 33421 0 832
ciMethod org/eclipse/jdt/launching/internal/org/objectweb/asm/ClassReader readUTF (I[C)Ljava/lang/String; 2097 1 5409 0 640
ciMethod org/eclipse/jdt/launching/internal/org/objectweb/asm/ClassReader readUTF (II[C)Ljava/lang/String; 1441 41785 3047 0 3264
ciMethod org/eclipse/jdt/launching/internal/org/objectweb/asm/ClassReader readStringish (I[C)Ljava/lang/String; 4097 1 9793 0 0
ciMethod org/eclipse/jdt/launching/internal/org/objectweb/asm/ClassReader readClass (I[C)Ljava/lang/String; 4097 1 8989 0 0
ciMethod org/eclipse/jdt/launching/internal/org/objectweb/asm/ClassReader readConst (I[C)Ljava/lang/Object; 1865 1 1445 0 -1
ciMethod org/eclipse/jdt/launching/internal/org/objectweb/asm/MethodVisitor visitAttribute (Lorg/eclipse/jdt/launching/internal/org/objectweb/asm/Attribute;)V 0 0 1 0 -1
ciMethod org/eclipse/jdt/launching/internal/org/objectweb/asm/MethodVisitor visitFrame (II[Ljava/lang/Object;I[Ljava/lang/Object;)V 0 0 1 0 -1
ciMethod org/eclipse/jdt/launching/internal/org/objectweb/asm/MethodVisitor visitInsn (I)V 0 0 1 0 -1
ciMethod org/eclipse/jdt/launching/internal/org/objectweb/asm/MethodVisitor visitIntInsn (II)V 0 0 1 0 -1
ciMethod org/eclipse/jdt/launching/internal/org/objectweb/asm/MethodVisitor visitVarInsn (II)V 0 0 1 0 -1
ciMethod org/eclipse/jdt/launching/internal/org/objectweb/asm/MethodVisitor visitTypeInsn (ILjava/lang/String;)V 0 0 1 0 -1
ciMethod org/eclipse/jdt/launching/internal/org/objectweb/asm/MethodVisitor visitFieldInsn (ILjava/lang/String;Ljava/lang/String;Ljava/lang/String;)V 0 0 1 0 -1
ciMethod org/eclipse/jdt/launching/internal/org/objectweb/asm/MethodVisitor visitMethodInsn (ILjava/lang/String;Ljava/lang/String;Ljava/lang/String;Z)V 0 0 1 0 -1
ciMethod org/eclipse/jdt/launching/internal/org/objectweb/asm/MethodVisitor visitInvokeDynamicInsn (Ljava/lang/String;Ljava/lang/String;Lorg/eclipse/jdt/launching/internal/org/objectweb/asm/Handle;[Ljava/lang/Object;)V 0 0 1 0 -1
ciMethod org/eclipse/jdt/launching/internal/org/objectweb/asm/MethodVisitor visitJumpInsn (ILorg/eclipse/jdt/launching/internal/org/objectweb/asm/Label;)V 0 0 1 0 -1
ciMethod org/eclipse/jdt/launching/internal/org/objectweb/asm/MethodVisitor visitLabel (Lorg/eclipse/jdt/launching/internal/org/objectweb/asm/Label;)V 0 0 1 0 -1
ciMethod org/eclipse/jdt/launching/internal/org/objectweb/asm/MethodVisitor visitLdcInsn (Ljava/lang/Object;)V 0 0 1 0 -1
ciMethod org/eclipse/jdt/launching/internal/org/objectweb/asm/MethodVisitor visitIincInsn (II)V 0 0 1 0 -1
ciMethod org/eclipse/jdt/launching/internal/org/objectweb/asm/MethodVisitor visitTableSwitchInsn (IILorg/eclipse/jdt/launching/internal/org/objectweb/asm/Label;[Lorg/eclipse/jdt/launching/internal/org/objectweb/asm/Label;)V 0 0 1 0 -1
ciMethod org/eclipse/jdt/launching/internal/org/objectweb/asm/MethodVisitor visitLookupSwitchInsn (Lorg/eclipse/jdt/launching/internal/org/objectweb/asm/Label;[I[Lorg/eclipse/jdt/launching/internal/org/objectweb/asm/Label;)V 0 0 1 0 -1
ciMethod org/eclipse/jdt/launching/internal/org/objectweb/asm/MethodVisitor visitMultiANewArrayInsn (Ljava/lang/String;I)V 0 0 1 0 -1
ciMethod org/eclipse/jdt/launching/internal/org/objectweb/asm/MethodVisitor visitInsnAnnotation (ILorg/eclipse/jdt/launching/internal/org/objectweb/asm/TypePath;Ljava/lang/String;Z)Lorg/eclipse/jdt/launching/internal/org/objectweb/asm/AnnotationVisitor; 0 0 1 0 -1
ciMethod org/eclipse/jdt/launching/internal/org/objectweb/asm/MethodVisitor visitTryCatchBlock (Lorg/eclipse/jdt/launching/internal/org/objectweb/asm/Label;Lorg/eclipse/jdt/launching/internal/org/objectweb/asm/Label;Lorg/eclipse/jdt/launching/internal/org/objectweb/asm/Label;Ljava/lang/String;)V 0 0 1 0 -1
ciMethod org/eclipse/jdt/launching/internal/org/objectweb/asm/MethodVisitor visitLocalVariable (Ljava/lang/String;Ljava/lang/String;Ljava/lang/String;Lorg/eclipse/jdt/launching/internal/org/objectweb/asm/Label;Lorg/eclipse/jdt/launching/internal/org/objectweb/asm/Label;I)V 0 0 1 0 -1
ciMethod org/eclipse/jdt/launching/internal/org/objectweb/asm/MethodVisitor visitLocalVariableAnnotation (ILorg/eclipse/jdt/launching/internal/org/objectweb/asm/TypePath;[Lorg/eclipse/jdt/launching/internal/org/objectweb/asm/Label;[Lorg/eclipse/jdt/launching/internal/org/objectweb/asm/Label;[ILjava/lang/String;Z)Lorg/eclipse/jdt/launching/internal/org/objectweb/asm/AnnotationVisitor; 0 0 1 0 -1
ciMethod org/eclipse/jdt/launching/internal/org/objectweb/asm/MethodVisitor visitLineNumber (ILorg/eclipse/jdt/launching/internal/org/objectweb/asm/Label;)V 0 0 1 0 -1
ciMethod org/eclipse/jdt/launching/internal/org/objectweb/asm/MethodVisitor visitMaxs (II)V 0 0 1 0 -1
ciMethod org/eclipse/jdt/launching/internal/org/objectweb/asm/MethodWriter visitFrame (II[Ljava/lang/Object;I[Ljava/lang/Object;)V 3489 2097 1834 0 -1
ciMethod org/eclipse/jdt/launching/internal/org/objectweb/asm/MethodWriter visitInsn (I)V 3097 1 6684 0 0
ciMethod org/eclipse/jdt/launching/internal/org/objectweb/asm/MethodWriter visitIntInsn (II)V 3345 1 418 0 -1
ciMethod org/eclipse/jdt/launching/internal/org/objectweb/asm/MethodWriter visitVarInsn (II)V 4097 1 8420 0 1248
ciMethod org/eclipse/jdt/launching/internal/org/objectweb/asm/MethodWriter visitTypeInsn (ILjava/lang/String;)V 4097 1 1407 0 0
ciMethod org/eclipse/jdt/launching/internal/org/objectweb/asm/MethodWriter visitFieldInsn (ILjava/lang/String;Ljava/lang/String;Ljava/lang/String;)V 2489 1 1156 0 -1
ciMethod org/eclipse/jdt/launching/internal/org/objectweb/asm/MethodWriter visitMethodInsn (ILjava/lang/String;Ljava/lang/String;Ljava/lang/String;Z)V 4097 1 4983 0 -1
ciMethod org/eclipse/jdt/launching/internal/org/objectweb/asm/MethodWriter visitInvokeDynamicInsn (Ljava/lang/String;Ljava/lang/String;Lorg/eclipse/jdt/launching/internal/org/objectweb/asm/Handle;[Ljava/lang/Object;)V 0 0 1 0 -1
ciMethod org/eclipse/jdt/launching/internal/org/objectweb/asm/MethodWriter visitJumpInsn (ILorg/eclipse/jdt/launching/internal/org/objectweb/asm/Label;)V 3513 1 2230 0 0
ciMethod org/eclipse/jdt/launching/internal/org/objectweb/asm/MethodWriter visitLabel (Lorg/eclipse/jdt/launching/internal/org/objectweb/asm/Label;)V 4097 1 7116 0 0
ciMethod org/eclipse/jdt/launching/internal/org/objectweb/asm/MethodWriter visitLdcInsn (Ljava/lang/Object;)V 4097 1 1456 0 -1
ciMethod org/eclipse/jdt/launching/internal/org/objectweb/asm/MethodWriter visitIincInsn (II)V 873 1 109 0 0
ciMethod org/eclipse/jdt/launching/internal/org/objectweb/asm/MethodWriter visitTableSwitchInsn (IILorg/eclipse/jdt/launching/internal/org/objectweb/asm/Label;[Lorg/eclipse/jdt/launching/internal/org/objectweb/asm/Label;)V 0 0 1 0 -1
ciMethod org/eclipse/jdt/launching/internal/org/objectweb/asm/MethodWriter visitLookupSwitchInsn (Lorg/eclipse/jdt/launching/internal/org/objectweb/asm/Label;[I[Lorg/eclipse/jdt/launching/internal/org/objectweb/asm/Label;)V 0 0 1 0 -1
ciMethod org/eclipse/jdt/launching/internal/org/objectweb/asm/MethodWriter visitSwitchInsn (Lorg/eclipse/jdt/launching/internal/org/objectweb/asm/Label;[Lorg/eclipse/jdt/launching/internal/org/objectweb/asm/Label;)V 0 0 1 0 -1
ciMethod org/eclipse/jdt/launching/internal/org/objectweb/asm/MethodWriter visitMultiANewArrayInsn (Ljava/lang/String;I)V 0 0 1 0 0
ciMethod org/eclipse/jdt/launching/internal/org/objectweb/asm/MethodWriter visitTryCatchBlock (Lorg/eclipse/jdt/launching/internal/org/objectweb/asm/Label;Lorg/eclipse/jdt/launching/internal/org/objectweb/asm/Label;Lorg/eclipse/jdt/launching/internal/org/objectweb/asm/Label;Ljava/lang/String;)V 1929 1 237 0 0
ciMethod org/eclipse/jdt/launching/internal/org/objectweb/asm/MethodWriter visitLocalVariable (Ljava/lang/String;Ljava/lang/String;Ljava/lang/String;Lorg/eclipse/jdt/launching/internal/org/objectweb/asm/Label;Lorg/eclipse/jdt/launching/internal/org/objectweb/asm/Label;I)V 4097 1 2815 0 -1
ciMethod org/eclipse/jdt/launching/internal/org/objectweb/asm/MethodWriter visitLineNumber (ILorg/eclipse/jdt/launching/internal/org/objectweb/asm/Label;)V 4097 1 5479 0 0
ciMethod org/eclipse/jdt/launching/internal/org/objectweb/asm/MethodWriter visitMaxs (II)V 4097 1 940 0 -1
ciMethod org/eclipse/jdt/launching/internal/org/objectweb/asm/MethodWriter computeAllFrames ()V 0 0 1 0 -1
ciMethod org/eclipse/jdt/launching/internal/org/objectweb/asm/MethodWriter computeMaxStackAndLocal ()V 0 0 1 0 -1
ciMethod org/eclipse/jdt/launching/internal/org/objectweb/asm/MethodWriter addSuccessorToCurrentBasicBlock (ILorg/eclipse/jdt/launching/internal/org/objectweb/asm/Label;)V 0 0 1 0 -1
ciMethod org/eclipse/jdt/launching/internal/org/objectweb/asm/MethodWriter endCurrentBasicBlockWithNoSuccessor ()V 0 0 1 0 -1
ciMethod org/eclipse/jdt/launching/internal/org/objectweb/asm/MethodWriter visitFrameStart (III)I 0 0 1 0 -1
ciMethod org/eclipse/jdt/launching/internal/org/objectweb/asm/MethodWriter visitFrameEnd ()V 0 0 1 0 -1
ciMethod org/eclipse/jdt/launching/internal/org/objectweb/asm/MethodWriter putFrameType (Ljava/lang/Object;)V 2553 1 2158 0 -1
ciMethod org/eclipse/jdt/launching/internal/org/objectweb/asm/SymbolTable get (I)Lorg/eclipse/jdt/launching/internal/org/objectweb/asm/SymbolTable$Entry; 2633 1 32111 0 0
ciMethod org/eclipse/jdt/launching/internal/org/objectweb/asm/SymbolTable put (Lorg/eclipse/jdt/launching/internal/org/objectweb/asm/SymbolTable$Entry;)Lorg/eclipse/jdt/launching/internal/org/objectweb/asm/SymbolTable$Entry; 1705 1 6439 0 1280
ciMethod org/eclipse/jdt/launching/internal/org/objectweb/asm/SymbolTable addConstant (Ljava/lang/Object;)Lorg/eclipse/jdt/launching/internal/org/objectweb/asm/Symbol; 4097 1 1521 0 -1
ciMethod org/eclipse/jdt/launching/internal/org/objectweb/asm/SymbolTable addConstantClass (Ljava/lang/String;)Lorg/eclipse/jdt/launching/internal/org/objectweb/asm/Symbol; 4097 1 6103 0 0
ciMethod org/eclipse/jdt/launching/internal/org/objectweb/asm/SymbolTable addConstantFieldref (Ljava/lang/String;Ljava/lang/String;Ljava/lang/String;)Lorg/eclipse/jdt/launching/internal/org/objectweb/asm/Symbol; 2489 1 1156 0 -1
ciMethod org/eclipse/jdt/launching/internal/org/objectweb/asm/SymbolTable addConstantMethodref (Ljava/lang/String;Ljava/lang/String;Ljava/lang/String;Z)Lorg/eclipse/jdt/launching/internal/org/objectweb/asm/Symbol; 4097 1 4983 0 -1
ciMethod org/eclipse/jdt/launching/internal/org/objectweb/asm/SymbolTable addConstantUtf8 (Ljava/lang/String;)I 2097 97 15965 0 0
ciMethod org/eclipse/jdt/launching/internal/org/objectweb/asm/SymbolTable addConstantInvokeDynamic (Ljava/lang/String;Ljava/lang/String;Lorg/eclipse/jdt/launching/internal/org/objectweb/asm/Handle;[Ljava/lang/Object;)Lorg/eclipse/jdt/launching/internal/org/objectweb/asm/Symbol; 0 0 1 0 -1
ciMethod org/eclipse/jdt/launching/internal/org/objectweb/asm/SymbolTable addConstantUtf8Reference (ILjava/lang/String;)Lorg/eclipse/jdt/launching/internal/org/objectweb/asm/Symbol; 4097 649 7654 0 0
ciMethod org/eclipse/jdt/launching/internal/org/objectweb/asm/SymbolTable hash (ILjava/lang/String;)I 2521 1 23619 0 0
ciMethod org/eclipse/jdt/launching/internal/org/objectweb/asm/Symbol <init> (IILjava/lang/String;Ljava/lang/String;Ljava/lang/String;J)V 1705 1 5356 0 96
ciMethod org/eclipse/jdt/launching/internal/org/objectweb/asm/Symbol getArgumentsAndReturnSizes ()I 1113 1 997 0 -1
ciMethod org/eclipse/jdt/launching/internal/org/objectweb/asm/SymbolTable$Entry <init> (IILjava/lang/String;I)V 1609 1 8052 0 0
ciMethod org/eclipse/jdt/launching/internal/org/objectweb/asm/ByteVector <init> ()V 4097 1 3950 0 0
ciMethod org/eclipse/jdt/launching/internal/org/objectweb/asm/ByteVector putByte (I)Lorg/eclipse/jdt/launching/internal/org/objectweb/asm/ByteVector; 1409 1 5589 0 320
ciMethod org/eclipse/jdt/launching/internal/org/objectweb/asm/ByteVector put11 (II)Lorg/eclipse/jdt/launching/internal/org/objectweb/asm/ByteVector; 1521 1 4707 0 -1
ciMethod org/eclipse/jdt/launching/internal/org/objectweb/asm/ByteVector putShort (I)Lorg/eclipse/jdt/launching/internal/org/objectweb/asm/ByteVector; 3265 1 6577 0 384
ciMethod org/eclipse/jdt/launching/internal/org/objectweb/asm/ByteVector put12 (II)Lorg/eclipse/jdt/launching/internal/org/objectweb/asm/ByteVector; 4097 1 8598 0 832
ciMethod org/eclipse/jdt/launching/internal/org/objectweb/asm/ByteVector putInt (I)Lorg/eclipse/jdt/launching/internal/org/objectweb/asm/ByteVector; 4097 1 5538 0 -1
ciMethod org/eclipse/jdt/launching/internal/org/objectweb/asm/ByteVector putUTF8 (Ljava/lang/String;)Lorg/eclipse/jdt/launching/internal/org/objectweb/asm/ByteVector; 1305 38449 2992 0 1760
ciMethod org/eclipse/jdt/launching/internal/org/objectweb/asm/ByteVector encodeUTF8 (Ljava/lang/String;II)Lorg/eclipse/jdt/launching/internal/org/objectweb/asm/ByteVector; 89 33441 386 0 -1
ciMethod org/eclipse/jdt/launching/internal/org/objectweb/asm/ByteVector putByteArray ([BII)Lorg/eclipse/jdt/launching/internal/org/objectweb/asm/ByteVector; 4097 1 3748 0 -1
ciMethod org/eclipse/jdt/launching/internal/org/objectweb/asm/ByteVector enlarge (I)V 321 1 1115 0 0
ciMethod org/eclipse/jdt/launching/internal/org/objectweb/asm/Frame setInputFrameFromApiFormat (Lorg/eclipse/jdt/launching/internal/org/objectweb/asm/SymbolTable;I[Ljava/lang/Object;I[Ljava/lang/Object;)V 0 0 1 0 -1
ciMethod org/eclipse/jdt/launching/internal/org/objectweb/asm/Frame execute (IILorg/eclipse/jdt/launching/internal/org/objectweb/asm/Symbol;Lorg/eclipse/jdt/launching/internal/org/objectweb/asm/SymbolTable;)V 0 0 1 0 -1
ciMethod org/eclipse/jdt/launching/internal/org/objectweb/asm/Frame accept (Lorg/eclipse/jdt/launching/internal/org/objectweb/asm/MethodWriter;)V 0 0 1 0 -1
ciMethod org/eclipse/jdt/launching/internal/org/objectweb/asm/Label <init> ()V 4097 1 6920 0 0
ciMethod org/eclipse/jdt/launching/internal/org/objectweb/asm/Label getCanonicalInstance ()Lorg/eclipse/jdt/launching/internal/org/objectweb/asm/Label; 0 0 1 0 -1
ciMethod org/eclipse/jdt/launching/internal/org/objectweb/asm/Label addLineNumber (I)V 4097 1 5113 0 0
ciMethod org/eclipse/jdt/launching/internal/org/objectweb/asm/Label accept (Lorg/eclipse/jdt/launching/internal/org/objectweb/asm/MethodVisitor;Z)V 4097 1 5734 0 0
ciMethod org/eclipse/jdt/launching/internal/org/objectweb/asm/Label put (Lorg/eclipse/jdt/launching/internal/org/objectweb/asm/ByteVector;IZ)V 3769 1 2230 0 -1
ciMethod org/eclipse/jdt/launching/internal/org/objectweb/asm/Label resolve ([BI)Z 4097 625 7116 0 0
ciMethod org/eclipse/jdt/launching/internal/org/objectweb/asm/Type getObjectType (Ljava/lang/String;)Lorg/eclipse/jdt/launching/internal/org/objectweb/asm/Type; 545 1 104 0 -1
ciMethod org/eclipse/jdt/launching/internal/org/objectweb/asm/Type getMethodType (Ljava/lang/String;)Lorg/eclipse/jdt/launching/internal/org/objectweb/asm/Type; 0 0 1 0 -1
ciMethod org/eclipse/jdt/launching/internal/org/objectweb/asm/Type getArgumentsAndReturnSizes (Ljava/lang/String;)I 681 13409 458 0 -1
ciMethod org/eclipse/jdt/launching/internal/org/objectweb/asm/Handler <init> (Lorg/eclipse/jdt/launching/internal/org/objectweb/asm/Label;Lorg/eclipse/jdt/launching/internal/org/objectweb/asm/Label;Lorg/eclipse/jdt/launching/internal/org/objectweb/asm/Label;ILjava/lang/String;)V 1929 1 237 0 -1
ciMethodData org/eclipse/jdt/launching/internal/org/objectweb/asm/ClassReader readUnsignedShort (I)I 2 77594 orig 264 88 115 31 96 0 0 0 0 32 242 58 25 0 0 0 0 40 1 0 0 0 0 0 0 0 0 0 0 0 0 0 0 0 0 0 0 0 0 0 0 0 0 0 0 0 0 0 0 0 0 0 0 0 0 0 0 0 0 0 0 0 0 0 0 0 0 0 0 0 0 0 0 0 0 0 0 0 0 0 0 77 68 79 32 101 120 116 114 97 32 100 97 116 97 32 108 111 99 107 0 0 0 0 0 0 0 0 0 0 0 0 0 0 0 0 0 0 0 0 0 0 0 0 0 0 0 0 0 0 0 0 0 0 0 0 0 0 0 0 0 0 0 0 0 0 0 0 0 0 0 0 0 0 0 0 0 0 0 0 0 0 0 0 0 0 0 0 0 0 0 0 0 0 0 0 0 0 0 0 0 0 0 0 0 0 0 0 0 0 0 0 0 0 0 0 0 0 0 0 0 0 0 0 0 0 0 0 0 0 0 0 0 0 0 0 0 0 2 0 0 209 104 9 0 1 0 0 0 0 0 0 0 0 0 0 0 2 0 0 0 0 0 3 0 1 0 0 0 0 0 0 0 255 255 255 255 0 0 0 0 0 0 0 0 data 0 oops 0
ciMethodData org/eclipse/jdt/launching/internal/org/objectweb/asm/SymbolTable addConstantUtf8 (Ljava/lang/String;)I 2 15965 orig 264 88 115 31 96 0 0 0 0 208 121 60 25 0 0 0 0 184 2 0 0 24 1 0 0 0 0 0 0 0 0 0 0 0 0 0 0 0 0 0 0 0 0 0 0 0 0 0 0 0 0 0 0 0 0 0 0 0 0 0 0 0 0 0 0 0 0 0 0 0 0 0 0 0 0 0 0 0 0 0 0 77 68 79 32 101 120 116 114 97 32 100 97 116 97 32 108 111 99 107 0 0 0 0 0 0 0 0 0 0 0 0 0 0 0 0 0 0 0 0 0 0 0 0 0 0 0 0 0 0 0 0 0 0 0 0 0 0 0 0 0 0 0 0 0 1 0 0 0 0 0 0 0 0 0 0 0 0 0 0 0 0 0 0 0 0 0 0 0 0 0 0 0 0 0 0 0 0 0 0 0 0 0 0 0 0 0 0 0 0 0 0 0 0 0 0 0 0 0 0 0 0 0 0 0 0 0 0 0 0 0 0 0 0 0 0 0 6 1 0 0 185 234 1 0 1 106 0 0 50 25 0 0 70 4 0 0 2 0 0 0 1 0 13 0 2 0 0 0 104 1 0 0 255 255 255 255 2 0 2 0 0 0 0 0 data 45 0x20002 0x3d57 0x80002 0x3d57 0xd0007 0x1623 0xc8 0x3474 0x150007 0x64c 0x90 0x2e28 0x1d0007 0x6f4 0x70 0x2734 0x250005 0x8 0x1af1dd30 0x272c 0x0 0x0 0x280007 0x0 0x20 0x2734 0x350003 0xd40 0xffffffffffffff50 0x3d0005 0x0 0x1c9c3ec0 0x1623 0x0 0x0 0x410005 0x0 0x1c9c3ec0 0x1623 0x0 0x0 0x580002 0x1624 0x5b0002 0x1624 oops 3 18 java/lang/String 31 org/eclipse/jdt/launching/internal/org/objectweb/asm/ByteVector 37 org/eclipse/jdt/launching/internal/org/objectweb/asm/ByteVector
ciMethodData org/eclipse/jdt/launching/internal/org/objectweb/asm/SymbolTable hash (ILjava/lang/String;)I 2 23619 orig 264 88 115 31 96 0 0 0 0 112 144 60 25 0 0 0 0 128 1 0 0 0 0 0 0 0 0 0 0 0 0 0 0 0 0 0 0 0 0 0 0 0 0 0 0 0 0 0 0 0 0 0 0 0 0 0 0 0 0 0 0 0 0 0 0 0 0 0 0 0 0 0 0 0 0 0 0 0 0 0 0 77 68 79 32 101 120 116 114 97 32 100 97 116 97 32 108 111 99 107 0 0 0 0 0 0 0 0 0 0 0 0 0 0 0 0 0 0 0 0 0 0 0 0 0 0 0 0 0 0 0 0 0 0 0 0 0 0 0 0 0 0 0 0 0 0 0 0 0 0 0 0 0 0 0 0 0 0 0 0 0 0 0 0 0 0 0 0 0 0 0 0 0 0 0 0 0 0 0 0 0 0 0 0 0 0 0 0 0 0 0 0 0 0 0 0 0 0 0 0 0 0 0 0 0 0 0 0 0 0 0 0 0 0 0 0 0 59 1 0 0 65 216 2 0 1 0 0 0 0 0 0 0 0 0 0 0 2 0 0 0 0 0 3 0 2 0 0 0 48 0 0 0 255 255 255 255 5 0 4 0 0 0 0 0 data 6 0x40005 0x1aa 0x1af1dd30 0x595e 0x0 0x0 oops 1 2 java/lang/String
ciMethodData org/eclipse/jdt/launching/internal/org/objectweb/asm/SymbolTable get (I)Lorg/eclipse/jdt/launching/internal/org/objectweb/asm/SymbolTable$Entry; 2 32111 orig 264 88 115 31 96 0 0 0 0 232 100 60 25 0 0 0 0 40 1 0 0 0 0 0 0 0 0 0 0 0 0 0 0 0 0 0 0 0 0 0 0 0 0 0 0 0 0 0 0 0 0 0 0 0 0 0 0 0 0 0 0 0 0 0 0 0 0 0 0 0 0 0 0 0 0 0 0 0 0 0 0 77 68 79 32 101 120 116 114 97 32 100 97 116 97 32 108 111 99 107 0 0 0 0 0 0 0 0 0 0 0 0 0 0 0 0 0 0 0 0 0 0 0 0 0 0 0 0 0 0 0 0 0 0 0 0 0 0 0 0 0 0 0 0 0 0 0 0 0 0 0 0 0 0 0 0 0 0 0 0 0 0 0 0 0 0 0 0 0 0 0 0 0 0 0 0 0 0 0 0 0 0 0 0 0 0 0 0 0 0 0 0 0 0 0 0 0 0 0 0 0 0 0 0 0 0 0 0 0 0 0 0 0 0 0 0 0 73 1 0 0 49 225 3 0 1 0 0 0 0 0 0 0 0 0 0 0 2 0 0 0 0 0 3 0 1 0 0 0 0 0 0 0 255 255 255 255 0 0 0 0 0 0 0 0 data 0 oops 0
ciMethodData org/eclipse/jdt/launching/internal/org/objectweb/asm/ByteVector putByte (I)Lorg/eclipse/jdt/launching/internal/org/objectweb/asm/ByteVector; 2 5589 orig 264 88 115 31 96 0 0 0 0 184 186 60 25 0 0 0 0 88 1 0 0 0 0 0 0 0 0 0 0 0 0 0 0 0 0 0 0 0 0 0 0 0 0 0 0 0 0 0 0 0 0 0 0 0 0 0 0 0 0 0 0 0 0 0 0 0 0 0 0 0 0 0 0 0 0 0 0 0 0 0 0 77 68 79 32 101 120 116 114 97 32 100 97 116 97 32 108 111 99 107 0 0 0 0 0 0 0 0 0 0 0 0 0 0 0 0 0 0 0 0 0 0 0 0 0 0 0 0 0 0 0 0 0 0 0 0 0 0 0 0 0 0 0 0 0 0 0 0 0 0 0 0 0 0 0 0 0 0 0 0 0 0 0 0 0 0 0 0 0 0 0 0 0 0 0 0 0 0 0 0 0 0 0 0 0 0 0 0 0 0 0 0 0 0 0 0 0 0 0 0 0 0 0 0 0 0 0 0 0 0 0 0 0 0 0 0 0 176 0 0 0 41 169 0 0 1 0 0 0 0 0 0 0 0 0 0 0 2 0 0 0 0 0 6 0 2 0 0 0 48 0 0 0 255 255 255 255 7 0 13 0 0 0 0 0 data 6 0xd0007 0x1513 0x30 0x12 0x120002 0x12 oops 0
ciMethodData org/eclipse/jdt/launching/internal/org/objectweb/asm/ByteVector putUTF8 (Ljava/lang/String;)Lorg/eclipse/jdt/launching/internal/org/objectweb/asm/ByteVector; 2 79379 orig 264 88 115 31 96 0 0 0 0 88 196 60 25 0 0 0 0 208 2 0 0 0 1 0 0 0 0 0 0 0 0 0 0 0 0 0 0 0 0 0 0 0 0 0 0 0 0 0 0 0 0 0 0 0 0 0 0 0 0 0 0 0 0 0 0 0 0 0 0 0 0 0 0 0 0 0 0 0 0 0 0 77 68 79 32 101 120 116 114 97 32 100 97 116 97 32 108 111 99 107 0 0 0 0 0 0 0 0 0 0 0 0 0 0 0 0 0 0 0 0 0 0 0 0 0 0 0 0 0 0 0 0 0 0 0 0 0 0 0 0 0 0 0 0 0 1 0 0 0 0 0 0 0 0 0 0 0 0 0 0 0 0 0 0 0 0 0 0 0 0 0 0 0 0 0 0 0 0 0 0 2 0 0 0 0 0 0 0 0 0 0 0 0 0 0 0 0 0 0 0 0 0 0 0 0 0 0 0 0 0 0 0 0 0 0 0 0 198 18 0 0 105 88 0 0 105 26 9 0 135 3 0 0 63 98 0 0 2 0 0 0 1 0 23 0 2 0 0 0 128 1 0 0 255 255 255 255 5 0 1 0 0 0 0 0 data 48 0x10005 0x9f 0x1af1dd30 0xa6e 0x0 0x0 0x80007 0xb0d 0x30 0x0 0xf0002 0x0 0x220007 0xac2 0x30 0x4b 0x290002 0x4b 0x4d0007 0x9fb 0xf0 0x1245f 0x530005 0x794 0x1af1dd30 0x11ccb 0x0 0x0 0x5b0007 0x0 0x58 0x1245f 0x62e007 0x114 0x38 0x1234d 0x6f0003 0x1234d 0x48 0x7d0005 0x3e 0x1c9c3ec0 0xd6 0x0 0x0 0x840003 0x1234d 0xffffffffffffff28 oops 3 2 java/lang/String 24 java/lang/String 41 org/eclipse/jdt/launching/internal/org/objectweb/asm/ByteVector
ciMethodData org/eclipse/jdt/launching/internal/org/objectweb/asm/SymbolTable$Entry <init> (IILjava/lang/String;I)V 2 8052 orig 264 88 115 31 96 0 0 0 0 64 160 60 25 0 0 0 0 80 1 0 0 0 0 0 0 0 0 0 0 0 0 0 0 0 0 0 0 0 0 0 0 0 0 0 0 0 0 0 0 0 0 0 0 0 0 0 0 0 0 0 0 0 0 0 0 0 0 0 0 0 0 0 0 0 0 0 0 0 0 0 0 77 68 79 32 101 120 116 114 97 32 100 97 116 97 32 108 111 99 107 0 0 0 0 0 0 0 0 0 0 0 0 0 0 0 0 0 0 0 0 0 0 0 0 0 0 0 0 0 0 0 0 0 0 0 0 0 0 0 0 0 0 0 0 0 0 0 0 0 0 0 0 0 0 0 0 0 0 0 0 0 0 0 0 0 0 0 0 0 0 0 0 0 0 0 0 0 0 0 0 0 0 0 0 0 0 0 0 0 0 0 0 0 0 0 0 0 0 0 0 0 0 0 0 0 0 0 0 0 0 0 0 0 0 0 0 0 201 0 0 0 89 245 0 0 1 0 0 0 0 0 0 0 0 0 0 0 2 0 0 0 0 0 3 0 2 0 0 0 16 0 0 0 255 255 255 255 2 0 7 0 0 0 0 0 data 2 0x70002 0x1eab oops 0
ciMethodData org/eclipse/jdt/launching/internal/org/objectweb/asm/Symbol <init> (IILjava/lang/String;Ljava/lang/String;Ljava/lang/String;J)V 2 5356 orig 264 88 115 31 96 0 0 0 0 136 155 60 25 0 0 0 0 104 1 0 0 0 0 0 0 0 0 0 0 0 0 0 0 0 0 0 0 0 0 0 0 0 0 0 0 0 0 0 0 0 0 0 0 0 0 0 0 0 0 0 0 0 0 0 0 0 0 0 0 0 0 0 0 0 0 0 0 0 0 0 0 77 68 79 32 101 120 116 114 97 32 100 97 116 97 32 108 111 99 107 0 0 0 0 0 0 0 0 0 0 0 0 0 0 0 0 0 0 0 0 0 0 0 0 0 0 0 0 0 0 0 0 0 0 0 0 0 0 0 0 0 0 0 0 0 0 0 0 0 0 0 0 0 0 0 0 0 0 0 0 0 0 0 0 0 0 0 0 0 0 0 0 0 0 0 0 0 0 0 0 0 0 0 0 0 0 0 0 0 0 0 0 0 0 0 0 0 0 0 0 0 0 0 0 0 0 0 0 0 0 0 0 0 0 0 0 0 213 0 0 0 185 160 0 0 1 0 0 0 0 0 0 0 0 0 0 0 2 0 0 0 0 0 3 0 2 0 0 0 16 0 0 0 255 255 255 255 2 0 1 0 0 0 0 0 data 2 0x10002 0x1417 oops 0
ciMethodData org/eclipse/jdt/launching/internal/org/objectweb/asm/SymbolTable put (Lorg/eclipse/jdt/launching/internal/org/objectweb/asm/SymbolTable$Entry;)Lorg/eclipse/jdt/launching/internal/org/objectweb/asm/SymbolTable$Entry; 2 11678 orig 264 88 115 31 96 0 0 0 0 160 102 60 25 0 0 0 0 64 2 0 0 0 0 0 0 0 0 0 0 0 0 0 0 0 0 0 0 0 0 0 0 0 0 0 0 0 0 0 0 0 0 0 0 0 0 0 0 0 0 0 0 0 0 0 0 0 0 0 0 0 0 0 0 0 0 0 0 0 0 0 0 77 68 79 32 101 120 116 114 97 32 100 97 116 97 32 108 111 99 107 0 0 0 0 0 0 0 0 0 0 0 0 0 0 0 0 0 0 0 0 0 0 0 0 0 0 0 0 0 0 0 0 0 0 0 0 0 0 0 0 0 0 0 0 0 0 0 0 0 0 0 0 0 0 0 0 0 0 0 0 0 0 0 0 0 0 0 0 0 0 0 0 0 0 0 0 0 0 0 0 0 0 0 0 0 0 0 0 0 0 0 0 0 0 0 0 0 0 0 0 0 0 0 0 0 0 0 0 0 0 0 0 0 0 0 0 0 213 0 0 0 145 194 0 0 241 108 1 0 0 0 0 0 0 0 0 0 2 0 0 0 2 0 12 0 2 0 0 0 240 0 0 0 255 255 255 255 7 0 13 0 0 0 0 0 data 30 0xd0007 0x1842 0xc0 0x10 0x290007 0x10 0xa0 0x1a0a 0x370007 0x1a0a 0x68 0x1394 0x5a0004 0x0 0x1c616f70 0x1394 0x0 0x0 0x5f0003 0x1394 0xffffffffffffffb0 0x650003 0x1a0a 0xffffffffffffff78 0x940004 0x0 0x1c616f70 0x1852 0x0 0x0 oops 2 14 org/eclipse/jdt/launching/internal/org/objectweb/asm/SymbolTable$Entry 26 org/eclipse/jdt/launching/internal/org/objectweb/asm/SymbolTable$Entry
ciMethodData org/eclipse/jdt/launching/internal/org/objectweb/asm/ByteVector putShort (I)Lorg/eclipse/jdt/launching/internal/org/objectweb/asm/ByteVector; 2 6577 orig 264 88 115 31 96 0 0 0 0 192 188 60 25 0 0 0 0 88 1 0 0 0 0 0 0 0 0 0 0 0 0 0 0 0 0 0 0 0 0 0 0 0 0 0 0 0 0 0 0 0 0 0 0 0 0 0 0 0 0 0 0 0 0 0 0 0 0 0 0 0 0 0 0 0 0 0 0 0 0 0 0 77 68 79 32 101 120 116 114 97 32 100 97 116 97 32 108 111 99 107 0 0 0 0 0 0 0 0 0 0 0 0 0 0 0 0 0 0 0 0 0 0 0 0 0 0 0 0 0 0 0 0 0 0 0 0 0 0 0 0 0 0 0 0 0 0 0 0 0 0 0 0 0 0 0 0 0 0 0 0 0 0 0 0 0 0 0 0 0 0 0 0 0 0 0 0 0 0 0 0 0 0 0 0 0 0 0 0 0 0 0 0 0 0 0 0 0 0 0 0 0 0 0 0 0 0 0 0 0 0 0 0 0 0 0 0 0 152 1 0 0 201 192 0 0 1 0 0 0 0 0 0 0 0 0 0 0 2 0 0 0 0 0 6 0 2 0 0 0 48 0 0 0 255 255 255 255 7 0 13 0 0 0 0 0 data 6 0xd0007 0x1812 0x30 0x7 0x120002 0x7 oops 0
ciMethodData org/eclipse/jdt/launching/internal/org/objectweb/asm/ByteVector enlarge (I)V 2 1139 orig 264 88 115 31 96 0 0 0 0 240 200 60 25 0 0 0 0 152 1 0 0 32 0 0 0 0 0 0 0 0 0 0 0 0 0 0 0 0 0 0 0 0 0 0 0 0 0 0 0 0 0 0 0 0 0 0 0 0 0 0 0 0 0 0 0 0 0 0 0 0 0 0 0 0 0 0 0 0 0 0 0 77 68 79 32 101 120 116 114 97 32 100 97 116 97 32 108 111 99 107 0 0 0 0 0 0 0 0 0 0 0 0 0 0 0 0 0 0 0 0 0 0 0 0 0 0 0 0 0 0 0 0 0 0 0 0 0 0 0 0 0 0 0 0 0 0 0 0 0 0 0 0 0 0 0 0 0 0 0 0 0 0 0 0 0 0 0 0 0 0 0 0 0 0 0 0 0 0 0 0 0 0 0 0 0 0 0 0 0 0 0 0 0 0 0 0 0 0 0 0 0 0 0 0 0 0 0 0 0 0 0 0 0 0 0 0 0 40 0 0 0 89 34 0 0 1 0 0 0 0 0 0 0 0 0 0 0 2 0 0 0 0 0 6 0 2 0 0 0 72 0 0 0 255 255 255 255 7 0 17 0 0 0 0 0 data 9 0x110007 0x69 0x38 0x3e2 0x150003 0x3e2 0x18 0x290002 0x44b oops 0
ciMethodData org/eclipse/jdt/launching/internal/org/objectweb/asm/ClassReader readUTF (I[C)Ljava/lang/String; 2 5409 orig 264 88 115 31 96 0 0 0 0 152 246 58 25 0 0 0 0 232 1 0 0 0 0 0 0 0 0 0 0 0 0 0 0 0 0 0 0 0 0 0 0 0 0 0 0 0 0 0 0 0 0 0 0 0 0 0 0 0 0 0 0 0 0 0 0 0 0 0 0 0 0 0 0 0 0 0 0 0 0 0 0 77 68 79 32 101 120 116 114 97 32 100 97 116 97 32 108 111 99 107 0 0 0 0 0 0 0 0 0 0 0 0 0 0 0 0 0 0 0 0 0 0 0 0 0 0 0 0 0 0 0 0 0 0 0 0 0 0 0 0 0 0 0 0 0 0 0 0 0 0 0 0 0 0 0 0 0 0 0 0 0 0 0 0 0 0 0 0 0 0 0 0 0 0 0 0 0 0 0 0 0 0 0 0 0 0 0 0 0 0 0 0 0 0 0 0 0 0 0 0 0 0 0 0 0 0 0 0 0 0 0 0 0 0 0 0 0 6 1 0 0 217 160 0 0 1 0 0 0 0 0 0 0 0 0 0 0 2 0 0 0 0 0 5 0 2 0 0 0 144 0 0 0 255 255 255 255 7 0 8 0 0 0 0 0 data 18 0x80007 0x66a 0x20 0xdb1 0x220005 0x0 0x1b263bc0 0x66a 0x0 0x0 0x260002 0x66a 0x2a0004 0x0 0x1af1dd30 0x66a 0x0 0x0 oops 2 6 org/eclipse/jdt/launching/internal/org/objectweb/asm/ClassReader 14 java/lang/String
ciMethodData org/eclipse/jdt/launching/internal/org/objectweb/asm/ClassReader readUTF8 (I[C)Ljava/lang/String; 2 35523 orig 264 88 115 31 96 0 0 0 0 152 245 58 25 0 0 0 0 248 1 0 0 80 0 0 0 0 0 0 0 0 0 0 0 0 0 0 0 0 0 0 0 0 0 0 0 0 0 0 0 0 0 0 0 0 0 0 0 0 0 0 0 0 0 0 0 0 0 0 0 0 0 0 0 0 0 0 0 0 0 0 0 77 68 79 32 101 120 116 114 97 32 100 97 116 97 32 108 111 99 107 0 0 0 0 0 0 0 0 0 0 0 0 0 0 0 0 0 0 0 0 0 0 0 0 0 0 0 0 0 0 0 0 0 0 0 0 0 0 0 0 0 0 0 0 0 0 0 0 0 0 0 0 0 0 0 0 0 0 0 0 0 0 0 0 0 0 0 0 0 0 0 0 0 0 0 0 0 0 0 0 0 0 0 0 0 0 0 0 0 0 0 0 0 0 0 0 0 0 0 0 0 0 0 0 0 0 0 0 0 0 0 0 0 0 0 0 0 79 1 0 0 161 75 4 0 1 0 0 0 0 0 0 0 0 0 0 0 2 0 0 0 0 0 8 0 2 0 0 0 160 0 0 0 255 255 255 255 5 0 2 0 0 0 0 0 data 20 0x20005 0x0 0x1b263bc0 0x8974 0x0 0x0 0x70007 0x9b 0x40 0x88d9 0xb0007 0x88d6 0x20 0x3 0x130005 0x0 0x1b263bc0 0x88d6 0x0 0x0 oops 2 2 org/eclipse/jdt/launching/internal/org/objectweb/asm/ClassReader 16 org/eclipse/jdt/launching/internal/org/objectweb/asm/ClassReader
ciMethodData org/eclipse/jdt/launching/internal/org/objectweb/asm/ClassReader readInt (I)I 2 1987 orig 264 88 115 31 96 0 0 0 0 216 243 58 25 0 0 0 0 40 1 0 0 0 0 0 0 0 0 0 0 0 0 0 0 0 0 0 0 0 0 0 0 0 0 0 0 0 0 0 0 0 0 0 0 0 0 0 0 0 0 0 0 0 0 0 0 0 0 0 0 0 0 0 0 0 0 0 0 0 0 0 0 77 68 79 32 101 120 116 114 97 32 100 97 116 97 32 108 111 99 107 0 0 0 0 0 0 0 0 0 0 0 0 0 0 0 0 0 0 0 0 0 0 0 0 0 0 0 0 0 0 0 0 0 0 0 0 0 0 0 0 0 0 0 0 0 0 0 0 0 0 0 0 0 0 0 0 0 0 0 0 0 0 0 0 0 0 0 0 0 0 0 0 0 0 0 0 0 0 0 0 0 0 0 0 0 0 0 0 0 0 0 0 0 0 0 0 0 0 0 0 0 0 0 0 0 0 0 0 0 0 0 0 0 0 0 0 0 0 2 0 0 25 46 0 0 1 0 0 0 0 0 0 0 0 0 0 0 2 0 0 0 0 0 3 0 1 0 0 0 0 0 0 0 255 255 255 255 0 0 0 0 0 0 0 0 data 0 oops 0
ciMethodData org/eclipse/jdt/launching/internal/org/objectweb/asm/ClassReader createDebugLabel (I[Lorg/eclipse/jdt/launching/internal/org/objectweb/asm/Label;)V 2 10902 orig 264 88 115 31 96 0 0 0 0 112 209 58 25 0 0 0 0 168 1 0 0 0 0 0 0 0 0 0 0 0 0 0 0 0 0 0 0 0 0 0 0 0 0 0 0 0 0 0 0 0 0 0 0 0 0 0 0 0 0 0 0 0 0 0 0 0 0 0 0 0 0 0 0 0 0 0 0 0 0 0 0 77 68 79 32 101 120 116 114 97 32 100 97 116 97 32 108 111 99 107 0 0 0 0 0 0 0 0 0 0 0 0 0 0 0 0 0 0 0 0 0 0 0 0 0 0 0 0 0 0 0 0 0 0 0 0 0 0 0 0 0 0 0 0 0 0 0 0 0 0 0 0 0 0 0 0 0 0 0 0 0 0 0 0 0 0 0 0 0 0 0 0 0 0 0 0 0 0 0 0 0 0 0 0 0 0 0 0 0 0 0 0 0 0 0 0 0 0 0 0 0 0 0 0 0 0 0 0 0 0 0 0 0 0 0 0 0 0 2 0 0 177 68 1 0 1 0 0 0 0 0 0 0 0 0 0 0 2 0 0 0 0 0 10 0 2 0 0 0 80 0 0 0 255 255 255 255 7 0 3 0 0 0 0 0 data 10 0x30007 0x16ed 0x50 0x11a9 0x90005 0x0 0x1b263bc0 0x11a9 0x0 0x0 oops 1 6 org/eclipse/jdt/launching/internal/org/objectweb/asm/ClassReader
ciMethodData org/eclipse/jdt/launching/internal/org/objectweb/asm/ByteVector put12 (II)Lorg/eclipse/jdt/launching/internal/org/objectweb/asm/ByteVector; 2 8598 orig 264 88 115 31 96 0 0 0 0 216 189 60 25 0 0 0 0 96 1 0 0 0 0 0 0 0 0 0 0 0 0 0 0 0 0 0 0 0 0 0 0 0 0 0 0 0 0 0 0 0 0 0 0 0 0 0 0 0 0 0 0 0 0 0 0 0 0 0 0 0 0 0 0 0 0 0 0 0 0 0 0 77 68 79 32 101 120 116 114 97 32 100 97 116 97 32 108 111 99 107 0 0 0 0 0 0 0 0 0 0 0 0 0 0 0 0 0 0 0 0 0 0 0 0 0 0 0 0 0 0 0 0 0 0 0 0 0 0 0 0 0 0 0 0 0 0 0 0 0 0 0 0 0 0 0 0 0 0 0 0 0 0 0 0 0 0 0 0 0 0 0 0 0 0 0 0 0 0 0 0 0 0 0 0 0 0 0 0 0 0 0 0 0 0 0 0 0 0 0 0 0 0 0 0 0 0 0 0 0 0 0 0 0 0 0 0 0 0 2 0 0 177 252 0 0 1 0 0 0 0 0 0 0 0 0 0 0 2 0 0 0 0 0 6 0 2 0 0 0 48 0 0 0 255 255 255 255 7 0 13 0 0 0 0 0 data 6 0xd0007 0x1f1c 0x30 0x7a 0x120002 0x7a oops 0
ciMethodData org/eclipse/jdt/launching/internal/org/objectweb/asm/ClassReader readClass (I[C)Ljava/lang/String; 2 9877 orig 264 88 115 31 96 0 0 0 0 208 249 58 25 0 0 0 0 64 1 0 0 0 0 0 0 0 0 0 0 0 0 0 0 0 0 0 0 0 0 0 0 0 0 0 0 0 0 0 0 0 0 0 0 0 0 0 0 0 0 0 0 0 0 0 0 0 0 0 0 0 0 0 0 0 0 0 0 0 0 0 0 77 68 79 32 101 120 116 114 97 32 100 97 116 97 32 108 111 99 107 0 0 0 0 0 0 0 0 0 0 0 0 0 0 0 0 0 0 0 0 0 0 0 0 0 0 0 0 0 0 0 0 0 0 0 0 0 0 0 0 0 0 0 0 0 0 0 0 0 0 0 0 0 0 0 0 0 0 0 0 0 0 0 0 0 0 0 0 0 0 0 0 0 0 0 0 0 0 0 0 0 0 0 0 0 0 0 0 0 0 0 0 0 0 0 0 0 0 0 0 0 0 0 0 0 0 0 0 0 0 0 0 0 0 0 0 0 0 2 0 0 169 36 1 0 1 0 0 0 0 0 0 0 0 0 0 0 2 0 0 0 0 0 10 0 2 0 0 0 16 0 0 0 255 255 255 255 2 0 3 0 0 0 0 0 data 2 0x30002 0x2495 oops 0
ciMethodData org/eclipse/jdt/launching/internal/org/objectweb/asm/ClassReader readStringish (I[C)Ljava/lang/String; 2 9877 orig 264 88 115 31 96 0 0 0 0 16 249 58 25 0 0 0 0 184 1 0 0 0 0 0 0 0 0 0 0 0 0 0 0 0 0 0 0 0 0 0 0 0 0 0 0 0 0 0 0 0 0 0 0 0 0 0 0 0 0 0 0 0 0 0 0 0 0 0 0 0 0 0 0 0 0 0 0 0 0 0 0 77 68 79 32 101 120 116 114 97 32 100 97 116 97 32 108 111 99 107 0 0 0 0 0 0 0 0 0 0 0 0 0 0 0 0 0 0 0 0 0 0 0 0 0 0 0 0 0 0 0 0 0 0 0 0 0 0 0 0 0 0 0 0 0 0 0 0 0 0 0 0 0 0 0 0 0 0 0 0 0 0 0 0 0 0 0 0 0 0 0 0 0 0 0 0 0 0 0 0 0 0 0 0 0 0 0 0 0 0 0 0 0 0 0 0 0 0 0 0 0 0 0 0 0 0 0 0 0 0 0 0 0 0 0 0 0 0 2 0 0 169 36 1 0 1 0 0 0 0 0 0 0 0 0 0 0 2 0 0 0 0 0 9 0 2 0 0 0 96 0 0 0 255 255 255 255 5 0 7 0 0 0 0 0 data 12 0x70005 0x0 0x1b263bc0 0x2495 0x0 0x0 0xc0005 0x0 0x1b263bc0 0x2495 0x0 0x0 oops 2 2 org/eclipse/jdt/launching/internal/org/objectweb/asm/ClassReader 8 org/eclipse/jdt/launching/internal/org/objectweb/asm/ClassReader
ciMethodData org/eclipse/jdt/launching/internal/org/objectweb/asm/ClassReader readLabel (I[Lorg/eclipse/jdt/launching/internal/org/objectweb/asm/Label;)Lorg/eclipse/jdt/launching/internal/org/objectweb/asm/Label; 2 9397 orig 264 88 115 31 96 0 0 0 0 200 207 58 25 0 0 0 0 184 1 0 0 0 0 0 0 0 0 0 0 0 0 0 0 0 0 0 0 0 0 0 0 0 0 0 0 0 0 0 0 0 0 0 0 0 0 0 0 0 0 0 0 0 0 0 0 0 0 0 0 0 0 0 0 0 0 0 0 0 0 0 0 77 68 79 32 101 120 116 114 97 32 100 97 116 97 32 108 111 99 107 0 0 0 0 0 0 0 0 0 0 0 0 0 0 0 0 0 0 0 0 0 0 0 0 0 0 0 0 0 0 0 0 0 0 0 0 0 0 0 0 0 0 0 0 0 0 0 0 0 0 0 0 0 0 0 0 0 0 0 0 0 0 0 0 0 0 0 0 0 0 0 0 0 0 0 0 0 0 0 0 0 0 0 0 0 0 0 0 0 0 0 0 0 0 0 0 0 0 0 0 0 0 0 0 0 0 0 0 0 0 0 0 0 0 0 0 0 0 2 0 0 169 21 1 0 1 0 0 0 0 0 0 0 0 0 0 0 2 0 0 0 0 0 6 0 2 0 0 0 96 0 0 0 255 255 255 255 7 0 3 0 0 0 0 0 data 12 0x30007 0x953 0x60 0x1962 0xc0002 0x1962 0xf0004 0x0 0x1b268ac0 0x1962 0x0 0x0 oops 1 8 org/eclipse/jdt/launching/internal/org/objectweb/asm/Label
ciMethodData org/eclipse/jdt/launching/internal/org/objectweb/asm/SymbolTable addConstantUtf8Reference (ILjava/lang/String;)Lorg/eclipse/jdt/launching/internal/org/objectweb/asm/Symbol; 2 7654 orig 264 88 115 31 96 0 0 0 0 88 132 60 25 0 0 0 0 192 2 0 0 16 0 0 0 0 0 0 0 0 0 0 0 0 0 0 0 0 0 0 0 0 0 0 0 0 0 0 0 0 0 0 0 0 0 0 0 0 0 0 0 0 0 0 0 0 0 0 0 0 0 0 0 0 0 0 0 0 0 0 0 77 68 79 32 101 120 116 114 97 32 100 97 116 97 32 108 111 99 107 0 0 0 0 0 0 0 0 0 0 0 0 0 0 0 0 0 0 0 0 0 0 0 0 0 0 0 0 0 0 0 0 0 0 0 0 0 0 0 0 0 0 0 0 0 0 0 0 0 0 0 0 0 0 0 0 0 0 0 0 0 0 0 0 0 0 0 0 0 0 0 0 0 0 0 0 0 0 0 0 0 0 0 0 0 0 0 0 0 0 0 0 0 0 0 0 0 0 0 0 0 0 0 0 0 0 0 0 0 0 0 0 0 0 0 0 0 0 2 0 0 49 223 0 0 233 60 0 0 0 0 0 0 0 0 0 0 2 0 0 0 1 0 13 0 2 0 0 0 104 1 0 0 255 255 255 255 2 0 2 0 0 0 0 0 data 45 0x20002 0x1be6 0x80002 0x1be6 0xf0007 0x7ee 0xc8 0x1b94 0x180007 0x6c5 0x90 0x14cf 0x210007 0xd7 0x70 0x13f8 0x2a0005 0x1d 0x1af1dd30 0x13db 0x0 0x0 0x2d0007 0x0 0x20 0x13f8 0x3a0003 0x79c 0xffffffffffffff50 0x440005 0x6 0x1c8cf620 0x7e8 0x0 0x0 0x470005 0x6 0x1c9c3ec0 0x7e8 0x0 0x0 0x5e0002 0x7ee 0x610002 0x7ee oops 3 18 java/lang/String 31 org/eclipse/jdt/launching/internal/org/objectweb/asm/SymbolTable 37 org/eclipse/jdt/launching/internal/org/objectweb/asm/ByteVector
ciMethodData org/eclipse/jdt/launching/internal/org/objectweb/asm/Label <init> ()V 2 6920 orig 264 88 115 31 96 0 0 0 0 200 77 61 25 0 0 0 0 48 1 0 0 0 0 0 0 0 0 0 0 0 0 0 0 0 0 0 0 0 0 0 0 0 0 0 0 0 0 0 0 0 0 0 0 0 0 0 0 0 0 0 0 0 0 0 0 0 0 0 0 0 0 0 0 0 0 0 0 0 0 0 0 77 68 79 32 101 120 116 114 97 32 100 97 116 97 32 108 111 99 107 0 0 0 0 0 0 0 0 0 0 0 0 0 0 0 0 0 0 0 0 0 0 0 0 0 0 0 0 0 0 0 0 0 0 0 0 0 0 0 0 0 0 0 0 0 0 0 0 0 0 0 0 0 0 0 0 0 0 0 0 0 0 0 0 0 0 0 0 0 0 0 0 0 0 0 0 0 0 0 0 0 0 0 0 0 0 0 0 0 0 0 0 0 0 0 0 0 0 0 0 0 0 0 0 0 0 0 0 0 0 0 0 0 0 0 0 0 0 2 0 0 65 200 0 0 1 0 0 0 0 0 0 0 0 0 0 0 2 0 0 0 0 0 3 0 2 0 0 0 16 0 0 0 255 255 255 255 2 0 1 0 0 0 0 0 data 2 0x10002 0x1908 oops 0
ciMethodData org/eclipse/jdt/launching/internal/org/objectweb/asm/MethodWriter visitLabel (Lorg/eclipse/jdt/launching/internal/org/objectweb/asm/Label;)V 2 7116 orig 264 88 115 31 96 0 0 0 0 104 136 59 25 0 0 0 0 88 3 0 0 216 1 0 0 0 0 0 0 0 0 0 0 0 0 0 0 0 0 0 0 0 0 0 0 0 0 0 0 0 0 0 0 0 0 0 0 0 0 0 0 0 0 0 0 0 0 0 0 0 0 0 0 0 0 0 0 0 0 0 0 77 68 79 32 101 120 116 114 97 32 100 97 116 97 32 108 111 99 107 0 0 0 0 0 0 0 0 0 0 0 0 0 0 0 0 0 0 0 0 0 0 0 0 0 0 0 0 0 0 0 0 0 0 0 0 0 0 0 0 0 0 0 0 0 0 0 0 0 0 0 0 0 0 0 0 0 0 0 0 0 0 0 0 0 0 0 0 0 0 0 0 0 0 0 0 0 0 0 0 0 0 0 0 0 0 0 0 0 0 0 0 0 0 0 0 0 0 0 0 0 0 0 0 0 0 0 0 0 0 0 0 0 0 0 0 0 0 2 0 0 97 206 0 0 1 0 0 0 0 0 0 0 0 0 0 0 2 0 0 0 0 0 30 0 2 0 0 0 8 2 0 0 255 255 255 255 5 0 20 0 0 0 0 0 data 65 0x140005 0x88 0x1b268ac0 0x1944 0x0 0x0 0x210007 0x85a 0x20 0x1172 0x2a0007 0x85a 0xd8 0x0 0x310007 0x0 0x50 0x0 0x3f0007 0x0 0x20 0x0 0x640002 0x0 0x6b0007 0x0 0x40 0x0 0x790007 0x0 0x20 0x0 0xbb0002 0x0 0xc10003 0x0 0xf8 0xc90007 0x85a 0x70 0x0 0xd00007 0x0 0x38 0x0 0xd80003 0x0 0xa0 0xe60003 0x0 0x88 0xee0007 0x85a 0x70 0x0 0xf50007 0x0 0x30 0x0 0x10a0002 0x0 0x1200007 0x0 0x20 0x0 oops 1 2 org/eclipse/jdt/launching/internal/org/objectweb/asm/Label
ciMethodData org/eclipse/jdt/launching/internal/org/objectweb/asm/Label resolve ([BI)Z 2 7116 orig 264 88 115 31 96 0 0 0 0 184 85 61 25 0 0 0 0 40 2 0 0 184 0 0 0 0 0 0 0 0 0 0 0 0 0 0 0 0 0 0 0 0 0 0 0 0 0 0 0 0 0 0 0 0 0 0 0 0 0 0 0 0 0 0 0 0 0 0 0 0 0 0 0 0 0 0 0 0 0 0 0 77 68 79 32 101 120 116 114 97 32 100 97 116 97 32 108 111 99 107 0 0 0 0 0 0 0 0 0 0 0 0 0 0 0 0 0 0 0 0 0 0 0 0 0 0 0 0 0 0 0 0 0 0 0 0 0 0 0 0 0 0 0 0 0 0 0 0 0 0 0 0 0 0 0 0 0 0 0 0 0 0 0 0 0 0 0 0 0 0 0 0 0 0 0 0 0 0 0 0 0 0 0 0 0 0 0 0 0 0 0 0 0 0 0 0 0 0 0 0 0 0 0 0 0 0 0 0 0 0 0 0 0 0 0 0 0 0 2 0 0 97 206 0 0 113 61 0 0 0 0 0 0 0 0 0 0 2 0 0 0 1 0 18 0 2 0 0 0 232 0 0 0 255 255 255 255 7 0 27 0 0 0 0 0 data 29 0x1b0007 0x19cc 0xe8 0x7ae 0x460007 0x0 0xb0 0x7ae 0x4e0007 0x0 0x40 0x7ae 0x560007 0x7ae 0x58 0x0 0x680007 0x0 0x38 0x0 0x750003 0x0 0x18 0x980003 0x7ae 0x18 0xcc0003 0x7ae 0xffffffffffffff30 oops 0
ciMethodData org/eclipse/jdt/launching/internal/org/objectweb/asm/SymbolTable addConstantClass (Ljava/lang/String;)Lorg/eclipse/jdt/launching/internal/org/objectweb/asm/Symbol; 2 6256 orig 264 88 115 31 96 0 0 0 0 72 106 60 25 0 0 0 0 56 1 0 0 0 0 0 0 0 0 0 0 0 0 0 0 0 0 0 0 0 0 0 0 0 0 0 0 0 0 0 0 0 0 0 0 0 0 0 0 0 0 0 0 0 0 0 0 0 0 0 0 0 0 0 0 0 0 0 0 0 0 0 0 77 68 79 32 101 120 116 114 97 32 100 97 116 97 32 108 111 99 107 0 0 0 0 0 0 0 0 0 0 0 0 0 0 0 0 0 0 0 0 0 0 0 0 0 0 0 0 0 0 0 0 0 0 0 0 0 0 0 0 0 0 0 0 0 0 0 0 0 0 0 0 0 0 0 0 0 0 0 0 0 0 0 0 0 0 0 0 0 0 0 0 0 0 0 0 0 0 0 0 0 0 0 0 0 0 0 0 0 0 0 0 0 0 0 0 0 0 0 0 0 0 0 0 0 0 0 0 0 0 0 0 0 0 0 0 0 0 2 0 0 129 179 0 0 1 0 0 0 0 0 0 0 0 0 0 0 2 0 0 0 0 0 3 0 2 0 0 0 16 0 0 0 255 255 255 255 2 0 4 0 0 0 0 0 data 2 0x40002 0x1670 oops 0
ciMethodData org/eclipse/jdt/launching/internal/org/objectweb/asm/ByteVector <init> ()V 2 3950 orig 264 88 115 31 96 0 0 0 0 96 184 60 25 0 0 0 0 48 1 0 0 0 0 0 0 0 0 0 0 0 0 0 0 0 0 0 0 0 0 0 0 0 0 0 0 0 0 0 0 0 0 0 0 0 0 0 0 0 0 0 0 0 0 0 0 0 0 0 0 0 0 0 0 0 0 0 0 0 0 0 0 77 68 79 32 101 120 116 114 97 32 100 97 116 97 32 108 111 99 107 0 0 0 0 0 0 0 0 0 0 0 0 0 0 0 0 0 0 0 0 0 0 0 0 0 0 0 0 0 0 0 0 0 0 0 0 0 0 0 0 0 0 0 0 0 0 0 0 0 0 0 0 0 0 0 0 0 0 0 0 0 0 0 0 0 0 0 0 0 0 0 0 0 0 0 0 0 0 0 0 0 0 0 0 0 0 0 0 0 0 0 0 0 0 0 0 0 0 0 0 0 0 0 0 0 0 0 0 0 0 0 0 0 0 0 0 0 0 2 0 0 113 107 0 0 1 0 0 0 0 0 0 0 0 0 0 0 2 0 0 0 0 0 3 0 2 0 0 0 16 0 0 0 255 255 255 255 2 0 1 0 0 0 0 0 data 2 0x10002 0xd6e oops 0
ciMethodData org/eclipse/jdt/launching/internal/org/objectweb/asm/Label accept (Lorg/eclipse/jdt/launching/internal/org/objectweb/asm/MethodVisitor;Z)V 2 6213 orig 264 88 115 31 96 0 0 0 0 104 81 61 25 0 0 0 0 128 2 0 0 160 0 0 0 0 0 0 0 0 0 0 0 0 0 0 0 0 0 0 0 0 0 0 0 0 0 0 0 0 0 0 0 0 0 0 0 0 0 0 0 0 0 0 0 0 0 0 0 0 0 0 0 0 0 0 0 0 0 0 0 77 68 79 32 101 120 116 114 97 32 100 97 116 97 32 108 111 99 107 0 0 0 0 0 0 0 0 0 0 0 0 0 0 0 0 0 0 0 0 0 0 0 0 0 0 0 0 0 0 0 0 0 0 0 0 0 0 0 0 0 0 0 0 0 0 0 0 0 0 0 0 0 0 0 0 0 0 0 0 0 0 0 0 0 0 0 0 0 0 0 0 0 0 0 0 0 0 0 0 0 0 0 0 0 0 0 0 0 0 0 0 0 0 0 0 0 0 0 0 0 0 0 0 0 0 0 0 0 0 0 0 0 0 0 0 0 0 2 0 0 41 178 0 0 1 0 0 0 0 0 0 0 0 0 0 0 2 0 0 0 1 0 13 0 2 0 0 0 40 1 0 0 255 255 255 255 5 0 2 0 0 0 0 0 data 37 0x20005 0x0 0x1b268a10 0x1645 0x0 0x0 0x60007 0x0 0xf8 0x1645 0xd0007 0x2be 0xd8 0x1387 0x190005 0x0 0x1b268a10 0x1387 0x0 0x0 0x200007 0x1387 0x88 0x0 0x2c0007 0x0 0x68 0x0 0x370005 0x0 0x0 0x0 0x0 0x0 0x3d0003 0x0 0xffffffffffffffb0 oops 2 2 org/eclipse/jdt/launching/internal/org/objectweb/asm/MethodWriter 16 org/eclipse/jdt/launching/internal/org/objectweb/asm/MethodWriter
ciMethodData org/eclipse/jdt/launching/internal/org/objectweb/asm/Label addLineNumber (I)V 2 5473 orig 264 88 115 31 96 0 0 0 0 88 80 61 25 0 0 0 0 216 1 0 0 56 0 0 0 0 0 0 0 0 0 0 0 0 0 0 0 0 0 0 0 0 0 0 0 0 0 0 0 0 0 0 0 0 0 0 0 0 0 0 0 0 0 0 0 0 0 0 0 0 0 0 0 0 0 0 0 0 0 0 0 77 68 79 32 101 120 116 114 97 32 100 97 116 97 32 108 111 99 107 0 0 0 0 0 0 0 0 0 0 0 0 0 0 0 0 0 0 0 0 0 0 0 0 0 0 0 0 0 0 0 0 0 0 0 0 0 0 0 0 0 0 0 0 0 0 0 0 0 0 0 0 0 0 0 0 0 0 0 0 0 0 0 0 0 0 0 0 0 0 0 0 0 0 0 0 0 0 0 0 0 0 0 0 0 0 0 0 0 0 0 0 0 0 0 0 0 0 0 0 0 0 0 0 0 0 0 0 0 0 0 0 0 0 0 0 0 0 2 0 0 9 155 0 0 1 0 0 0 0 0 0 0 0 0 0 0 2 0 0 0 0 0 12 0 2 0 0 0 136 0 0 0 255 255 255 255 7 0 4 0 0 0 0 0 data 17 0x40007 0x0 0x38 0x1361 0xd0003 0x1361 0x68 0x140007 0x0 0x20 0x0 0x300007 0x0 0x30 0x0 0x4a0002 0x0 oops 0
ciMethodData org/eclipse/jdt/launching/internal/org/objectweb/asm/MethodWriter visitLineNumber (ILorg/eclipse/jdt/launching/internal/org/objectweb/asm/Label;)V 2 5479 orig 264 88 115 31 96 0 0 0 0 240 152 59 25 0 0 0 0 232 1 0 0 32 0 0 0 0 0 0 0 0 0 0 0 0 0 0 0 0 0 0 0 0 0 0 0 0 0 0 0 0 0 0 0 0 0 0 0 0 0 0 0 0 0 0 0 0 0 0 0 0 0 0 0 0 0 0 0 0 0 0 0 77 68 79 32 101 120 116 114 97 32 100 97 116 97 32 108 111 99 107 0 0 0 0 0 0 0 0 0 0 0 0 0 0 0 0 0 0 0 0 0 0 0 0 0 0 0 0 0 0 0 0 0 0 0 0 0 0 0 0 0 0 0 0 0 0 0 0 0 0 0 0 0 0 0 0 0 0 0 0 0 0 0 0 0 0 0 0 0 0 0 0 0 0 0 0 0 0 0 0 0 0 0 0 0 0 0 0 0 0 0 0 0 0 0 0 0 0 0 0 0 0 0 0 0 0 0 0 0 0 0 0 0 0 0 0 0 0 2 0 0 57 155 0 0 1 0 0 0 0 0 0 0 0 0 0 0 2 0 0 0 0 0 6 0 2 0 0 0 144 0 0 0 255 255 255 255 7 0 4 0 0 0 0 0 data 18 0x40007 0x1055 0x30 0x312 0xc0002 0x312 0x240005 0x0 0x1c9c3ec0 0x1367 0x0 0x0 0x2d0005 0x0 0x1c9c3ec0 0x1367 0x0 0x0 oops 2 8 org/eclipse/jdt/launching/internal/org/objectweb/asm/ByteVector 14 org/eclipse/jdt/launching/internal/org/objectweb/asm/ByteVector
ciMethodData org/eclipse/jdt/launching/internal/org/objectweb/asm/MethodWriter visitInsn (I)V 2 6684 orig 264 88 115 31 96 0 0 0 0 8 121 59 25 0 0 0 0 184 2 0 0 56 1 0 0 0 0 0 0 0 0 0 0 0 0 0 0 0 0 0 0 0 0 0 0 0 0 0 0 0 0 0 0 0 0 0 0 0 0 0 0 0 0 0 0 0 0 0 0 0 0 0 0 0 0 0 0 0 0 0 0 77 68 79 32 101 120 116 114 97 32 100 97 116 97 32 108 111 99 107 0 0 0 0 0 0 0 0 0 0 0 0 0 0 0 0 0 0 0 0 0 0 0 0 0 0 0 0 0 0 0 0 0 0 0 0 0 0 0 0 0 0 0 0 0 0 0 0 0 0 0 0 0 0 0 0 0 0 0 0 0 0 0 0 0 0 0 0 0 0 0 0 0 0 0 0 0 0 0 0 0 0 0 0 0 0 0 0 0 0 0 0 0 0 0 0 0 0 0 0 0 0 0 0 0 0 0 0 0 0 0 0 0 0 0 0 0 131 1 0 0 201 196 0 0 1 0 0 0 0 0 0 0 0 0 0 0 2 0 0 0 0 0 23 0 2 0 0 0 104 1 0 0 255 255 255 255 5 0 16 0 0 0 0 0 data 45 0x100005 0x0 0x1c9c3ec0 0x1899 0x0 0x0 0x180007 0x1899 0x138 0x0 0x200007 0x0 0x40 0x0 0x280007 0x0 0x68 0x0 0x360005 0x0 0x0 0x0 0x0 0x0 0x390003 0x0 0x38 0x4c0007 0x0 0x20 0x0 0x5d0007 0x0 0x40 0x0 0x640007 0x0 0x40 0x0 0x6b0007 0x0 0x30 0x0 0x6f0002 0x0 oops 1 2 org/eclipse/jdt/launching/internal/org/objectweb/asm/ByteVector
ciMethodData org/eclipse/jdt/launching/internal/org/objectweb/asm/ClassReader readCode (Lorg/eclipse/jdt/launching/internal/org/objectweb/asm/MethodVisitor;Lorg/eclipse/jdt/launching/internal/org/objectweb/asm/Context;I)V 2 76412 orig 264 88 115 31 96 0 0 0 0 248 206 58 25 0 0 0 0 48 74 0 0 88 71 0 0 0 0 0 0 0 0 0 0 0 0 0 0 0 0 0 0 0 0 0 0 0 0 0 0 0 0 0 0 0 0 0 0 0 0 0 0 0 0 0 0 0 0 0 0 0 0 0 0 0 0 0 0 0 0 0 0 77 68 79 32 101 120 116 114 97 32 100 97 116 97 32 108 111 99 107 0 0 0 0 0 0 0 0 0 0 0 0 0 0 0 0 0 0 0 0 0 0 0 0 0 0 0 0 0 0 0 0 0 0 0 0 0 0 0 0 0 0 0 0 0 0 0 0 0 0 0 0 0 0 0 0 0 0 0 0 0 0 0 0 0 0 0 0 0 0 0 0 0 0 0 0 0 0 0 0 0 0 0 0 0 0 0 0 0 0 0 0 0 0 0 0 0 0 0 0 0 0 0 0 0 0 0 0 0 0 0 0 0 0 0 0 0 0 36 0 0 193 20 0 0 225 51 8 0 0 0 0 0 0 0 0 0 2 0 0 0 21 0 234 1 2 0 0 0 8 72 0 0 255 255 255 255 5 0 18 0 0 0 0 0 data 2305 0x120005 0x0 0x1b263bc0 0x298 0x0 0x0 0x1c0005 0x0 0x1b263bc0 0x298 0x0 0x0 0x260005 0x0 0x1b263bc0 0x298 0x0 0x0 0x4b0007 0x298 0x12d8 0x586a 0x620008 0x1bc 0x0 0x1290 0x0 0xdf0 0x8 0xdf0 0x1 0xdf0 0x19 0xdf0 0x17 0xdf0 0x4 0xdf0 0x4 0xdf0 0x4 0xdf0 0x4 0xdf0 0x0 0xdf0 0x0 0xdf0 0x0 0xdf0 0x0 0xdf0 0x0 0xdf0 0x0 0xdf0 0x0 0xdf0 0x17 0x1230 0x0 0x1248 0x48 0x1230 0x0 0x1248 0x0 0x1248 0x12 0x1230 0x0 0x1230 0x0 0x1230 0x0 0x1230 0x13 0x1230 0x0 0xdf0 0x0 0xdf0 0x5 0xdf0 0x0 0xdf0 0x0 0xdf0 0x0 0xdf0 0x0 0xdf0 0x0 0xdf0 0x0 0xdf0 0x0 0xdf0 0x0 0xdf0 0x0 0xdf0 0x0 0xdf0 0x0 0xdf0 0x0 0xdf0 0x0 0xdf0 0x6c 0xdf0 0x34 0xdf0 0x18 0xdf0 0xc 0xdf0 0x0 0xdf0 0x0 0xdf0 0x0 0xdf0 0x0 0xdf0 0x6 0xdf0 0x0 0xdf0 0x0 0xdf0 0x0 0xdf0 0xc 0x1230 0x0 0x1230 0x0 0x1230 0x0 0x1230 0xd 0x1230 0x0 0xdf0 0x0 0xdf0 0x4 0xdf0 0x0 0xdf0 0x0 0xdf0 0x0 0xdf0 0x0 0xdf0 0x0 0xdf0 0x0 0xdf0 0x0 0xdf0 0x0 0xdf0 0x0 0xdf0 0x0 0xdf0 0x0 0xdf0 0x0 0xdf0 0x0 0xdf0 0x3 0xdf0 0x4 0xdf0 0xe 0xdf0 0xa 0xdf0 0x0 0xdf0 0x0 0xdf0 0x0 0xdf0 0x0 0xdf0 0x1f 0xdf0 0x0 0xdf0 0x0 0xdf0 0x0 0xdf0 0x12 0xdf0 0x0 0xdf0 0x29 0xdf0 0x0 0xdf0 0x0 0xdf0 0x0 0xdf0 0x0 0xdf0 0x0 0xdf0 0x0 0xdf0 0x2 0xdf0 0x0 0xdf0 0x0 0xdf0 0x0 0xdf0 0x0 0xdf0 0x0 0xdf0 0x0 0xdf0 0x0 0xdf0 0x0 0xdf0 0x0 0xdf0 0x0 0xdf0 0x0 0xdf0 0x0 0xdf0 0x0 0xdf0 0x0 0xdf0 0x0 0xdf0 0x0 0xdf0 0x0 0xdf0 0x0 0xdf0 0x0 0xdf0 0x0 0xdf0 0x0 0xdf0 0x0 0xdf0 0x0 0xdf0 0x0 0xdf0 0x0 0xdf0 0x0 0xdf0 0x0 0xdf0 0x0 0xdf0 0x0 0xdf0 0x0 0xdf0 0x0 0xdf0 0x0 0xdf0 0x0 0xdf0 0x0 0xdf0 0x0 0xdf0 0x7 0x1248 0x0 0xdf0 0x0 0xdf0 0x0 0xdf0 0x0 0xdf0 0x0 0xdf0 0x0 0xdf0 0x0 0xdf0 0x0 0xdf0 0x0 0xdf0 0x0 0xdf0 0x0 0xdf0 0x0 0xdf0 0x0 0xdf0 0x0 0xdf0 0x0 0xdf0 0x0 0xdf0 0x0 0xdf0 0x0 0xdf0 0x0 0xdf0 0x0 0xdf0 0x1f 0xe08 0x7 0xe08 0x0 0xe08 0x0 0xe08 0x0 0xe08 0x0 0xe08 0x0 0xe08 0x2 0xe08 0x0 0xe08 0x6 0xe08 0x0 0xe08 0x0 0xe08 0x2 0xe08 0x3 0xe08 0x18 0xe08 0x0 0xe08 0x0 0x1230 0x0 0x1030 0x0 0x1148 0x18 0xdf0 0x0 0xdf0 0x0 0xdf0 0x0 0xdf0 0x25 0xdf0 0x1 0xdf0 0x1a 0x1248 0x4 0x1248 0x0 0x1248 0x0 0x1248 0x51 0x1248 0xa 0x1248 0x3e 0x1248 0x29 0x1260 0x0 0x1260 0xa 0x1248 0x0 0x1230 0x7 0x1248 0x6 0xdf0 0x0 0xdf0 0xa 0x1248 0x0 0x1248 0x0 0xdf0 0x0 0xdf0 0x0 0xf10 0x0 0x1278 0xc 0xe08 0x5 0xe08 0x0 0xeb8 0x0 0xeb8 0x0 0xe60 0x0 0xe60 0x0 0xe60 0x0 0xe60 0x0 0xe60 0x0 0xe60 0x0 0xe60 0x0 0xe60 0x0 0xe60 0x0 0xe60 0x0 0xe60 0x0 0xe60 0x0 0xe60 0x0 0xe60 0x0 0xe60 0x0 0xe60 0x0 0xe60 0x0 0xe60 0x0 0xeb8 0x3e70003 0x29ce 0x4b0 0x3f20005 0x0 0x1b263bc0 0x767 0x0 0x0 0x3f80002 0x767 0x3ff0003 0x767 0x458 0x40a0005 0x0 0x0 0x0 0x0 0x0 0x4100002 0x0 0x4170003 0x0 0x400 0x4220005 0x0 0x0 0x0 0x0 0x0 0x4280002 0x0 0x42f0003 0x0 0x3a8 0x43d0008 0x1a 0x0 0x110 0x0 0xe0 0x0 0xe0 0x0 0xe0 0x0 0xe0 0x0 0xe0 0x0 0xe0 0x0 0xe0 0x0 0xe0 0x0 0xe0 0x0 0xe0 0x0 0xf8 0x0 0xe0 0x4ab0003 0x0 0x2b0 0x4b10003 0x0 0x298 0x4b80002 0x0 0x4cd0005 0x0 0x0 0x0 0x0 0x0 0x4d30002 0x0 0x4dd0005 0x0 0x0 0x0 0x0 0x0 0x4e50005 0x0 0x0 0x0 0x0 0x0 0x4f50007 0x0 0x1d0 0x0 0x4fe0005 0x0 0x0 0x0 0x0 0x0 0x5040002 0x0 0x50b0003 0x0 0xffffffffffffffa0 0x51f0005 0x0 0x0 0x0 0x0 0x0 0x5250002 0x0 0x52e0005 0x0 0x0 0x0 0x0 0x0 0x53b0007 0x0 0xe8 0x0 0x5460005 0x0 0x0 0x0 0x0 0x0 0x54c0002 0x0 0x5530003 0x0 0xffffffffffffffa0 0x5590003 0xec2 0x70 0x55f0003 0x15b6 0x58 0x5650003 0x2bd 0x40 0x56b0003 0x0 0x28 0x5720002 0x0 0x5760003 0x586a 0xffffffffffffed40 0x57c0005 0x0 0x1b263bc0 0x298 0x0 0x0 0x5890007 0x298 0x188 0x99 0x5900005 0x0 0x1b263bc0 0x99 0x0 0x0 0x5950002 0x99 0x5a00005 0x0 0x1b263bc0 0x99 0x0 0x0 0x5a50002 0x99 0x5b00005 0x0 0x1b263bc0 0x99 0x0 0x0 0x5b50002 0x99 0x5c50005 0x0 0x1b263bc0 0x99 0x0 0x0 0x5cb0005 0x0 0x1b263bc0 0x99 0x0 0x0 0x5dc0005 0x0 0x1b268a10 0x99 0x0 0x0 0x5df0003 0x99 0xfffffffffffffe90 0x5fd0005 0x0 0x1b263bc0 0x298 0x0 0x0 0x60a0007 0x298 0x610 0x71d 0x6120005 0x0 0x1b263bc0 0x71d 0x0 0x0 0x61c0005 0x0 0x1b263bc0 0x71d 0x0 0x0 0x6290005 0x78 0x1af1dd30 0x6a5 0x0 0x0 0x62c0007 0x494 0x140 0x289 0x6350007 0x0 0x528 0x289 0x6430005 0x0 0x1b263bc0 0x289 0x0 0x0 0x6500007 0x289 0xb8 0x888 0x6560005 0x0 0x1b263bc0 0x888 0x0 0x0 0x6600002 0x888 0x6680005 0x0 0x1b263bc0 0x888 0x0 0x0 0x6750002 0x888 0x67b0003 0x888 0xffffffffffffff60 0x67e0003 0x289 0x420 0x6860005 0x55 0x1af1dd30 0x43f 0x0 0x0 0x6890007 0x3d9 0x38 0xbb 0x6900003 0xbb 0x3b8 0x6980005 0x3a 0x1af1dd30 0x39f 0x0 0x0 0x69b0007 0x149 0x160 0x290 0x6a40007 0x0 0x350 0x290 0x6ae0005 0x0 0x1b263bc0 0x290 0x0 0x0 0x6bb0007 0x290 0xd8 0x10c7 0x6c10005 0x0 0x1b263bc0 0x10c7 0x0 0x0 0x6cb0005 0x0 0x1b263bc0 0x10c7 0x0 0x0 0x6d80002 0x10c7 0x6e20005 0xc4 0x1b268ac0 0x1003 0x0 0x0 0x6e50003 0x10c7 0xffffffffffffff40 0x6e80003 0x290 0x228 0x6ef0005 0x17 0x1af1dd30 0x132 0x0 0x0 0x6f20007 0x149 0x48 0x0 0x6fb0002 0x0 0x7000003 0x0 0x1b0 0x7070005 0x17 0x1af1dd30 0x132 0x0 0x0 0x70a0007 0x149 0x48 0x0 0x7130002 0x0 0x7180003 0x0 0x138 0x7200005 0x17 0x1af1dd30 0x132 0x0 0x0 0x7230007 0x0 0x58 0x149 0x72c0007 0x0 0xd0 0x149 0x73c0003 0x149 0xb0 0x7440005 0x0 0x0 0x0 0x0 0x0 0x7470007 0x0 0x58 0x0 0x7500007 0x0 0x48 0x0 0x7630003 0x0 0x28 0x7760002 0x0 0x78d0003 0x71d 0xfffffffffffffa08 0x7970007 0x298 0x38 0x0 0x79b0003 0x0 0x18 0x7a30007 0x14f 0x148 0x149 0x7d30007 0x149 0x30 0x0 0x7d80002 0x0 0x7e50007 0x149 0xf8 0x1ce2 0x7ef0007 0x1ca4 0xc0 0x3e 0x7f70005 0x0 0x1b263bc0 0x3e 0x0 0x0 0x7fe0007 0x0 0x70 0x3e 0x8050007 0x38 0x50 0x6 0x8170007 0x2 0x30 0x4 0x81f0002 0x4 0x8260003 0x1ce2 0xffffffffffffff20 0x82b0007 0x298 0x70 0x0 0x8360007 0x0 0x50 0x0 0x8400005 0x0 0x0 0x0 0x0 0x0 0x84a0002 0x298 0x8560002 0x298 0x8660007 0x0 0x38 0x298 0x86b0003 0x298 0x18 0x8790007 0x298 0x2358 0x586a 0x88c0007 0x456b 0x88 0x12ff 0x8980007 0x0 0x38 0x12ff 0x89c0003 0x12ff 0x18 0x8a00005 0xeb 0x1b268ac0 0x1214 0x0 0x0 0x8a50007 0x1ffe 0x198 0x3f96 0x8ae0007 0x5e1 0x40 0x39b5 0x8b60007 0x386c 0x158 0x149 0x8be0007 0x149 0xd8 0x5e1 0x8c30007 0x0 0x40 0x5e1 0x8c80007 0x5e1 0x68 0x0 0x8dd0005 0x0 0x0 0x0 0x0 0x0 0x8e00003 0x0 0x48 0x8f80005 0x0 0x1b268a10 0x5e1 0x0 0x0 0x9020007 0x149 0x48 0x5e1 0x90d0002 0x5e1 0x9120003 0x5e1 0xfffffffffffffe98 0x9180003 0x149 0xfffffffffffffe80 0x91d0007 0x586a 0x70 0x0 0x9270007 0x0 0x50 0x0 0x9320005 0x0 0x0 0x0 0x0 0x0 0x9450008 0x1bc 0x0 0x1e30 0x0 0xdf0 0x8 0xdf0 0x1 0xdf0 0x19 0xdf0 0x17 0xdf0 0x4 0xdf0 0x4 0xdf0 0x4 0xdf0 0x4 0xdf0 0x0 0xdf0 0x0 0xdf0 0x0 0xdf0 0x0 0xdf0 0x0 0xdf0 0x0 0xdf0 0x0 0xdf0 0x17 0x1648 0x0 0x1690 0x48 0x1708 0x0 0x1780 0x0 0x1780 0x12 0x1600 0x0 0x1600 0x0 0x1600 0x0 0x1600 0x13 0x1600 0x0 0xe38 0x0 0xe38 0x5 0xe38 0x0 0xe38 0x0 0xe38 0x0 0xe38 0x0 0xe38 0x0 0xe38 0x0 0xe38 0x0 0xe38 0x0 0xe38 0x0 0xe38 0x0 0xe38 0x0 0xe38 0x0 0xe38 0x0 0xe38 0x6c 0xe38 0x34 0xe38 0x18 0xe38 0xc 0xe38 0x0 0xdf0 0x0 0xdf0 0x0 0xdf0 0x0 0xdf0 0x6 0xdf0 0x0 0xdf0 0x0 0xdf0 0x0 0xdf0 0xc 0x1600 0x0 0x1600 0x0 0x1600 0x0 0x1600 0xd 0x1600 0x0 0xe80 0x0 0xe80 0x4 0xe80 0x0 0xe80 0x0 0xe80 0x0 0xe80 0x0 0xe80 0x0 0xe80 0x0 0xe80 0x0 0xe80 0x0 0xe80 0x0 0xe80 0x0 0xe80 0x0 0xe80 0x0 0xe80 0x0 0xe80 0x3 0xe80 0x4 0xe80 0xe 0xe80 0xa 0xe80 0x0 0xdf0 0x0 0xdf0 0x0 0xdf0 0x0 0xdf0 0x1f 0xdf0 0x0 0xdf0 0x0 0xdf0 0x0 0xdf0 0x12 0xdf0 0x0 0xdf0 0x29 0xdf0 0x0 0xdf0 0x0 0xdf0 0x0 0xdf0 0x0 0xdf0 0x0 0xdf0 0x0 0xdf0 0x2 0xdf0 0x0 0xdf0 0x0 0xdf0 0x0 0xdf0 0x0 0xdf0 0x0 0xdf0 0x0 0xdf0 0x0 0xdf0 0x0 0xdf0 0x0 0xdf0 0x0 0xdf0 0x0 0xdf0 0x0 0xdf0 0x0 0xdf0 0x0 0xdf0 0x0 0xdf0 0x0 0xdf0 0x0 0xdf0 0x0 0xdf0 0x0 0xdf0 0x0 0xdf0 0x0 0xdf0 0x0 0xdf0 0x0 0xdf0 0x0 0xdf0 0x0 0xdf0 0x0 0xdf0 0x0 0xdf0 0x0 0xdf0 0x0 0xdf0 0x0 0xdf0 0x0 0xdf0 0x0 0xdf0 0x0 0xdf0 0x0 0xdf0 0x0 0xdf0 0x7 0x1d70 0x0 0xdf0 0x0 0xdf0 0x0 0xdf0 0x0 0xdf0 0x0 0xdf0 0x0 0xdf0 0x0 0xdf0 0x0 0xdf0 0x0 0xdf0 0x0 0xdf0 0x0 0xdf0 0x0 0xdf0 0x0 0xdf0 0x0 0xdf0 0x0 0xdf0 0x0 0xdf0 0x0 0xdf0 0x0 0xdf0 0x0 0xdf0 0x0 0xdf0 0x1f 0xec8 0x7 0xec8 0x0 0xec8 0x0 0xec8 0x0 0xec8 0x0 0xec8 0x0 0xec8 0x2 0xec8 0x0 0xec8 0x6 0xec8 0x0 0xec8 0x0 0xec8 0x2 0xec8 0x3 0xec8 0x18 0xec8 0x0 0xec8 0x0 0x1600 0x0 0x1320 0x0 0x1490 0x18 0xdf0 0x0 0xdf0 0x0 0xdf0 0x0 0xdf0 0x25 0xdf0 0x1 0xdf0 0x1a 0x1828 0x4 0x1828 0x0 0x1828 0x0 0x1828 0x51 0x1828 0xa 0x1828 0x3e 0x1828 0x29 0x1828 0x0 0x1a38 0xa 0x1cf8 0x0 0x1648 0x7 0x1cf8 0x6 0xdf0 0x0 0xdf0 0xa 0x1cf8 0x0 0x1cf8 0x0 0xdf0 0x0 0xdf0 0x0 0x11e0 0x0 0x1db8 0xc 0xec8 0x5 0xec8 0x0 0xf40 0x0 0xf40 0x0 0xfb8 0x0 0xfb8 0x0 0xfb8 0x0 0xfb8 0x0 0xfb8 0x0 0xfb8 0x0 0xfb8 0x0 0xfb8 0x0 0xfb8 0x0 0xfb8 0x0 0xfb8 0x0 0xfb8 0x0 0xfb8 0x0 0xfb8 0x0 0xfb8 0x0 0xfb8 0x0 0xfb8 0x0 0xfb8 0x0 0x1168 0xccb0005 0x0 0x1b268a10 0x16bb 0x0 0x0 0xcd10003 0x16bb 0x1020 0xce30005 0x0 0x1b268a10 0x1126 0x0 0x0 0xce90003 0x1126 0xfd8 0xcfb0005 0x0 0x1b268a10 0x1ed 0x0 0x0 0xd010003 0x1ed 0xf90 0xd100005 0x0 0x1b263bc0 0x767 0x0 0x0 0xd150005 0x0 0x1b268a10 0x767 0x0 0x0 0xd1b0003 0x767 0xf18 0xd2d0005 0x0 0x0 0x0 0x0 0x0 0xd320005 0x0 0x0 0x0 0x0 0x0 0xd380003 0x0 0xea0 0xd400007 0x0 0x38 0x0 0xd480003 0x0 0x18 0xd5b0005 0x0 0x0 0x0 0x0 0x0 0xd670007 0x0 0x40 0x0 0xd6f0007 0x0 0x68 0x0 0xd7a0005 0x0 0x0 0x0 0x0 0x0 0xd7d0003 0x0 0xc0 0xd850007 0x0 0x38 0x0 0xd900003 0x0 0x18 0xda00002 0x0 0xdaa0005 0x0 0x0 0x0 0x0 0x0 0xdb30005 0x0 0x0 0x0 0x0 0x0 0xdbc0003 0x0 0xcf0 0xdcc0005 0x0 0x0 0x0 0x0 0x0 0xdd10005 0x0 0x0 0x0 0x0 0x0 0xdda0003 0x0 0xc78 0xdef0007 0x0 0xc8 0x0 0xdf80005 0x0 0x0 0x0 0x0 0x0 0xe000005 0x0 0x0 0x0 0x0 0x0 0xe030005 0x0 0x0 0x0 0x0 0x0 0xe090003 0x0 0xbb0 0xe140005 0x0 0x0 0x0 0x0 0x0 0xe170005 0x0 0x0 0x0 0x0 0x0 0xe1d0003 0x0 0xb38 0xe320005 0x0 0x0 0x0 0x0 0x0 0xe3e0005 0x0 0x0 0x0 0x0 0x0 0xe490005 0x0 0x0 0x0 0x0 0x0 0xe650007 0x0 0x98 0x0 0xe730005 0x0 0x0 0x0 0x0 0x0 0xe780004 0x0 0x0 0x0 0x0 0x0 0xe7f0003 0x0 0xffffffffffffff80 0xe8b0005 0x0 0x0 0x0 0x0 0x0 0xe8e0003 0x0 0x9c8 0xea30005 0x0 0x0 0x0 0x0 0x0 0xeaf0005 0x0 0x0 0x0 0x0 0x0 0xecb0007 0x0 0xc8 0x0 0xed50005 0x0 0x0 0x0 0x0 0x0 0xee60005 0x0 0x0 0x0 0x0 0x0 0xeeb0004 0x0 0x0 0x0 0x0 0x0 0xef20003 0x0 0xffffffffffffff50 0xefc0005 0x0 0x0 0x0 0x0 0x0 0xeff0003 0x0 0x858 0xf100005 0x0 0x1b268a10 0x99d 0x0 0x0 0xf160003 0x99d 0x810 0xf230005 0x0 0x1b268a10 0x11e 0x0 0x0 0xf290003 0x11e 0x7c8 0xf340005 0x0 0x1b263bc0 0x65 0x0 0x0 0xf370005 0x0 0x1b268a10 0x65 0x0 0x0 0xf3d0003 0x65 0x750 0xf4f0005 0x0 0x1b263bc0 0x407 0x0 0x0 0xf520005 0x0 0x1b268a10 0x407 0x0 0x0 0xf580003 0x407 0x6d8 0xf620005 0x0 0x1b263bc0 0xdf 0x0 0x0 0xf670005 0x0 0x1b263bc0 0xdf 0x0 0x0 0xf6a0005 0x0 0x1b268a10 0xdf 0x0 0x0 0xf700003 0xdf 0x630 0xf7c0005 0x0 0x1b263bc0 0x1226 0x0 0x0 0xf8b0005 0x0 0x1b263bc0 0x1226 0x0 0x0 0xf960005 0x0 0x1b263bc0 0x1226 0x0 0x0 0xfa00005 0x0 0x1b263bc0 0x1226 0x0 0x0 0xfac0005 0x0 0x1b263bc0 0x1226 0x0 0x0 0xfb60007 0xef0 0x68 0x336 0xfc20005 0x0 0x1b268a10 0x336 0x0 0x0 0xfc50003 0x336 0x80 0xfd10007 0xc33 0x38 0x2bd 0xfd50003 0x2bd 0x18 0xfe60005 0x0 0x1b268a10 0xef0 0x0 0x0 0xfee0007 0xf69 0x38 0x2bd 0xff40003 0x2bd 0x438 0xffa0003 0xf69 0x420 0x10060005 0x0 0x0 0x0 0x0 0x0 0x10150005 0x0 0x0 0x0 0x0 0x0 0x10200005 0x0 0x0 0x0 0x0 0x0 0x102c0005 0x0 0x0 0x0 0x0 0x0 0x10380005 0x0 0x0 0x0 0x0 0x0 0x10420005 0x0 0x0 0x0 0x0 0x0 0x10470005 0x0 0x0 0x0 0x0 0x0 0x104a0004 0x0 0x0 0x0 0x0 0x0 0x10540005 0x0 0x0 0x0 0x0 0x0 0x10670007 0x0 0xc8 0x0 0x10720005 0x0 0x0 0x0 0x0 0x0 0x10770005 0x0 0x0 0x0 0x0 0x0 0x107a0004 0x0 0x0 0x0 0x0 0x0 0x10810003 0x0 0xffffffffffffff50 0x108d0005 0x0 0x0 0x0 0x0 0x0 0x10930003 0x0 0x160 0x10a00005 0x0 0x1b263bc0 0x4a4 0x0 0x0 0x10a30005 0x0 0x1b268a10 0x4a4 0x0 0x0 0x10a90003 0x4a4 0xe8 0x10bf0005 0x0 0x1b268a10 0x65 0x0 0x0 0x10c50003 0x65 0xa0 0x10d00005 0x0 0x0 0x0 0x0 0x0 0x10de0005 0x0 0x0 0x0 0x0 0x0 0x10e40003 0x0 0x28 0x10eb0002 0x0 0x10f10007 0x586a 0x128 0x0 0x10f90007 0x0 0x108 0x0 0x11000007 0x0 0xe8 0x0 0x11070007 0x0 0xa0 0x0 0x11110002 0x0 0x111b0005 0x0 0x0 0x0 0x0 0x0 0x11300005 0x0 0x0 0x0 0x0 0x0 0x11380002 0x0 0x11440002 0x0 0x11490003 0x0 0xfffffffffffffef0 0x114e0007 0x586a 0x128 0x0 0x11560007 0x0 0x108 0x0 0x115d0007 0x0 0xe8 0x0 0x11640007 0x0 0xa0 0x0 0x116e0002 0x0 0x11780005 0x0 0x0 0x0 0x0 0x0 0x118d0005 0x0 0x0 0x0 0x0 0x0 0x11950002 0x0 0x11a10002 0x0 0x11a60003 0x0 0xfffffffffffffef0 0x11a90003 0x586a 0xffffffffffffdcc0 0x11b10007 0x14 0x50 0x284 0x11ba0005 0x0 0x1b268a10 0x284 0x0 0x0 0x11bf0007 0xf 0x390 0x289 0x11c80007 0x0 0x370 0x289 0x11d00007 0x1ce 0xe8 0xbb 0x11d60005 0x0 0x1b263bc0 0xbb 0x0 0x0 0x11ec0007 0xbb 0x98 0x130 0x12090005 0x0 0x1b263bc0 0x130 0x0 0x0 0x12170005 0x0 0x1b263bc0 0x130 0x0 0x0 0x121e0003 0x130 0xffffffffffffff80 0x12240005 0x0 0x1b263bc0 0x289 0x0 0x0 0x12340007 0x289 0x238 0x888 0x123a0005 0x0 0x1b263bc0 0x888 0x0 0x0 0x12440005 0x0 0x1b263bc0 0x888 0x0 0x0 0x12500005 0x0 0x1b263bc0 0x888 0x0 0x0 0x125d0005 0x0 0x1b263bc0 0x888 0x0 0x0 0x12680005 0x0 0x1b263bc0 0x888 0x0 0x0 0x12750007 0x493 0xe0 0x3f5 0x12800007 0x2c5 0xc0 0x780 0x128a0007 0x55d 0x88 0x223 0x12960007 0xf3 0x68 0x130 0x12a30005 0x0 0x1b263bc0 0x130 0x0 0x0 0x12a80003 0x130 0x30 0x12ae0003 0x650 0xffffffffffffff58 0x12c70005 0x0 0x1b268a10 0x888 0x0 0x0 0x12ca0003 0x888 0xfffffffffffffde0 0x12cf0007 0x298 0x148 0x0 0x12da0007 0x0 0x128 0x0 0x12e30005 0x0 0x0 0x0 0x0 0x0 0x12ec0007 0x0 0x40 0x0 0x12f30007 0x0 0xa0 0x0 0x12fd0002 0x0 0x13070005 0x0 0x0 0x0 0x0 0x0 0x13280005 0x0 0x0 0x0 0x0 0x0 0x13300002 0x0 0x13370003 0x0 0xfffffffffffffef0 0x133c0007 0x298 0x148 0x0 0x13470007 0x0 0x128 0x0 0x13500005 0x0 0x0 0x0 0x0 0x0 0x13590007 0x0 0x40 0x0 0x13600007 0x0 0xa0 0x0 0x136a0002 0x0 0x13740005 0x0 0x0 0x0 0x0 0x0 0x13950005 0x0 0x0 0x0 0x0 0x0 0x139d0002 0x0 0x13a40003 0x0 0xfffffffffffffef0 0x13a90007 0x298 0x68 0x0 0x13bc0005 0x0 0x0 0x0 0x0 0x0 0x13c30003 0x0 0xffffffffffffffb0 0x13cb0005 0x0 0x1b268a10 0x298 0x0 0x0 oops 67 2 org/eclipse/jdt/launching/internal/org/objectweb/asm/ClassReader 8 org/eclipse/jdt/launching/internal/org/objectweb/asm/ClassReader 14 org/eclipse/jdt/launching/internal/org/objectweb/asm/ClassReader 473 org/eclipse/jdt/launching/internal/org/objectweb/asm/ClassReader 623 org/eclipse/jdt/launching/internal/org/objectweb/asm/ClassReader 633 org/eclipse/jdt/launching/internal/org/objectweb/asm/ClassReader 641 org/eclipse/jdt/launching/internal/org/objectweb/asm/ClassReader 649 org/eclipse/jdt/launching/internal/org/objectweb/asm/ClassReader 657 org/eclipse/jdt/launching/internal/org/objectweb/asm/ClassReader 663 org/eclipse/jdt/launching/internal/org/objectweb/asm/ClassReader 669 org/eclipse/jdt/launching/internal/org/objectweb/asm/MethodWriter 678 org/eclipse/jdt/launching/internal/org/objectweb/asm/ClassReader 688 org/eclipse/jdt/launching/internal/org/objectweb/asm/ClassReader 694 org/eclipse/jdt/launching/internal/org/objectweb/asm/ClassReader 700 java/lang/String 714 org/eclipse/jdt/launching/internal/org/objectweb/asm/ClassReader 724 org/eclipse/jdt/launching/internal/org/objectweb/asm/ClassReader 732 org/eclipse/jdt/launching/internal/org/objectweb/asm/ClassReader 746 java/lang/String 759 java/lang/String 773 org/eclipse/jdt/launching/internal/org/objectweb/asm/ClassReader 783 org/eclipse/jdt/launching/internal/org/objectweb/asm/ClassReader 789 org/eclipse/jdt/launching/internal/org/objectweb/asm/ClassReader 797 org/eclipse/jdt/launching/internal/org/objectweb/asm/Label 809 java/lang/String 824 java/lang/String 839 java/lang/String 903 org/eclipse/jdt/launching/internal/org/objectweb/asm/ClassReader 966 org/eclipse/jdt/launching/internal/org/objectweb/asm/Label 1005 org/eclipse/jdt/launching/internal/org/objectweb/asm/MethodWriter 1483 org/eclipse/jdt/launching/internal/org/objectweb/asm/MethodWriter 1492 org/eclipse/jdt/launching/internal/org/objectweb/asm/MethodWriter 1501 org/eclipse/jdt/launching/internal/org/objectweb/asm/MethodWriter 1510 org/eclipse/jdt/launching/internal/org/objectweb/asm/ClassReader 1516 org/eclipse/jdt/launching/internal/org/objectweb/asm/MethodWriter 1741 org/eclipse/jdt/launching/internal/org/objectweb/asm/MethodWriter 1750 org/eclipse/jdt/launching/internal/org/objectweb/asm/MethodWriter 1759 org/eclipse/jdt/launching/internal/org/objectweb/asm/ClassReader 1765 org/eclipse/jdt/launching/internal/org/objectweb/asm/MethodWriter 1774 org/eclipse/jdt/launching/internal/org/objectweb/asm/ClassReader 1780 org/eclipse/jdt/launching/internal/org/objectweb/asm/MethodWriter 1789 org/eclipse/jdt/launching/internal/org/objectweb/asm/ClassReader 1795 org/eclipse/jdt/launching/internal/org/objectweb/asm/ClassReader 1801 org/eclipse/jdt/launching/internal/org/objectweb/asm/MethodWriter 1810 org/eclipse/jdt/launching/internal/org/objectweb/asm/ClassReader 1816 org/eclipse/jdt/launching/internal/org/objectweb/asm/ClassReader 1822 org/eclipse/jdt/launching/internal/org/objectweb/asm/ClassReader 1828 org/eclipse/jdt/launching/internal/org/objectweb/asm/ClassReader 1834 org/eclipse/jdt/launching/internal/org/objectweb/asm/ClassReader 1844 org/eclipse/jdt/launching/internal/org/objectweb/asm/MethodWriter 1860 org/eclipse/jdt/launching/internal/org/objectweb/asm/MethodWriter 1964 org/eclipse/jdt/launching/internal/org/objectweb/asm/ClassReader 1970 org/eclipse/jdt/launching/internal/org/objectweb/asm/MethodWriter 1979 org/eclipse/jdt/launching/internal/org/objectweb/asm/MethodWriter 2086 org/eclipse/jdt/launching/internal/org/objectweb/asm/MethodWriter 2104 org/eclipse/jdt/launching/internal/org/objectweb/asm/ClassReader 2114 org/eclipse/jdt/launching/internal/org/objectweb/asm/ClassReader 2120 org/eclipse/jdt/launching/internal/org/objectweb/asm/ClassReader 2129 org/eclipse/jdt/launching/internal/org/objectweb/asm/ClassReader 2139 org/eclipse/jdt/launching/internal/org/objectweb/asm/ClassReader 2145 org/eclipse/jdt/launching/internal/org/objectweb/asm/ClassReader 2151 org/eclipse/jdt/launching/internal/org/objectweb/asm/ClassReader 2157 org/eclipse/jdt/launching/internal/org/objectweb/asm/ClassReader 2163 org/eclipse/jdt/launching/internal/org/objectweb/asm/ClassReader 2185 org/eclipse/jdt/launching/internal/org/objectweb/asm/ClassReader 2197 org/eclipse/jdt/launching/internal/org/objectweb/asm/MethodWriter 2301 org/eclipse/jdt/launching/internal/org/objectweb/asm/MethodWriter
ciMethodData org/eclipse/jdt/launching/internal/org/objectweb/asm/ClassReader createLabel (I[Lorg/eclipse/jdt/launching/internal/org/objectweb/asm/Label;)Lorg/eclipse/jdt/launching/internal/org/objectweb/asm/Label; 2 4663 orig 264 88 115 31 96 0 0 0 0 160 208 58 25 0 0 0 0 136 1 0 0 0 0 0 0 0 0 0 0 0 0 0 0 0 0 0 0 0 0 0 0 0 0 0 0 0 0 0 0 0 0 0 0 0 0 0 0 0 0 0 0 0 0 0 0 0 0 0 0 0 0 0 0 0 0 0 0 0 0 0 0 77 68 79 32 101 120 116 114 97 32 100 97 116 97 32 108 111 99 107 0 0 0 0 0 0 0 0 0 0 0 0 0 0 0 0 0 0 0 0 0 0 0 0 0 0 0 0 0 0 0 0 0 0 0 0 0 0 0 0 0 0 0 0 0 0 0 0 0 0 0 0 0 0 0 0 0 0 0 0 0 0 0 0 0 0 0 0 0 0 0 0 0 0 0 0 0 0 0 0 0 0 0 0 0 0 0 0 0 0 0 0 0 0 0 0 0 0 0 0 0 0 0 0 0 0 0 0 0 0 0 0 0 0 0 0 0 0 2 0 0 185 129 0 0 1 0 0 0 0 0 0 0 0 0 0 0 2 0 0 0 0 0 7 0 2 0 0 0 48 0 0 0 255 255 255 255 5 0 3 0 0 0 0 0 data 6 0x30005 0x0 0x1b263bc0 0x1037 0x0 0x0 oops 1 2 org/eclipse/jdt/launching/internal/org/objectweb/asm/ClassReader
ciMethodData org/eclipse/jdt/launching/internal/org/objectweb/asm/ClassReader readShort (I)S 2 4677 orig 264 88 115 31 96 0 0 0 0 240 242 58 25 0 0 0 0 40 1 0 0 0 0 0 0 0 0 0 0 0 0 0 0 0 0 0 0 0 0 0 0 0 0 0 0 0 0 0 0 0 0 0 0 0 0 0 0 0 0 0 0 0 0 0 0 0 0 0 0 0 0 0 0 0 0 0 0 0 0 0 0 77 68 79 32 101 120 116 114 97 32 100 97 116 97 32 108 111 99 107 0 0 0 0 0 0 0 0 0 0 0 0 0 0 0 0 0 0 0 0 0 0 0 0 0 0 0 0 0 0 0 0 0 0 0 0 0 0 0 0 0 0 0 0 0 0 0 0 0 0 0 0 0 0 0 0 0 0 0 0 0 0 0 0 0 0 0 0 0 0 0 0 0 0 0 0 0 0 0 0 0 0 0 0 0 0 0 0 0 0 0 0 0 0 0 0 0 0 0 0 0 0 0 0 0 0 0 0 0 0 0 0 0 0 0 0 0 0 2 0 0 41 130 0 0 1 0 0 0 0 0 0 0 0 0 0 0 2 0 0 0 0 0 3 0 1 0 0 0 0 0 0 0 255 255 255 255 0 0 0 0 0 0 0 0 data 0 oops 0
ciMethodData org/eclipse/jdt/launching/internal/org/objectweb/asm/ClassReader getTypeAnnotationBytecodeOffset ([II)I 2 1858 orig 264 88 115 31 96 0 0 0 0 24 214 58 25 0 0 0 0 24 2 0 0 112 0 0 0 0 0 0 0 0 0 0 0 0 0 0 0 0 0 0 0 0 0 0 0 0 0 0 0 0 0 0 0 0 0 0 0 0 0 0 0 0 0 0 0 0 0 0 0 0 0 0 0 0 0 0 0 0 0 0 0 77 68 79 32 101 120 116 114 97 32 100 97 116 97 32 108 111 99 107 0 0 0 0 0 0 0 0 0 0 0 0 0 0 0 0 0 0 0 0 0 0 0 0 0 0 0 0 0 0 0 0 0 0 0 0 0 0 0 0 0 0 0 0 0 0 0 0 0 0 0 0 0 0 0 0 0 0 0 0 0 0 0 0 0 0 0 0 0 0 0 0 0 0 0 0 0 0 0 0 0 0 0 0 0 0 0 0 0 0 0 0 0 0 0 0 0 0 0 0 0 0 0 0 0 0 0 0 0 0 0 0 0 0 0 0 0 226 1 0 0 1 43 0 0 1 0 0 0 0 0 0 0 0 0 0 0 2 0 0 0 0 0 0 0 0 0 0 0 192 0 0 0 255 255 255 255 7 0 1 0 0 0 0 0 data 24 0x10007 0x560 0x90 0x0 0x70007 0x0 0x70 0x0 0xe0005 0x0 0x0 0x0 0x0 0x0 0x130007 0x0 0x20 0x0 0x1e0005 0x0 0x0 0x0 0x0 0x0 oops 0
ciMethodData org/eclipse/jdt/launching/internal/org/objectweb/asm/MethodWriter visitTypeInsn (ILjava/lang/String;)V 1 1407 orig 264 88 115 31 96 0 0 0 0 216 125 59 25 0 0 0 0 160 2 0 0 240 0 0 0 0 0 0 0 0 0 0 0 0 0 0 0 0 0 0 0 0 0 0 0 0 0 0 0 0 0 0 0 0 0 0 0 0 0 0 0 0 0 0 0 0 0 0 0 0 0 0 0 0 0 0 0 0 0 0 0 77 68 79 32 101 120 116 114 97 32 100 97 116 97 32 108 111 99 107 0 0 0 0 0 0 0 0 0 0 0 0 0 0 0 0 0 0 0 0 0 0 0 0 0 0 0 0 0 0 0 0 0 0 0 0 0 0 0 0 0 0 0 0 0 0 0 0 0 0 0 0 0 0 0 0 0 0 0 0 0 0 0 0 0 0 0 0 0 0 0 0 0 0 0 0 0 0 0 0 0 0 0 0 0 0 0 0 0 0 0 0 0 0 0 0 0 0 0 0 0 0 0 0 0 0 0 0 0 0 0 0 0 0 0 0 0 0 2 0 0 249 27 0 0 1 0 0 0 0 0 0 0 0 0 0 0 2 0 0 0 0 0 16 0 2 0 0 0 72 1 0 0 255 255 255 255 5 0 16 0 0 0 0 0 data 41 0x100005 0x14 0x1c8cf620 0x36b 0x0 0x0 0x1d0005 0x14 0x1c9c3ec0 0x36b 0x0 0x0 0x250007 0x37f 0xe8 0x0 0x2d0007 0x0 0x40 0x0 0x350007 0x0 0x68 0x0 0x490005 0x0 0x0 0x0 0x0 0x0 0x4c0003 0x0 0x58 0x530007 0x0 0x40 0x0 0x640007 0x0 0x20 0x0 oops 2 2 org/eclipse/jdt/launching/internal/org/objectweb/asm/SymbolTable 8 org/eclipse/jdt/launching/internal/org/objectweb/asm/ByteVector
instanceKlass org/springframework/beans/factory/config/BeanDefinition
instanceKlass org/springframework/beans/BeanMetadataElement
instanceKlass org/springframework/core/AttributeAccessor
instanceKlass org/springframework/core/SimpleAliasRegistry
instanceKlass java/util/Formattable
instanceKlass java/text/DateFormatSymbols
instanceKlass sun/util/locale/provider/CalendarDataUtility$CalendarWeekParameterGetter
instanceKlass sun/util/locale/provider/CalendarDataUtility
instanceKlass java/util/Calendar$Builder
instanceKlass java/util/Calendar
instanceKlass java/util/Formatter$Conversion
instanceKlass java/util/Formatter$FixedString
instanceKlass java/util/Formatter$DateTime
instanceKlass java/util/Formatter$Flags
instanceKlass java/util/Formatter$FormatSpecifier
instanceKlass java/util/Formatter$FormatString
instanceKlass java/util/Currency$CurrencyNameGetter
instanceKlass java/util/Currency$1
instanceKlass java/util/Currency
instanceKlass java/util/concurrent/atomic/AtomicMarkableReference$Pair
instanceKlass java/util/concurrent/atomic/AtomicMarkableReference
instanceKlass sun/util/locale/provider/AvailableLanguageTags
instanceKlass java/text/DecimalFormatSymbols
instanceKlass java/util/Locale$1
instanceKlass java/util/Formatter
instanceKlass java/util/ResourceBundle$Control$1
instanceKlass sun/util/logging/LoggingSupport$2
instanceKlass java/util/logging/Formatter
instanceKlass java/util/logging/ErrorManager
instanceKlass java/util/logging/LogRecord
instanceKlass java/util/Collections$EmptyIterator
instanceKlass sun/util/locale/LanguageTag
instanceKlass java/util/ResourceBundle$CacheKeyReference
instanceKlass java/util/ResourceBundle$CacheKey
instanceKlass java/util/ResourceBundle$RBClassLoader$1
instanceKlass java/util/spi/ResourceBundleControlProvider
instanceKlass java/util/ResourceBundle
instanceKlass java/util/ResourceBundle$Control
instanceKlass sun/util/resources/LocaleData$1
instanceKlass sun/util/resources/LocaleData
instanceKlass sun/util/locale/provider/LocaleResources
instanceKlass sun/util/locale/provider/TimeZoneNameUtility$TimeZoneNameGetter
instanceKlass sun/util/locale/provider/LocaleServiceProviderPool$LocalizedObjectGetter
instanceKlass java/net/URLClassLoader$3$1
instanceKlass sun/misc/CompoundEnumeration
instanceKlass java/net/URLClassLoader$3
instanceKlass sun/misc/URLClassPath$1
instanceKlass java/lang/ClassLoader$2
instanceKlass sun/misc/URLClassPath$2
instanceKlass java/util/ServiceLoader$1
instanceKlass java/util/ServiceLoader$LazyIterator
instanceKlass java/util/ServiceLoader
instanceKlass sun/util/locale/provider/SPILocaleProviderAdapter$1
instanceKlass sun/util/locale/provider/JRELocaleProviderAdapter$1
instanceKlass sun/util/locale/provider/LocaleDataMetaInfo
instanceKlass sun/util/locale/provider/LocaleProviderAdapter$1
instanceKlass java/util/Collections$UnmodifiableCollection$1
instanceKlass sun/util/locale/provider/ResourceBundleBasedAdapter
instanceKlass sun/util/locale/provider/LocaleProviderAdapter
instanceKlass sun/util/locale/provider/LocaleServiceProviderPool
instanceKlass java/util/spi/LocaleServiceProvider
instanceKlass sun/util/locale/provider/TimeZoneNameUtility
instanceKlass java/util/TimeZone$1
instanceKlass java/util/zip/CRC32
instanceKlass java/util/zip/Checksum
instanceKlass sun/util/calendar/ZoneInfoFile$ZoneOffsetTransitionRule
instanceKlass sun/util/calendar/ZoneInfoFile$1
instanceKlass sun/util/calendar/ZoneInfoFile
instanceKlass java/util/TimeZone
instanceKlass org/springframework/core/env/AbstractPropertyResolver$1
instanceKlass org/springframework/util/PropertyPlaceholderHelper
instanceKlass java/lang/ProcessEnvironment$CheckedEntry
instanceKlass java/lang/ProcessEnvironment$CheckedEntrySet$1
instanceKlass java/util/Collections$UnmodifiableMap
instanceKlass java/lang/ProcessEnvironment$EntryComparator
instanceKlass java/lang/ProcessEnvironment$NameComparator
instanceKlass org/springframework/core/SpringProperties
instanceKlass org/springframework/util/StringUtils
instanceKlass org/springframework/util/PropertyPlaceholderHelper$PlaceholderResolver
instanceKlass org/springframework/core/convert/support/ConfigurableConversionService
instanceKlass org/springframework/core/convert/converter/ConverterRegistry
instanceKlass org/springframework/core/convert/ConversionService
instanceKlass org/springframework/core/env/AbstractPropertyResolver
instanceKlass org/springframework/core/env/MutablePropertySources
instanceKlass java/util/Collections$1
instanceKlass org/springframework/core/env/PropertySource
instanceKlass org/springframework/core/env/PropertySources
instanceKlass org/springframework/core/env/AbstractEnvironment
instanceKlass org/springframework/util/AntPathMatcher$PathSeparatorPatternCache
instanceKlass org/springframework/util/AntPathMatcher
instanceKlass org/springframework/util/Assert
instanceKlass org/springframework/util/PathMatcher
instanceKlass org/springframework/core/io/support/PathMatchingResourcePatternResolver
instanceKlass org/springframework/util/ObjectUtils
instanceKlass java/util/logging/LogManager$5
instanceKlass sun/reflect/UnsafeFieldAccessorFactory
instanceKlass java/util/logging/LoggingProxyImpl
instanceKlass sun/util/logging/LoggingProxy
instanceKlass sun/util/logging/LoggingSupport$1
instanceKlass sun/util/logging/LoggingSupport
instanceKlass sun/util/logging/PlatformLogger$LoggerProxy
instanceKlass sun/util/logging/PlatformLogger$1
instanceKlass sun/util/logging/PlatformLogger
instanceKlass java/util/logging/LogManager$LoggerContext$1
instanceKlass java/util/logging/LogManager$3
instanceKlass java/util/logging/LogManager$2
instanceKlass java/lang/Shutdown$Lock
instanceKlass java/lang/Shutdown
instanceKlass java/lang/ApplicationShutdownHooks$1
instanceKlass java/lang/ApplicationShutdownHooks
instanceKlass java/util/logging/LogManager$LogNode
instanceKlass java/util/logging/LogManager$LoggerContext
instanceKlass java/util/logging/LogManager$1
instanceKlass java/util/logging/LogManager
instanceKlass java/util/concurrent/locks/AbstractQueuedSynchronizer$Node
instanceKlass java/util/concurrent/locks/AbstractOwnableSynchronizer
instanceKlass java/util/concurrent/CopyOnWriteArrayList
instanceKlass java/util/logging/Logger$LoggerBundle
instanceKlass java/util/logging/Level$KnownLevel
instanceKlass java/util/logging/Level
instanceKlass java/util/logging/Handler
instanceKlass java/io/ObjectOutput
instanceKlass java/io/DataOutput
instanceKlass java/io/ObjectStreamConstants
instanceKlass java/io/ObjectInput
instanceKlass java/io/DataInput
instanceKlass java/lang/Throwable$PrintStreamOrWriter
instanceKlass org/apache/commons/logging/impl/Jdk14Logger
instanceKlass org/apache/commons/logging/Log
instanceKlass java/util/logging/Logger
instanceKlass org/apache/commons/logging/impl/LogFactoryImpl$1
instanceKlass org/apache/commons/logging/LogFactory$2
instanceKlass java/net/URLClassLoader$2
instanceKlass org/apache/commons/logging/LogFactory$3
instanceKlass org/apache/commons/logging/LogFactory$1
instanceKlass org/apache/commons/logging/LogFactory
instanceKlass java/util/IdentityHashMap$EntryIterator$Entry
instanceKlass java/util/IdentityHashMap$IdentityHashMapIterator
instanceKlass org/springframework/util/ClassUtils
instanceKlass org/xml/sax/EntityResolver
instanceKlass org/springframework/beans/factory/support/BeanDefinitionRegistry
instanceKlass org/springframework/core/AliasRegistry
instanceKlass org/springframework/beans/factory/config/ConfigurableListableBeanFactory
instanceKlass org/springframework/beans/factory/config/ConfigurableBeanFactory
instanceKlass org/springframework/beans/factory/config/SingletonBeanRegistry
instanceKlass org/springframework/core/ResolvableTypeProvider
instanceKlass org/springframework/context/LifecycleProcessor
instanceKlass org/springframework/beans/factory/config/AutowireCapableBeanFactory
instanceKlass org/springframework/util/StringValueResolver
instanceKlass org/springframework/context/event/ApplicationEventMulticaster
instanceKlass org/springframework/core/SmartClassLoader
instanceKlass org/springframework/beans/factory/config/BeanPostProcessor
instanceKlass org/springframework/beans/PropertyEditorRegistrar
instanceKlass org/springframework/beans/factory/config/BeanExpressionResolver
instanceKlass org/springframework/core/env/ConfigurableEnvironment
instanceKlass org/springframework/core/env/ConfigurablePropertyResolver
instanceKlass org/springframework/core/env/Environment
instanceKlass org/springframework/core/env/PropertyResolver
instanceKlass java/util/EventObject
instanceKlass org/springframework/core/io/Resource
instanceKlass org/springframework/core/io/InputStreamSource
instanceKlass org/springframework/core/io/DefaultResourceLoader
instanceKlass org/springframework/beans/factory/DisposableBean
instanceKlass org/springframework/context/ConfigurableApplicationContext
instanceKlass org/springframework/context/Lifecycle
instanceKlass org/springframework/beans/factory/InitializingBean
instanceKlass org/springframework/beans/factory/BeanNameAware
instanceKlass org/springframework/beans/factory/Aware
instanceKlass org/eclipse/jdt/launching/internal/org/objectweb/asm/Opcodes
instanceKlass org/springframework/context/ApplicationContext
instanceKlass org/springframework/core/io/support/ResourcePatternResolver
instanceKlass org/springframework/core/io/ResourceLoader
instanceKlass org/springframework/context/ApplicationEventPublisher
instanceKlass org/springframework/context/MessageSource
instanceKlass org/springframework/beans/factory/HierarchicalBeanFactory
instanceKlass org/springframework/beans/factory/ListableBeanFactory
instanceKlass org/springframework/beans/factory/BeanFactory
instanceKlass org/springframework/core/env/EnvironmentCapable
instanceKlass sun/launcher/LauncherHelper$FXHelper
instanceKlass day101901J2EE22spring01/Test4
instanceKlass org/eclipse/jdt/launching/internal/org/objectweb/asm/Handler
instanceKlass org/eclipse/jdt/launching/internal/org/objectweb/asm/Type
instanceKlass org/eclipse/jdt/launching/internal/org/objectweb/asm/Label
instanceKlass org/eclipse/jdt/launching/internal/org/objectweb/asm/Frame
instanceKlass org/eclipse/jdt/launching/internal/org/objectweb/asm/Context
instanceKlass org/eclipse/jdt/launching/internal/org/objectweb/asm/Attribute
instanceKlass org/eclipse/jdt/launching/internal/org/objectweb/asm/ByteVector
instanceKlass org/eclipse/jdt/launching/internal/org/objectweb/asm/Symbol
instanceKlass org/eclipse/jdt/launching/internal/org/objectweb/asm/SymbolTable
instanceKlass org/eclipse/jdt/launching/internal/org/objectweb/asm/ModuleVisitor
instanceKlass org/eclipse/jdt/launching/internal/org/objectweb/asm/AnnotationVisitor
instanceKlass sun/reflect/ClassDefiner$1
instanceKlass sun/reflect/ClassDefiner
instanceKlass sun/reflect/MethodAccessorGenerator$1
instanceKlass sun/reflect/Label$PatchInfo
instanceKlass sun/reflect/Label
instanceKlass sun/reflect/UTF8
instanceKlass sun/reflect/ClassFileAssembler
instanceKlass sun/reflect/ByteVectorImpl
instanceKlass sun/reflect/ByteVector
instanceKlass sun/reflect/ByteVectorFactory
instanceKlass java/lang/Void
instanceKlass sun/reflect/AccessorGenerator
instanceKlass sun/reflect/ClassFileConstants
instanceKlass org/eclipse/jdt/launching/internal/org/objectweb/asm/FieldVisitor
instanceKlass org/eclipse/jdt/launching/internal/org/objectweb/asm/MethodVisitor
instanceKlass java/io/FileOutputStream$1
instanceKlass sun/usagetracker/UsageTrackerClient$3
instanceKlass jdk/internal/util/EnvUtils
instanceKlass sun/usagetracker/UsageTrackerClient$2
instanceKlass sun/usagetracker/UsageTrackerClient$4
instanceKlass sun/usagetracker/UsageTrackerClient$1
instanceKlass java/util/concurrent/atomic/AtomicBoolean
instanceKlass sun/usagetracker/UsageTrackerClient
instanceKlass sun/misc/PostVMInitHook
instanceKlass java/lang/invoke/MethodHandleStatics$1
instanceKlass java/lang/invoke/MethodHandleStatics
instanceKlass java/lang/invoke/MemberName$Factory
instanceKlass java/lang/ClassValue$Version
instanceKlass java/lang/ClassValue$Identity
instanceKlass java/lang/ClassValue
instanceKlass java/lang/invoke/MethodHandleImpl$3
instanceKlass java/lang/invoke/MethodHandleImpl$2
instanceKlass java/util/function/Function
instanceKlass java/lang/invoke/MethodHandleImpl$1
instanceKlass java/lang/invoke/MethodHandleImpl
instanceKlass org/eclipse/jdt/launching/internal/javaagent/Premain$1
instanceKlass org/eclipse/jdt/launching/internal/org/objectweb/asm/ClassReader
instanceKlass sun/net/www/protocol/jar/JarFileFactory
instanceKlass sun/net/www/protocol/jar/URLJarFile$URLJarFileCloseController
instanceKlass sun/misc/Launcher$BootClassPathHolder$1
instanceKlass sun/misc/Launcher$BootClassPathHolder
instanceKlass org/eclipse/jdt/launching/internal/org/objectweb/asm/ClassVisitor
instanceKlass sun/instrument/InstrumentationImpl$1
instanceKlass org/eclipse/jdt/launching/internal/weaving/ClassfileTransformer
instanceKlass java/lang/instrument/ClassFileTransformer
instanceKlass org/eclipse/jdt/launching/internal/javaagent/Premain
instanceKlass java/io/FilePermission$1
instanceKlass sun/net/www/MessageHeader
instanceKlass java/net/URLConnection
instanceKlass java/security/PermissionCollection
instanceKlass sun/nio/ByteBuffered
instanceKlass sun/security/util/ManifestEntryVerifier$SunProviderHolder
instanceKlass sun/nio/cs/Surrogate
instanceKlass sun/nio/cs/Surrogate$Parser
instanceKlass java/util/Base64$Encoder
instanceKlass java/util/Base64$Decoder
instanceKlass java/util/Base64
instanceKlass java/security/Timestamp
instanceKlass sun/security/timestamp/TimestampToken
instanceKlass java/security/cert/CertPath
instanceKlass java/math/MutableBigInteger
instanceKlass sun/security/rsa/RSAPadding
instanceKlass sun/security/rsa/RSACore
instanceKlass java/security/interfaces/RSAPrivateCrtKey
instanceKlass sun/security/pkcs/PKCS8Key
instanceKlass java/security/interfaces/RSAPrivateKey
instanceKlass java/security/PrivateKey
instanceKlass sun/security/jca/ServiceId
instanceKlass java/security/SignatureSpi
instanceKlass javax/crypto/SecretKey
instanceKlass javax/security/auth/Destroyable
instanceKlass sun/security/util/Length
instanceKlass sun/security/util/KeyUtil
instanceKlass sun/text/normalizer/NormalizerBase$1
instanceKlass sun/text/normalizer/NormalizerBase$QuickCheckResult
instanceKlass sun/text/normalizer/NormalizerBase$Mode
instanceKlass sun/text/normalizer/NormalizerBase
instanceKlass java/text/Normalizer
instanceKlass sun/security/x509/AVAKeyword
instanceKlass sun/security/provider/ByteArrayAccess
instanceKlass java/security/MessageDigestSpi
instanceKlass java/util/HashMap$HashIterator
instanceKlass sun/security/util/ConstraintsParameters
instanceKlass sun/security/pkcs/PKCS9Attribute
instanceKlass sun/security/pkcs/PKCS9Attributes
instanceKlass java/lang/Class$4
instanceKlass java/lang/Class$MethodArray
instanceKlass sun/security/pkcs/SignerInfo
instanceKlass java/security/cert/PolicyQualifierInfo
instanceKlass sun/security/x509/CertificatePolicyId
instanceKlass sun/security/x509/PolicyInformation
instanceKlass sun/security/x509/DistributionPoint
instanceKlass sun/security/x509/DNSName
instanceKlass java/net/URI$Parser
instanceKlass java/net/URI
instanceKlass sun/security/x509/URIName
instanceKlass sun/security/x509/GeneralName
instanceKlass sun/security/x509/AccessDescription
instanceKlass sun/security/util/MemoryCache$CacheEntry
instanceKlass sun/security/x509/X509AttributeName
instanceKlass sun/security/x509/GeneralNames
instanceKlass sun/security/x509/KeyIdentifier
instanceKlass sun/security/x509/OIDMap$OIDInfo
instanceKlass sun/security/x509/PKIXExtensions
instanceKlass sun/security/x509/OIDMap
instanceKlass sun/security/x509/Extension
instanceKlass java/security/cert/Extension
instanceKlass java/util/Collections$SynchronizedMap
instanceKlass sun/security/x509/CertificateExtensions
instanceKlass java/security/interfaces/RSAPublicKey
instanceKlass java/security/interfaces/RSAKey
instanceKlass java/security/spec/RSAPrivateKeySpec
instanceKlass java/security/spec/RSAPublicKeySpec
instanceKlass java/security/KeyFactorySpi
instanceKlass sun/security/rsa/SunRsaSignEntries
instanceKlass sun/security/jca/ProviderList$ServiceList$1
instanceKlass java/security/KeyFactory
instanceKlass java/security/spec/EncodedKeySpec
instanceKlass java/security/spec/KeySpec
instanceKlass sun/security/util/BitArray
instanceKlass sun/security/x509/X509Key
instanceKlass java/security/PublicKey
instanceKlass java/security/Key
instanceKlass sun/security/x509/CertificateX509Key
instanceKlass java/util/Date
instanceKlass sun/util/calendar/CalendarUtils
instanceKlass sun/util/calendar/CalendarDate
instanceKlass sun/util/calendar/CalendarSystem
instanceKlass sun/security/x509/CertificateValidity
instanceKlass sun/security/action/GetBooleanAction
instanceKlass sun/security/x509/AVA
instanceKlass sun/security/x509/RDN
instanceKlass javax/security/auth/x500/X500Principal
instanceKlass sun/security/x509/X500Name$1
instanceKlass sun/security/x509/X500Name
instanceKlass sun/security/x509/GeneralNameInterface
instanceKlass sun/security/x509/CertificateAlgorithmId
instanceKlass sun/security/x509/SerialNumber
instanceKlass sun/security/x509/CertificateSerialNumber
instanceKlass sun/security/x509/CertificateVersion
instanceKlass sun/security/x509/X509CertInfo
instanceKlass sun/security/x509/CertAttrSet
instanceKlass sun/security/util/Cache$EqualByteArray
instanceKlass java/security/cert/X509Extension
instanceKlass sun/security/jca/GetInstance$Instance
instanceKlass sun/security/util/Cache
instanceKlass java/security/Provider$UString
instanceKlass java/security/Provider$Service
instanceKlass java/util/LinkedHashMap$LinkedHashIterator
instanceKlass sun/security/provider/NativePRNG$NonBlocking
instanceKlass sun/security/provider/NativePRNG$Blocking
instanceKlass sun/security/provider/NativePRNG
instanceKlass sun/security/provider/SunEntries$1
instanceKlass sun/security/provider/SunEntries
instanceKlass sun/security/jca/ProviderConfig$2
instanceKlass sun/security/jca/GetInstance
instanceKlass java/security/cert/CertificateFactorySpi
instanceKlass java/security/cert/CertificateFactory
instanceKlass sun/security/x509/AlgorithmId
instanceKlass sun/security/util/ByteArrayTagOrder
instanceKlass sun/security/util/ByteArrayLexOrder
instanceKlass sun/security/util/DerEncoder
instanceKlass sun/security/util/DerValue
instanceKlass sun/security/util/ObjectIdentifier
instanceKlass sun/security/pkcs/ContentInfo
instanceKlass sun/security/util/DerIndefLenConverter
instanceKlass sun/security/util/DerInputStream
instanceKlass sun/security/pkcs/PKCS7
instanceKlass sun/security/jca/ProviderList$2
instanceKlass sun/misc/FDBigInteger
instanceKlass sun/misc/FloatingDecimal$PreparedASCIIToBinaryBuffer
instanceKlass sun/misc/FloatingDecimal$ASCIIToBinaryConverter
instanceKlass sun/misc/FloatingDecimal$BinaryToASCIIBuffer
instanceKlass sun/misc/FloatingDecimal$ExceptionalBinaryToASCIIBuffer
instanceKlass sun/misc/FloatingDecimal$BinaryToASCIIConverter
instanceKlass sun/misc/FloatingDecimal
instanceKlass java/security/Provider$EngineDescription
instanceKlass java/security/Provider$ServiceKey
instanceKlass sun/security/jca/ProviderConfig
instanceKlass sun/security/jca/ProviderList
instanceKlass sun/security/jca/Providers
instanceKlass sun/security/util/ManifestDigester$Section
instanceKlass sun/security/util/ManifestDigester$Entry
instanceKlass sun/security/util/ManifestDigester$Position
instanceKlass sun/security/util/ManifestDigester
instanceKlass java/util/ArrayList$Itr
instanceKlass sun/security/util/DisabledAlgorithmConstraints$1
instanceKlass sun/security/util/DisabledAlgorithmConstraints$Constraint
instanceKlass java/util/AbstractList$Itr
instanceKlass java/util/regex/Matcher
instanceKlass java/util/regex/MatchResult
instanceKlass sun/security/util/DisabledAlgorithmConstraints$Constraints
instanceKlass java/util/ArrayList$SubList$1
instanceKlass java/util/ListIterator
instanceKlass java/util/Properties$LineReader
instanceKlass java/security/Security$1
instanceKlass java/security/Security
instanceKlass sun/security/util/AbstractAlgorithmConstraints$1
instanceKlass java/util/regex/ASCII
instanceKlass java/util/regex/Pattern$TreeInfo
instanceKlass java/util/regex/Pattern$Node
instanceKlass java/util/regex/Pattern
instanceKlass sun/security/util/AlgorithmDecomposer
instanceKlass sun/security/util/AbstractAlgorithmConstraints
instanceKlass java/security/AlgorithmConstraints
instanceKlass sun/security/util/SignatureFileVerifier
instanceKlass sun/security/util/ManifestEntryVerifier
instanceKlass java/lang/Package
instanceKlass java/util/jar/JarVerifier$3
instanceKlass java/security/CodeSigner
instanceKlass java/util/jar/JarVerifier
instanceKlass java/util/jar/Attributes$Name
instanceKlass java/util/jar/Attributes
instanceKlass sun/misc/Resource
instanceKlass java/util/LinkedList$Node
instanceKlass java/util/zip/ZStreamRef
instanceKlass java/util/zip/Inflater
instanceKlass sun/misc/IOUtils
instanceKlass java/util/zip/ZipEntry
instanceKlass sun/misc/ExtensionDependency
instanceKlass sun/misc/JarIndex
instanceKlass sun/nio/ch/DirectBuffer
instanceKlass sun/misc/PerfCounter$CoreCounters
instanceKlass sun/misc/Perf
instanceKlass sun/misc/Perf$GetPerfAction
instanceKlass sun/misc/PerfCounter
instanceKlass java/util/zip/ZipCoder
instanceKlass java/util/Deque
instanceKlass java/util/Queue
instanceKlass java/nio/charset/StandardCharsets
instanceKlass java/util/jar/JavaUtilJarAccessImpl
instanceKlass sun/misc/JavaUtilJarAccess
instanceKlass sun/misc/FileURLMapper
instanceKlass sun/misc/URLClassPath$JarLoader$1
instanceKlass sun/nio/cs/ThreadLocalCoders$Cache
instanceKlass sun/nio/cs/ThreadLocalCoders
instanceKlass java/util/zip/ZipFile$1
instanceKlass sun/misc/JavaUtilZipFileAccess
instanceKlass java/util/zip/ZipFile
instanceKlass java/util/zip/ZipConstants
instanceKlass sun/misc/URLClassPath$Loader
instanceKlass sun/misc/URLClassPath$3
instanceKlass sun/net/util/URLUtil
instanceKlass java/net/URLClassLoader$1
instanceKlass sun/instrument/TransformerManager$TransformerInfo
instanceKlass sun/instrument/TransformerManager
instanceKlass sun/instrument/InstrumentationImpl
instanceKlass java/lang/instrument/Instrumentation
instanceKlass sun/misc/VMSupport
instanceKlass java/lang/SystemClassLoaderAction
instanceKlass sun/misc/Launcher$AppClassLoader$1
instanceKlass sun/misc/URLClassPath
instanceKlass java/security/Principal
instanceKlass java/security/ProtectionDomain$Key
instanceKlass java/security/ProtectionDomain$2
instanceKlass sun/misc/JavaSecurityProtectionDomainAccess
instanceKlass java/security/ProtectionDomain$JavaSecurityAccessImpl
instanceKlass sun/misc/JavaSecurityAccess
instanceKlass java/net/URLStreamHandler
instanceKlass java/net/Parts
instanceKlass java/util/BitSet
instanceKlass sun/net/www/ParseUtil
instanceKlass java/io/FileInputStream$1
instanceKlass java/lang/CharacterData
instanceKlass sun/util/locale/LocaleUtils
instanceKlass java/util/Locale$LocaleKey
instanceKlass sun/util/locale/BaseLocale$Key
instanceKlass sun/util/locale/BaseLocale
instanceKlass java/util/concurrent/ConcurrentHashMap$CollectionView
instanceKlass java/util/concurrent/ConcurrentHashMap$CounterCell
instanceKlass java/util/concurrent/ConcurrentHashMap$Node
instanceKlass java/util/concurrent/locks/ReentrantLock
instanceKlass java/util/concurrent/locks/Lock
instanceKlass java/util/concurrent/ConcurrentMap
instanceKlass sun/util/locale/LocaleObjectCache
instanceKlass java/util/Locale
instanceKlass java/lang/reflect/Array
instanceKlass java/io/Reader
instanceKlass sun/misc/MetaIndex
instanceKlass java/util/StringTokenizer
instanceKlass sun/misc/Launcher$ExtClassLoader$1
instanceKlass java/net/URLClassLoader$7
instanceKlass sun/misc/JavaNetAccess
instanceKlass java/lang/ClassLoader$ParallelLoaders
instanceKlass sun/security/util/Debug
instanceKlass sun/misc/Launcher$Factory
instanceKlass java/net/URLStreamHandlerFactory
instanceKlass java/lang/Compiler$1
instanceKlass java/lang/Compiler
instanceKlass java/lang/System$2
instanceKlass sun/misc/JavaLangAccess
instanceKlass sun/io/Win32ErrorMode
instanceKlass sun/misc/OSEnvironment
instanceKlass java/lang/Integer$IntegerCache
instanceKlass sun/misc/NativeSignalHandler
instanceKlass sun/misc/Signal
instanceKlass java/lang/Terminator$1
instanceKlass sun/misc/SignalHandler
instanceKlass java/lang/Terminator
instanceKlass java/lang/ClassLoader$NativeLibrary
instanceKlass java/io/ExpiringCache$Entry
instanceKlass java/lang/ClassLoader$3
instanceKlass java/nio/charset/CoderResult$Cache
instanceKlass java/nio/charset/CoderResult
instanceKlass java/lang/Readable
instanceKlass java/lang/StringCoding$StringEncoder
instanceKlass java/nio/file/Path
instanceKlass java/nio/file/Watchable
instanceKlass java/lang/Enum
instanceKlass java/io/ExpiringCache
instanceKlass java/io/FileSystem
instanceKlass java/io/DefaultFileSystem
instanceKlass java/nio/Bits$1
instanceKlass sun/misc/JavaNioAccess
instanceKlass java/nio/ByteOrder
instanceKlass java/nio/Bits
instanceKlass java/nio/charset/CharsetEncoder
instanceKlass sun/nio/cs/ArrayEncoder
instanceKlass sun/security/action/GetPropertyAction
instanceKlass java/io/Writer
instanceKlass sun/reflect/misc/ReflectUtil
instanceKlass java/util/concurrent/atomic/AtomicReferenceFieldUpdater$AtomicReferenceFieldUpdaterImpl$1
instanceKlass java/security/PrivilegedExceptionAction
instanceKlass java/util/concurrent/atomic/AtomicReferenceFieldUpdater
instanceKlass java/io/OutputStream
instanceKlass java/io/Flushable
instanceKlass java/io/FileDescriptor$1
instanceKlass sun/misc/JavaIOFileDescriptorAccess
instanceKlass java/io/FileDescriptor
instanceKlass sun/misc/Version
instanceKlass java/lang/Runtime
instanceKlass java/util/Hashtable$Enumerator
instanceKlass java/util/Iterator
instanceKlass java/util/Enumeration
instanceKlass java/util/Objects
instanceKlass java/util/Collections$SynchronizedCollection
instanceKlass java/nio/charset/CodingErrorAction
instanceKlass java/nio/charset/CharsetDecoder
instanceKlass sun/nio/cs/ArrayDecoder
instanceKlass sun/nio/cs/ext/DelegatableDecoder
instanceKlass sun/nio/cs/ext/DoubleByte
instanceKlass java/lang/StringCoding$StringDecoder
instanceKlass java/lang/ThreadLocal$ThreadLocalMap
instanceKlass java/lang/StringCoding
instanceKlass sun/nio/cs/HistoricallyNamedCharset
instanceKlass java/util/TreeMap$Entry
instanceKlass sun/misc/ASCIICaseInsensitiveComparator
instanceKlass java/util/NavigableMap
instanceKlass java/util/SortedMap
instanceKlass sun/reflect/ReflectionFactory$1
instanceKlass java/lang/Class$1
instanceKlass java/nio/charset/Charset$ExtendedProviderHolder$1
instanceKlass java/nio/charset/Charset$ExtendedProviderHolder
instanceKlass java/util/Arrays
instanceKlass java/lang/reflect/ReflectAccess
instanceKlass sun/reflect/LangReflectAccess
instanceKlass java/lang/reflect/Modifier
instanceKlass sun/reflect/annotation/AnnotationType
instanceKlass java/lang/Class$AnnotationData
instanceKlass sun/reflect/generics/repository/AbstractRepository
instanceKlass java/lang/Class$Atomic
instanceKlass java/lang/Class$ReflectionData
instanceKlass java/lang/Class$3
instanceKlass java/lang/ThreadLocal
instanceKlass java/nio/charset/spi/CharsetProvider
instanceKlass java/nio/charset/Charset
instanceKlass java/lang/Math
instanceKlass java/util/Hashtable$Entry
instanceKlass sun/misc/VM
instanceKlass java/util/HashMap$Node
instanceKlass java/util/Map$Entry
instanceKlass sun/reflect/Reflection
instanceKlass sun/misc/SharedSecrets
instanceKlass java/lang/ref/Reference$1
instanceKlass sun/misc/JavaLangRefAccess
instanceKlass java/lang/ref/ReferenceQueue$Lock
instanceKlass java/util/Collections$UnmodifiableCollection
instanceKlass java/util/AbstractMap
instanceKlass java/util/Set
instanceKlass java/util/Collections
instanceKlass java/lang/ref/Reference$Lock
instanceKlass sun/reflect/ReflectionFactory
instanceKlass java/util/AbstractCollection
instanceKlass java/util/RandomAccess
instanceKlass java/util/List
instanceKlass java/util/Collection
instanceKlass java/lang/Iterable
instanceKlass java/security/cert/Certificate
instanceKlass sun/reflect/ReflectionFactory$GetReflectionFactoryAction
instanceKlass java/security/PrivilegedAction
instanceKlass java/security/AccessController
