JvmtiExport can_access_local_variables 1
JvmtiExport can_hotswap_or_post_breakpoint 1
JvmtiExport can_post_on_exceptions 1
# 277 ciObject found
ciMethod java/lang/Object <init> ()V 4097 1 37704 0 96
ciMethod java/lang/String charAt (I)C 4097 1 229036 0 -1
ciMethod java/lang/String equals (Ljava/lang/Object;)Z 2529 32769 8208 0 -1
ciMethod java/lang/String hashCode ()I 2849 32769 3562 0 352
ciMethod java/lang/System arraycopy (Ljava/lang/Object;ILjava/lang/Object;II)V 97281 1 12160 0 -1
ciMethod java/lang/Float valueOf (F)Ljava/lang/Float; 0 0 1 0 -1
ciMethod java/lang/Float intBitsToFloat (I)F 0 0 1 0 -1
ciMethod java/lang/Double valueOf (D)Ljava/lang/Double; 0 0 1 0 -1
ciMethod java/lang/Double longBitsToDouble (J)D 41 1 5 0 -1
ciMethod java/lang/Integer valueOf (I)Ljava/lang/Integer; 457 1 68 0 -1
ciMethod java/lang/Long valueOf (J)Ljava/lang/Long; 17 1 2 0 -1
ciMethod java/lang/Math max (II)I 4097 1 7091 0 -1
ciMethodData java/lang/Object <init> ()V 2 37704 orig 264 88 115 31 96 0 0 0 0 104 4 26 25 0 0 0 0 32 1 0 0 0 0 0 0 0 0 0 0 0 0 0 0 0 0 0 0 0 0 0 0 0 0 0 0 0 0 0 0 0 0 0 0 0 0 0 0 0 0 0 0 0 0 0 0 0 0 0 0 0 0 0 0 0 0 0 0 0 0 0 0 77 68 79 32 101 120 116 114 97 32 100 97 116 97 32 108 111 99 107 0 0 0 0 0 0 0 0 0 0 0 0 0 0 0 0 0 0 0 0 0 0 0 0 0 0 0 0 0 0 0 0 0 0 0 0 0 0 0 0 0 0 0 0 0 0 0 0 0 0 0 0 0 0 0 0 0 0 0 0 0 0 0 0 0 0 0 0 0 0 0 0 0 0 0 0 0 0 0 0 0 0 0 0 0 0 0 0 0 0 0 0 0 0 0 0 0 0 0 0 0 0 0 0 0 0 0 0 0 0 0 0 0 0 0 0 0 0 2 0 0 65 138 4 0 1 0 0 0 0 0 0 0 0 0 0 0 2 0 0 0 0 0 0 0 0 0 0 0 0 0 0 0 255 255 255 255 0 0 0 0 0 0 0 0 data 0 oops 0
ciMethodData java/lang/String hashCode ()I 2 62592 orig 264 88 115 31 96 0 0 0 0 192 77 26 25 0 0 0 0 152 1 0 0 32 0 0 0 0 0 0 0 0 0 0 0 0 0 0 0 0 0 0 0 0 0 0 0 0 0 0 0 0 0 0 0 0 0 0 0 0 0 0 0 0 0 0 0 0 0 0 0 0 0 0 0 0 0 0 0 0 0 0 0 77 68 79 32 101 120 116 114 97 32 100 97 116 97 32 108 111 99 107 0 0 0 0 0 0 0 0 0 0 0 0 0 0 0 0 0 0 0 0 0 0 0 0 0 0 0 0 0 0 0 0 0 0 0 0 0 0 0 0 0 0 0 0 0 0 0 0 0 0 0 0 0 0 0 0 0 0 0 0 0 0 0 0 0 0 0 0 0 0 0 0 0 0 0 0 0 0 0 0 0 0 0 0 0 0 0 0 0 0 0 0 0 0 0 0 0 0 0 0 0 0 0 0 0 0 0 0 0 0 0 0 0 0 0 0 0 0 16 0 0 49 100 0 0 1 36 7 0 0 0 0 0 0 0 0 0 2 0 0 0 0 0 0 0 0 0 0 0 120 0 0 0 255 255 255 255 7 0 6 0 0 0 0 0 data 15 0x60007 0x6e7 0x78 0x59f 0xe0007 0x2 0x58 0x59d 0x1e0007 0x59c 0x38 0xe450 0x2d0003 0xe450 0xffffffffffffffe0 oops 0
ciMethod org/eclipse/jdt/launching/internal/org/objectweb/asm/ClassReader readCode (Lorg/eclipse/jdt/launching/internal/org/objectweb/asm/MethodVisitor;Lorg/eclipse/jdt/launching/internal/org/objectweb/asm/Context;I)V 1649 73729 914 0 -1
ciMethod org/eclipse/jdt/launching/internal/org/objectweb/asm/ClassReader readLabel (I[Lorg/eclipse/jdt/launching/internal/org/objectweb/asm/Label;)Lorg/eclipse/jdt/launching/internal/org/objectweb/asm/Label; 4097 1 9539 0 0
ciMethod org/eclipse/jdt/launching/internal/org/objectweb/asm/ClassReader createLabel (I[Lorg/eclipse/jdt/launching/internal/org/objectweb/asm/Label;)Lorg/eclipse/jdt/launching/internal/org/objectweb/asm/Label; 4097 1 4736 0 0
ciMethod org/eclipse/jdt/launching/internal/org/objectweb/asm/ClassReader createDebugLabel (I[Lorg/eclipse/jdt/launching/internal/org/objectweb/asm/Label;)V 4097 1 10915 0 0
ciMethod org/eclipse/jdt/launching/internal/org/objectweb/asm/ClassReader readTypeAnnotations (Lorg/eclipse/jdt/launching/internal/org/objectweb/asm/MethodVisitor;Lorg/eclipse/jdt/launching/internal/org/objectweb/asm/Context;IZ)[I 0 0 1 0 -1
ciMethod org/eclipse/jdt/launching/internal/org/objectweb/asm/ClassReader getTypeAnnotationBytecodeOffset ([II)I 3857 1 1828 0 0
ciMethod org/eclipse/jdt/launching/internal/org/objectweb/asm/ClassReader readTypeAnnotationTarget (Lorg/eclipse/jdt/launching/internal/org/objectweb/asm/Context;I)I 0 0 1 0 -1
ciMethod org/eclipse/jdt/launching/internal/org/objectweb/asm/ClassReader readElementValues (Lorg/eclipse/jdt/launching/internal/org/objectweb/asm/AnnotationVisitor;IZ[C)I 33 1 20 0 -1
ciMethod org/eclipse/jdt/launching/internal/org/objectweb/asm/ClassReader computeImplicitFrame (Lorg/eclipse/jdt/launching/internal/org/objectweb/asm/Context;)V 0 0 1 0 -1
ciMethod org/eclipse/jdt/launching/internal/org/objectweb/asm/ClassReader readStackMapFrame (IZZLorg/eclipse/jdt/launching/internal/org/objectweb/asm/Context;)I 2153 1353 1812 0 -1
ciMethod org/eclipse/jdt/launching/internal/org/objectweb/asm/ClassReader readVerificationTypeInfo (I[Ljava/lang/Object;I[C[Lorg/eclipse/jdt/launching/internal/org/objectweb/asm/Label;)I 4097 1 2112 0 -1
ciMethod org/eclipse/jdt/launching/internal/org/objectweb/asm/ClassReader readAttribute ([Lorg/eclipse/jdt/launching/internal/org/objectweb/asm/Attribute;Ljava/lang/String;II[CI[Lorg/eclipse/jdt/launching/internal/org/objectweb/asm/Label;)Lorg/eclipse/jdt/launching/internal/org/objectweb/asm/Attribute; 0 0 1 0 -1
ciMethod org/eclipse/jdt/launching/internal/org/objectweb/asm/ClassReader readByte (I)I 0 0 1 0 -1
ciMethod org/eclipse/jdt/launching/internal/org/objectweb/asm/ClassReader readUnsignedShort (I)I 29097 1 91426 0 224
ciMethod org/eclipse/jdt/launching/internal/org/objectweb/asm/ClassReader readShort (I)S 4097 1 4621 0 0
ciMethod org/eclipse/jdt/launching/internal/org/objectweb/asm/ClassReader readInt (I)I 4097 1 1987 0 224
ciMethod org/eclipse/jdt/launching/internal/org/objectweb/asm/ClassReader readLong (I)J 17 1 2 0 -1
ciMethod org/eclipse/jdt/launching/internal/org/objectweb/asm/ClassReader readUTF8 (I[C)Ljava/lang/String; 4097 1 35621 0 288
ciMethod org/eclipse/jdt/launching/internal/org/objectweb/asm/ClassReader readUTF (I[C)Ljava/lang/String; 4097 1 23164 0 3168
ciMethod org/eclipse/jdt/launching/internal/org/objectweb/asm/ClassReader readUTF (II[C)Ljava/lang/String; 11609 286977 5277 0 -1
ciMethod org/eclipse/jdt/launching/internal/org/objectweb/asm/ClassReader readStringish (I[C)Ljava/lang/String; 4097 1 9638 0 0
ciMethod org/eclipse/jdt/launching/internal/org/objectweb/asm/ClassReader readClass (I[C)Ljava/lang/String; 4097 1 9638 0 0
ciMethod org/eclipse/jdt/launching/internal/org/objectweb/asm/ClassReader readConst (I[C)Ljava/lang/Object; 1865 1 1484 0 0
ciMethod org/eclipse/jdt/launching/internal/org/objectweb/asm/MethodVisitor visitAttribute (Lorg/eclipse/jdt/launching/internal/org/objectweb/asm/Attribute;)V 0 0 1 0 -1
ciMethod org/eclipse/jdt/launching/internal/org/objectweb/asm/MethodVisitor visitFrame (II[Ljava/lang/Object;I[Ljava/lang/Object;)V 0 0 1 0 -1
ciMethod org/eclipse/jdt/launching/internal/org/objectweb/asm/MethodVisitor visitInsn (I)V 0 0 1 0 -1
ciMethod org/eclipse/jdt/launching/internal/org/objectweb/asm/MethodVisitor visitIntInsn (II)V 0 0 1 0 -1
ciMethod org/eclipse/jdt/launching/internal/org/objectweb/asm/MethodVisitor visitVarInsn (II)V 0 0 1 0 -1
ciMethod org/eclipse/jdt/launching/internal/org/objectweb/asm/MethodVisitor visitTypeInsn (ILjava/lang/String;)V 0 0 1 0 -1
ciMethod org/eclipse/jdt/launching/internal/org/objectweb/asm/MethodVisitor visitFieldInsn (ILjava/lang/String;Ljava/lang/String;Ljava/lang/String;)V 0 0 1 0 -1
ciMethod org/eclipse/jdt/launching/internal/org/objectweb/asm/MethodVisitor visitMethodInsn (ILjava/lang/String;Ljava/lang/String;Ljava/lang/String;Z)V 0 0 1 0 -1
ciMethod org/eclipse/jdt/launching/internal/org/objectweb/asm/MethodVisitor visitInvokeDynamicInsn (Ljava/lang/String;Ljava/lang/String;Lorg/eclipse/jdt/launching/internal/org/objectweb/asm/Handle;[Ljava/lang/Object;)V 0 0 1 0 -1
ciMethod org/eclipse/jdt/launching/internal/org/objectweb/asm/MethodVisitor visitJumpInsn (ILorg/eclipse/jdt/launching/internal/org/objectweb/asm/Label;)V 0 0 1 0 -1
ciMethod org/eclipse/jdt/launching/internal/org/objectweb/asm/MethodVisitor visitLabel (Lorg/eclipse/jdt/launching/internal/org/objectweb/asm/Label;)V 0 0 1 0 -1
ciMethod org/eclipse/jdt/launching/internal/org/objectweb/asm/MethodVisitor visitLdcInsn (Ljava/lang/Object;)V 0 0 1 0 -1
ciMethod org/eclipse/jdt/launching/internal/org/objectweb/asm/MethodVisitor visitIincInsn (II)V 0 0 1 0 -1
ciMethod org/eclipse/jdt/launching/internal/org/objectweb/asm/MethodVisitor visitTableSwitchInsn (IILorg/eclipse/jdt/launching/internal/org/objectweb/asm/Label;[Lorg/eclipse/jdt/launching/internal/org/objectweb/asm/Label;)V 0 0 1 0 -1
ciMethod org/eclipse/jdt/launching/internal/org/objectweb/asm/MethodVisitor visitLookupSwitchInsn (Lorg/eclipse/jdt/launching/internal/org/objectweb/asm/Label;[I[Lorg/eclipse/jdt/launching/internal/org/objectweb/asm/Label;)V 0 0 1 0 -1
ciMethod org/eclipse/jdt/launching/internal/org/objectweb/asm/MethodVisitor visitMultiANewArrayInsn (Ljava/lang/String;I)V 0 0 1 0 -1
ciMethod org/eclipse/jdt/launching/internal/org/objectweb/asm/MethodVisitor visitInsnAnnotation (ILorg/eclipse/jdt/launching/internal/org/objectweb/asm/TypePath;Ljava/lang/String;Z)Lorg/eclipse/jdt/launching/internal/org/objectweb/asm/AnnotationVisitor; 0 0 1 0 -1
ciMethod org/eclipse/jdt/launching/internal/org/objectweb/asm/MethodVisitor visitTryCatchBlock (Lorg/eclipse/jdt/launching/internal/org/objectweb/asm/Label;Lorg/eclipse/jdt/launching/internal/org/objectweb/asm/Label;Lorg/eclipse/jdt/launching/internal/org/objectweb/asm/Label;Ljava/lang/String;)V 0 0 1 0 -1
ciMethod org/eclipse/jdt/launching/internal/org/objectweb/asm/MethodVisitor visitLocalVariable (Ljava/lang/String;Ljava/lang/String;Ljava/lang/String;Lorg/eclipse/jdt/launching/internal/org/objectweb/asm/Label;Lorg/eclipse/jdt/launching/internal/org/objectweb/asm/Label;I)V 0 0 1 0 -1
ciMethod org/eclipse/jdt/launching/internal/org/objectweb/asm/MethodVisitor visitLocalVariableAnnotation (ILorg/eclipse/jdt/launching/internal/org/objectweb/asm/TypePath;[Lorg/eclipse/jdt/launching/internal/org/objectweb/asm/Label;[Lorg/eclipse/jdt/launching/internal/org/objectweb/asm/Label;[ILjava/lang/String;Z)Lorg/eclipse/jdt/launching/internal/org/objectweb/asm/AnnotationVisitor; 0 0 1 0 -1
ciMethod org/eclipse/jdt/launching/internal/org/objectweb/asm/MethodVisitor visitLineNumber (ILorg/eclipse/jdt/launching/internal/org/objectweb/asm/Label;)V 0 0 1 0 -1
ciMethod org/eclipse/jdt/launching/internal/org/objectweb/asm/MethodVisitor visitMaxs (II)V 0 0 1 0 -1
ciMethod org/eclipse/jdt/launching/internal/org/objectweb/asm/MethodWriter visitFrame (II[Ljava/lang/Object;I[Ljava/lang/Object;)V 4097 3281 1812 0 -1
ciMethod org/eclipse/jdt/launching/internal/org/objectweb/asm/MethodWriter visitInsn (I)V 4097 1 6636 0 0
ciMethod org/eclipse/jdt/launching/internal/org/objectweb/asm/MethodWriter visitIntInsn (II)V 3233 1 418 0 0
ciMethod org/eclipse/jdt/launching/internal/org/objectweb/asm/MethodWriter visitVarInsn (II)V 4097 1 9013 0 0
ciMethod org/eclipse/jdt/launching/internal/org/objectweb/asm/MethodWriter visitTypeInsn (ILjava/lang/String;)V 4097 1 1387 0 0
ciMethod org/eclipse/jdt/launching/internal/org/objectweb/asm/MethodWriter visitFieldInsn (ILjava/lang/String;Ljava/lang/String;Ljava/lang/String;)V 2489 1 1129 0 0
ciMethod org/eclipse/jdt/launching/internal/org/objectweb/asm/MethodWriter visitMethodInsn (ILjava/lang/String;Ljava/lang/String;Ljava/lang/String;Z)V 4097 1 4874 0 0
ciMethod org/eclipse/jdt/launching/internal/org/objectweb/asm/MethodWriter visitInvokeDynamicInsn (Ljava/lang/String;Ljava/lang/String;Lorg/eclipse/jdt/launching/internal/org/objectweb/asm/Handle;[Ljava/lang/Object;)V 0 0 1 0 0
ciMethod org/eclipse/jdt/launching/internal/org/objectweb/asm/MethodWriter visitJumpInsn (ILorg/eclipse/jdt/launching/internal/org/objectweb/asm/Label;)V 4097 1 2205 0 0
ciMethod org/eclipse/jdt/launching/internal/org/objectweb/asm/MethodWriter visitLabel (Lorg/eclipse/jdt/launching/internal/org/objectweb/asm/Label;)V 4097 1 7023 0 0
ciMethod org/eclipse/jdt/launching/internal/org/objectweb/asm/MethodWriter visitLdcInsn (Ljava/lang/Object;)V 4097 1 1425 0 0
ciMethod org/eclipse/jdt/launching/internal/org/objectweb/asm/MethodWriter visitIincInsn (II)V 873 1 109 0 0
ciMethod org/eclipse/jdt/launching/internal/org/objectweb/asm/MethodWriter visitTableSwitchInsn (IILorg/eclipse/jdt/launching/internal/org/objectweb/asm/Label;[Lorg/eclipse/jdt/launching/internal/org/objectweb/asm/Label;)V 0 0 1 0 0
ciMethod org/eclipse/jdt/launching/internal/org/objectweb/asm/MethodWriter visitLookupSwitchInsn (Lorg/eclipse/jdt/launching/internal/org/objectweb/asm/Label;[I[Lorg/eclipse/jdt/launching/internal/org/objectweb/asm/Label;)V 0 0 1 0 0
ciMethod org/eclipse/jdt/launching/internal/org/objectweb/asm/MethodWriter visitSwitchInsn (Lorg/eclipse/jdt/launching/internal/org/objectweb/asm/Label;[Lorg/eclipse/jdt/launching/internal/org/objectweb/asm/Label;)V 0 0 1 0 -1
ciMethod org/eclipse/jdt/launching/internal/org/objectweb/asm/MethodWriter visitMultiANewArrayInsn (Ljava/lang/String;I)V 0 0 1 0 0
ciMethod org/eclipse/jdt/launching/internal/org/objectweb/asm/MethodWriter visitTryCatchBlock (Lorg/eclipse/jdt/launching/internal/org/objectweb/asm/Label;Lorg/eclipse/jdt/launching/internal/org/objectweb/asm/Label;Lorg/eclipse/jdt/launching/internal/org/objectweb/asm/Label;Ljava/lang/String;)V 1929 1 237 0 0
ciMethod org/eclipse/jdt/launching/internal/org/objectweb/asm/MethodWriter visitLocalVariable (Ljava/lang/String;Ljava/lang/String;Ljava/lang/String;Lorg/eclipse/jdt/launching/internal/org/objectweb/asm/Label;Lorg/eclipse/jdt/launching/internal/org/objectweb/asm/Label;I)V 4097 1 2751 0 0
ciMethod org/eclipse/jdt/launching/internal/org/objectweb/asm/MethodWriter visitLineNumber (ILorg/eclipse/jdt/launching/internal/org/objectweb/asm/Label;)V 4097 1 5413 0 0
ciMethod org/eclipse/jdt/launching/internal/org/objectweb/asm/MethodWriter visitMaxs (II)V 4097 1 914 0 0
ciMethod org/eclipse/jdt/launching/internal/org/objectweb/asm/MethodWriter computeAllFrames ()V 0 0 1 0 -1
ciMethod org/eclipse/jdt/launching/internal/org/objectweb/asm/MethodWriter computeMaxStackAndLocal ()V 0 0 1 0 -1
ciMethod org/eclipse/jdt/launching/internal/org/objectweb/asm/MethodWriter addSuccessorToCurrentBasicBlock (ILorg/eclipse/jdt/launching/internal/org/objectweb/asm/Label;)V 0 0 1 0 -1
ciMethod org/eclipse/jdt/launching/internal/org/objectweb/asm/MethodWriter endCurrentBasicBlockWithNoSuccessor ()V 0 0 1 0 -1
ciMethod org/eclipse/jdt/launching/internal/org/objectweb/asm/MethodWriter visitFrameStart (III)I 0 0 1 0 -1
ciMethod org/eclipse/jdt/launching/internal/org/objectweb/asm/MethodWriter visitFrameEnd ()V 0 0 1 0 -1
ciMethod org/eclipse/jdt/launching/internal/org/objectweb/asm/MethodWriter putFrameType (Ljava/lang/Object;)V 4097 1 2112 0 -1
ciMethod org/eclipse/jdt/launching/internal/org/objectweb/asm/SymbolTable get (I)Lorg/eclipse/jdt/launching/internal/org/objectweb/asm/SymbolTable$Entry; 4097 1 30768 0 0
ciMethod org/eclipse/jdt/launching/internal/org/objectweb/asm/SymbolTable put (Lorg/eclipse/jdt/launching/internal/org/objectweb/asm/SymbolTable$Entry;)Lorg/eclipse/jdt/launching/internal/org/objectweb/asm/SymbolTable$Entry; 4097 1 7348 0 1280
ciMethod org/eclipse/jdt/launching/internal/org/objectweb/asm/SymbolTable addConstant (Ljava/lang/Object;)Lorg/eclipse/jdt/launching/internal/org/objectweb/asm/Symbol; 4097 1 1484 0 -1
ciMethod org/eclipse/jdt/launching/internal/org/objectweb/asm/SymbolTable addConstantClass (Ljava/lang/String;)Lorg/eclipse/jdt/launching/internal/org/objectweb/asm/Symbol; 4097 1 6106 0 0
ciMethod org/eclipse/jdt/launching/internal/org/objectweb/asm/SymbolTable addConstantFieldref (Ljava/lang/String;Ljava/lang/String;Ljava/lang/String;)Lorg/eclipse/jdt/launching/internal/org/objectweb/asm/Symbol; 2489 1 1129 0 -1
ciMethod org/eclipse/jdt/launching/internal/org/objectweb/asm/SymbolTable addConstantMethodref (Ljava/lang/String;Ljava/lang/String;Ljava/lang/String;Z)Lorg/eclipse/jdt/launching/internal/org/objectweb/asm/Symbol; 4097 1 4874 0 -1
ciMethod org/eclipse/jdt/launching/internal/org/objectweb/asm/SymbolTable addConstantUtf8 (Ljava/lang/String;)I 4097 289 15276 0 5152
ciMethod org/eclipse/jdt/launching/internal/org/objectweb/asm/SymbolTable addConstantInvokeDynamic (Ljava/lang/String;Ljava/lang/String;Lorg/eclipse/jdt/launching/internal/org/objectweb/asm/Handle;[Ljava/lang/Object;)Lorg/eclipse/jdt/launching/internal/org/objectweb/asm/Symbol; 0 0 1 0 -1
ciMethod org/eclipse/jdt/launching/internal/org/objectweb/asm/SymbolTable addConstantUtf8Reference (ILjava/lang/String;)Lorg/eclipse/jdt/launching/internal/org/objectweb/asm/Symbol; 4097 649 7470 0 0
ciMethod org/eclipse/jdt/launching/internal/org/objectweb/asm/SymbolTable hash (ILjava/lang/String;)I 4097 1 22746 0 0
ciMethod org/eclipse/jdt/launching/internal/org/objectweb/asm/Symbol <init> (IILjava/lang/String;Ljava/lang/String;Ljava/lang/String;J)V 4097 1 5639 0 96
ciMethod org/eclipse/jdt/launching/internal/org/objectweb/asm/Symbol getArgumentsAndReturnSizes ()I 1553 1 982 0 -1
ciMethod org/eclipse/jdt/launching/internal/org/objectweb/asm/SymbolTable$Entry <init> (IILjava/lang/String;I)V 4097 1 7706 0 0
ciMethod org/eclipse/jdt/launching/internal/org/objectweb/asm/ByteVector <init> ()V 4097 1 3884 0 0
ciMethod org/eclipse/jdt/launching/internal/org/objectweb/asm/ByteVector putByte (I)Lorg/eclipse/jdt/launching/internal/org/objectweb/asm/ByteVector; 4097 1 5780 0 320
ciMethod org/eclipse/jdt/launching/internal/org/objectweb/asm/ByteVector put11 (II)Lorg/eclipse/jdt/launching/internal/org/objectweb/asm/ByteVector; 3713 1 4853 0 0
ciMethod org/eclipse/jdt/launching/internal/org/objectweb/asm/ByteVector putShort (I)Lorg/eclipse/jdt/launching/internal/org/objectweb/asm/ByteVector; 23745 1 8097 0 384
ciMethod org/eclipse/jdt/launching/internal/org/objectweb/asm/ByteVector put12 (II)Lorg/eclipse/jdt/launching/internal/org/objectweb/asm/ByteVector; 4097 1 10337 0 832
ciMethod org/eclipse/jdt/launching/internal/org/objectweb/asm/ByteVector putInt (I)Lorg/eclipse/jdt/launching/internal/org/objectweb/asm/ByteVector; 4097 1 5367 0 -1
ciMethod org/eclipse/jdt/launching/internal/org/objectweb/asm/ByteVector putUTF8 (Ljava/lang/String;)Lorg/eclipse/jdt/launching/internal/org/objectweb/asm/ByteVector; 11873 292833 5182 0 -1
ciMethod org/eclipse/jdt/launching/internal/org/objectweb/asm/ByteVector putByteArray ([BII)Lorg/eclipse/jdt/launching/internal/org/objectweb/asm/ByteVector; 4097 1 3637 0 -1
ciMethod org/eclipse/jdt/launching/internal/org/objectweb/asm/ByteVector enlarge (I)V 1081 1 1135 0 0
ciMethod org/eclipse/jdt/launching/internal/org/objectweb/asm/Frame setInputFrameFromApiFormat (Lorg/eclipse/jdt/launching/internal/org/objectweb/asm/SymbolTable;I[Ljava/lang/Object;I[Ljava/lang/Object;)V 0 0 1 0 -1
ciMethod org/eclipse/jdt/launching/internal/org/objectweb/asm/Frame execute (IILorg/eclipse/jdt/launching/internal/org/objectweb/asm/Symbol;Lorg/eclipse/jdt/launching/internal/org/objectweb/asm/SymbolTable;)V 0 0 1 0 -1
ciMethod org/eclipse/jdt/launching/internal/org/objectweb/asm/Frame accept (Lorg/eclipse/jdt/launching/internal/org/objectweb/asm/MethodWriter;)V 0 0 1 0 -1
ciMethod org/eclipse/jdt/launching/internal/org/objectweb/asm/Label <init> ()V 4097 1 7024 0 0
ciMethod org/eclipse/jdt/launching/internal/org/objectweb/asm/Label getCanonicalInstance ()Lorg/eclipse/jdt/launching/internal/org/objectweb/asm/Label; 0 0 1 0 -1
ciMethod org/eclipse/jdt/launching/internal/org/objectweb/asm/Label addLineNumber (I)V 4097 1 5413 0 0
ciMethod org/eclipse/jdt/launching/internal/org/objectweb/asm/Label accept (Lorg/eclipse/jdt/launching/internal/org/objectweb/asm/MethodVisitor;Z)V 4097 1 6135 0 0
ciMethod org/eclipse/jdt/launching/internal/org/objectweb/asm/Label put (Lorg/eclipse/jdt/launching/internal/org/objectweb/asm/ByteVector;IZ)V 4097 1 2205 0 -1
ciMethod org/eclipse/jdt/launching/internal/org/objectweb/asm/Label resolve ([BI)Z 4097 625 7023 0 0
ciMethod org/eclipse/jdt/launching/internal/org/objectweb/asm/Type getObjectType (Ljava/lang/String;)Lorg/eclipse/jdt/launching/internal/org/objectweb/asm/Type; 593 1 104 0 -1
ciMethod org/eclipse/jdt/launching/internal/org/objectweb/asm/Type getMethodType (Ljava/lang/String;)Lorg/eclipse/jdt/launching/internal/org/objectweb/asm/Type; 0 0 1 0 -1
ciMethod org/eclipse/jdt/launching/internal/org/objectweb/asm/Type getArgumentsAndReturnSizes (Ljava/lang/String;)I 865 14817 452 0 -1
ciMethod org/eclipse/jdt/launching/internal/org/objectweb/asm/Handler <init> (Lorg/eclipse/jdt/launching/internal/org/objectweb/asm/Label;Lorg/eclipse/jdt/launching/internal/org/objectweb/asm/Label;Lorg/eclipse/jdt/launching/internal/org/objectweb/asm/Label;ILjava/lang/String;)V 1929 1 237 0 -1
ciMethodData org/eclipse/jdt/launching/internal/org/objectweb/asm/ClassReader readUnsignedShort (I)I 2 91426 orig 264 88 115 31 96 0 0 0 0 32 242 90 25 0 0 0 0 40 1 0 0 0 0 0 0 0 0 0 0 0 0 0 0 0 0 0 0 0 0 0 0 0 0 0 0 0 0 0 0 0 0 0 0 0 0 0 0 0 0 0 0 0 0 0 0 0 0 0 0 0 0 0 0 0 0 0 0 0 0 0 0 77 68 79 32 101 120 116 114 97 32 100 97 116 97 32 108 111 99 107 0 0 0 0 0 0 0 0 0 0 0 0 0 0 0 0 0 0 0 0 0 0 0 0 0 0 0 0 0 0 0 0 0 0 0 0 0 0 0 0 0 0 0 0 0 0 0 0 0 0 0 0 0 0 0 0 0 0 0 0 0 0 0 0 0 0 0 0 0 0 0 0 0 0 0 0 0 0 0 0 0 0 0 0 0 0 0 0 0 0 0 0 0 0 0 0 0 0 0 0 0 0 0 0 0 0 0 0 0 0 0 0 0 0 0 0 0 0 2 0 0 105 183 10 0 1 0 0 0 0 0 0 0 0 0 0 0 2 0 0 0 0 0 3 0 1 0 0 0 0 0 0 0 255 255 255 255 0 0 0 0 0 0 0 0 data 0 oops 0
ciMethodData org/eclipse/jdt/launching/internal/org/objectweb/asm/ByteVector putShort (I)Lorg/eclipse/jdt/launching/internal/org/objectweb/asm/ByteVector; 2 8097 orig 264 88 115 31 96 0 0 0 0 192 188 92 25 0 0 0 0 88 1 0 0 0 0 0 0 0 0 0 0 0 0 0 0 0 0 0 0 0 0 0 0 0 0 0 0 0 0 0 0 0 0 0 0 0 0 0 0 0 0 0 0 0 0 0 0 0 0 0 0 0 0 0 0 0 0 0 0 0 0 0 0 77 68 79 32 101 120 116 114 97 32 100 97 116 97 32 108 111 99 107 0 0 0 0 0 0 0 0 0 0 0 0 0 0 0 0 0 0 0 0 0 0 0 0 0 0 0 0 0 0 0 0 0 0 0 0 0 0 0 0 0 0 0 0 0 0 0 0 0 0 0 0 0 0 0 0 0 0 0 0 0 0 0 0 0 0 0 0 0 0 0 0 0 0 0 0 0 0 0 0 0 0 0 0 0 0 0 0 0 0 0 0 0 0 0 0 0 0 0 0 0 0 0 0 0 0 0 0 0 0 0 0 0 0 0 0 0 0 2 0 0 73 160 0 0 1 0 0 0 0 0 0 0 0 0 0 0 2 0 0 0 0 0 6 0 2 0 0 0 48 0 0 0 255 255 255 255 7 0 13 0 0 0 0 0 data 6 0xd0007 0x1402 0x30 0x7 0x120002 0x7 oops 0
ciMethodData org/eclipse/jdt/launching/internal/org/objectweb/asm/SymbolTable get (I)Lorg/eclipse/jdt/launching/internal/org/objectweb/asm/SymbolTable$Entry; 2 30768 orig 264 88 115 31 96 0 0 0 0 232 100 92 25 0 0 0 0 40 1 0 0 0 0 0 0 0 0 0 0 0 0 0 0 0 0 0 0 0 0 0 0 0 0 0 0 0 0 0 0 0 0 0 0 0 0 0 0 0 0 0 0 0 0 0 0 0 0 0 0 0 0 0 0 0 0 0 0 0 0 0 0 77 68 79 32 101 120 116 114 97 32 100 97 116 97 32 108 111 99 107 0 0 0 0 0 0 0 0 0 0 0 0 0 0 0 0 0 0 0 0 0 0 0 0 0 0 0 0 0 0 0 0 0 0 0 0 0 0 0 0 0 0 0 0 0 0 0 0 0 0 0 0 0 0 0 0 0 0 0 0 0 0 0 0 0 0 0 0 0 0 0 0 0 0 0 0 0 0 0 0 0 0 0 0 0 0 0 0 0 0 0 0 0 0 0 0 0 0 0 0 0 0 0 0 0 0 0 0 0 0 0 0 0 0 0 0 0 0 2 0 0 129 177 3 0 1 0 0 0 0 0 0 0 0 0 0 0 2 0 0 0 0 0 3 0 1 0 0 0 0 0 0 0 255 255 255 255 0 0 0 0 0 0 0 0 data 0 oops 0
ciMethodData org/eclipse/jdt/launching/internal/org/objectweb/asm/SymbolTable hash (ILjava/lang/String;)I 2 22746 orig 264 88 115 31 96 0 0 0 0 112 144 92 25 0 0 0 0 128 1 0 0 0 0 0 0 0 0 0 0 0 0 0 0 0 0 0 0 0 0 0 0 0 0 0 0 0 0 0 0 0 0 0 0 0 0 0 0 0 0 0 0 0 0 0 0 0 0 0 0 0 0 0 0 0 0 0 0 0 0 0 0 77 68 79 32 101 120 116 114 97 32 100 97 116 97 32 108 111 99 107 0 0 0 0 0 0 0 0 0 0 0 0 0 0 0 0 0 0 0 0 0 0 0 0 0 0 0 0 0 0 0 0 0 0 0 0 0 0 0 0 0 0 0 0 0 0 0 0 0 0 0 0 0 0 0 0 0 0 0 0 0 0 0 0 0 0 0 0 0 0 0 0 0 0 0 0 0 0 0 0 0 0 0 0 0 0 0 0 0 0 0 0 0 0 0 0 0 0 0 0 0 0 0 0 0 0 0 0 0 0 0 0 0 0 0 0 0 0 2 0 0 209 182 2 0 1 0 0 0 0 0 0 0 0 0 0 0 2 0 0 0 0 0 3 0 2 0 0 0 48 0 0 0 255 255 255 255 5 0 4 0 0 0 0 0 data 6 0x40005 0xcdb 0x1b16fc50 0x49ff 0x0 0x0 oops 1